TN:
SF:src/background/service-worker.js
FN:7,(anonymous_0)
FN:30,initializeSettings
FN:67,createContextMenus
FN:69,(anonymous_3)
FN:136,(anonymous_4)
FN:183,handleEnableTextSelection
FN:206,handlePreviewLink
FN:220,handleExtractImages
FN:240,(anonymous_8)
FN:250,handleMessage
FN:294,getSettings
FN:307,updateSettings
FN:320,(anonymous_12)
FN:330,(anonymous_13)
FNF:14
FNH:0
FNDA:0,(anonymous_0)
FNDA:0,initializeSettings
FNDA:0,createContextMenus
FNDA:0,(anonymous_3)
FNDA:0,(anonymous_4)
FNDA:0,handleEnableTextSelection
FNDA:0,handlePreviewLink
FNDA:0,handleExtractImages
FNDA:0,(anonymous_8)
FNDA:0,handleMessage
FNDA:0,getSettings
FNDA:0,updateSettings
FNDA:0,(anonymous_12)
FNDA:0,(anonymous_13)
DA:7,0
DA:8,0
DA:11,0
DA:14,0
DA:17,0
DA:18,0
DA:31,0
DA:32,0
DA:34,0
DA:35,0
DA:56,0
DA:57,0
DA:60,0
DA:69,0
DA:71,0
DA:78,0
DA:86,0
DA:93,0
DA:101,0
DA:108,0
DA:116,0
DA:124,0
DA:136,0
DA:137,0
DA:139,0
DA:140,0
DA:142,0
DA:143,0
DA:146,0
DA:147,0
DA:148,0
DA:155,0
DA:158,0
DA:159,0
DA:162,0
DA:163,0
DA:166,0
DA:167,0
DA:169,0
DA:172,0
DA:173,0
DA:176,0
DA:184,0
DA:185,0
DA:191,0
DA:192,0
DA:199,0
DA:207,0
DA:208,0
DA:213,0
DA:221,0
DA:222,0
DA:226,0
DA:227,0
DA:230,0
DA:233,0
DA:240,0
DA:241,0
DA:243,0
DA:244,0
DA:251,0
DA:252,0
DA:254,0
DA:256,0
DA:257,0
DA:258,0
DA:261,0
DA:262,0
DA:263,0
DA:266,0
DA:272,0
DA:273,0
DA:276,0
DA:277,0
DA:279,0
DA:280,0
DA:283,0
DA:286,0
DA:287,0
DA:295,0
DA:296,0
DA:297,0
DA:299,0
DA:300,0
DA:308,0
DA:309,0
DA:310,0
DA:312,0
DA:313,0
DA:320,0
DA:322,0
DA:323,0
DA:330,0
DA:332,0
DA:333,0
DA:335,0
DA:339,0
LF:97
LH:0
BRDA:17,0,0,0
BRDA:17,0,1,0
BRDA:34,1,0,0
BRDA:34,1,1,0
BRDA:140,2,0,0
BRDA:140,2,1,0
BRDA:140,2,2,0
BRDA:140,2,3,0
BRDA:140,2,4,0
BRDA:140,2,5,0
BRDA:146,3,0,0
BRDA:146,3,1,0
BRDA:152,4,0,0
BRDA:152,4,1,0
BRDA:166,5,0,0
BRDA:166,5,1,0
BRDA:226,6,0,0
BRDA:226,6,1,0
BRDA:226,7,0,0
BRDA:226,7,1,0
BRDA:254,8,0,0
BRDA:254,8,1,0
BRDA:254,8,2,0
BRDA:254,8,3,0
BRDA:254,8,4,0
BRDA:269,9,0,0
BRDA:269,9,1,0
BRDA:276,10,0,0
BRDA:276,10,1,0
BRDA:297,11,0,0
BRDA:297,11,1,0
BRDA:322,12,0,0
BRDA:322,12,1,0
BRDA:322,13,0,0
BRDA:322,13,1,0
BRF:35
BRH:0
end_of_record
TN:
SF:src/content/link-rewriter.ts
FN:25,(anonymous_0)
FN:30,(anonymous_1)
FN:48,(anonymous_2)
FN:76,(anonymous_3)
FN:78,(anonymous_4)
FN:81,(anonymous_5)
FN:83,(anonymous_6)
FN:92,(anonymous_7)
FN:127,(anonymous_8)
FN:131,(anonymous_9)
FN:133,(anonymous_10)
FN:152,(anonymous_11)
FN:165,(anonymous_12)
FN:168,(anonymous_13)
FN:176,(anonymous_14)
FN:191,(anonymous_15)
FN:201,(anonymous_16)
FN:203,(anonymous_17)
FN:207,(anonymous_18)
FN:215,(anonymous_19)
FN:219,(anonymous_20)
FN:223,(anonymous_21)
FN:238,(anonymous_22)
FN:252,(anonymous_23)
FN:298,(anonymous_24)
FN:305,(anonymous_25)
FN:337,(anonymous_26)
FN:344,(anonymous_27)
FN:361,(anonymous_28)
FN:382,(anonymous_29)
FN:398,(anonymous_30)
FN:421,(anonymous_31)
FN:422,(anonymous_32)
FN:425,(anonymous_33)
FN:430,(anonymous_34)
FN:442,(anonymous_35)
FN:443,(anonymous_36)
FN:445,(anonymous_37)
FN:455,(anonymous_38)
FN:463,(anonymous_39)
FN:476,(anonymous_40)
FN:488,(anonymous_41)
FN:490,(anonymous_42)
FN:511,(anonymous_43)
FN:526,(anonymous_44)
FNF:45
FNH:38
FNDA:31,(anonymous_0)
FNDA:31,(anonymous_1)
FNDA:1,(anonymous_2)
FNDA:31,(anonymous_3)
FNDA:58,(anonymous_4)
FNDA:1,(anonymous_5)
FNDA:2,(anonymous_6)
FNDA:65,(anonymous_7)
FNDA:62,(anonymous_8)
FNDA:62,(anonymous_9)
FNDA:4,(anonymous_10)
FNDA:63,(anonymous_11)
FNDA:64,(anonymous_12)
FNDA:6,(anonymous_13)
FNDA:34,(anonymous_14)
FNDA:34,(anonymous_15)
FNDA:4,(anonymous_16)
FNDA:0,(anonymous_17)
FNDA:0,(anonymous_18)
FNDA:1,(anonymous_19)
FNDA:1,(anonymous_20)
FNDA:36,(anonymous_21)
FNDA:4,(anonymous_22)
FNDA:7,(anonymous_23)
FNDA:2,(anonymous_24)
FNDA:3,(anonymous_25)
FNDA:0,(anonymous_26)
FNDA:3,(anonymous_27)
FNDA:1,(anonymous_28)
FNDA:2,(anonymous_29)
FNDA:6,(anonymous_30)
FNDA:31,(anonymous_31)
FNDA:2,(anonymous_32)
FNDA:1,(anonymous_33)
FNDA:0,(anonymous_34)
FNDA:1,(anonymous_35)
FNDA:1,(anonymous_36)
FNDA:1,(anonymous_37)
FNDA:0,(anonymous_38)
FNDA:0,(anonymous_39)
FNDA:1,(anonymous_40)
FNDA:2,(anonymous_41)
FNDA:4,(anonymous_42)
FNDA:0,(anonymous_43)
FNDA:1,(anonymous_44)
DA:18,1
DA:20,31
DA:21,31
DA:22,31
DA:23,31
DA:26,31
DA:27,31
DA:31,31
DA:34,31
DA:37,31
DA:40,31
DA:43,31
DA:44,4
DA:49,1
DA:51,1
DA:53,0
DA:54,0
DA:55,0
DA:56,0
DA:58,0
DA:59,0
DA:60,0
DA:62,0
DA:64,0
DA:65,0
DA:67,1
DA:68,1
DA:69,1
DA:71,0
DA:72,0
DA:77,31
DA:78,58
DA:83,1
DA:84,2
DA:86,1
DA:89,1
DA:93,65
DA:95,63
DA:96,63
DA:97,62
DA:98,62
DA:101,62
DA:104,62
DA:107,62
DA:109,32
DA:110,32
DA:112,4
DA:113,4
DA:116,26
DA:119,62
DA:123,1
DA:128,62
DA:133,62
DA:134,4
DA:136,62
DA:137,0
DA:141,62
DA:142,32
DA:145,30
DA:146,4
DA:149,26
DA:153,63
DA:154,63
DA:155,63
DA:157,63
DA:158,1
DA:166,64
DA:167,64
DA:168,64
DA:169,6
DA:172,0
DA:178,34
DA:179,1
DA:181,34
DA:182,1
DA:186,34
DA:189,34
DA:190,34
DA:191,34
DA:192,34
DA:193,34
DA:194,34
DA:197,34
DA:203,4
DA:204,0
DA:207,4
DA:208,0
DA:212,4
DA:216,1
DA:220,1
DA:224,36
DA:226,35
DA:227,35
DA:228,35
DA:229,35
DA:235,35
DA:239,4
DA:241,4
DA:242,4
DA:243,4
DA:244,4
DA:249,4
DA:253,7
DA:255,7
DA:256,7
DA:257,7
DA:273,7
DA:274,7
DA:275,7
DA:282,7
DA:283,7
DA:284,7
DA:285,7
DA:293,7
DA:294,7
DA:295,7
DA:299,2
DA:300,1
DA:301,1
DA:306,3
DA:308,3
DA:309,3
DA:311,3
DA:314,3
DA:315,3
DA:317,3
DA:318,3
DA:319,3
DA:322,3
DA:323,3
DA:324,0
DA:327,3
DA:329,3
DA:330,1
DA:332,2
DA:333,2
DA:338,0
DA:339,0
DA:340,0
DA:346,3
DA:348,3
DA:354,1
DA:355,0
DA:358,1
DA:362,1
DA:364,1
DA:365,1
DA:366,0
DA:383,2
DA:385,2
DA:386,2
DA:387,0
DA:400,6
DA:401,0
DA:402,0
DA:404,6
DA:407,6
DA:408,0
DA:409,0
DA:411,6
DA:415,6
DA:416,6
DA:417,6
DA:418,6
DA:422,31
DA:424,2
DA:425,2
DA:426,1
DA:430,0
DA:431,0
DA:436,31
DA:443,1
DA:444,1
DA:445,1
DA:446,1
DA:447,1
DA:450,1
DA:451,1
DA:454,0
DA:455,0
DA:464,0
DA:465,0
DA:466,0
DA:468,0
DA:477,1
DA:478,1
DA:481,1
DA:482,0
DA:483,1
DA:484,0
DA:490,2
DA:491,4
DA:493,2
DA:496,2
DA:497,2
DA:498,2
DA:502,2
DA:505,2
DA:510,1
DA:511,0
DA:512,0
DA:513,0
DA:520,0
DA:521,0
DA:526,1
DA:527,1
DA:534,1
DA:535,1
LF:208
LH:166
BRDA:43,0,0,4
BRDA:51,1,0,0
BRDA:51,1,1,0
BRDA:51,1,2,1
BRDA:51,1,3,0
BRDA:59,2,0,0
BRDA:59,2,1,0
BRDA:93,3,0,2
BRDA:93,4,0,65
BRDA:93,4,1,65
BRDA:101,5,0,32
BRDA:101,5,1,30
BRDA:107,6,0,32
BRDA:107,6,1,4
BRDA:107,6,2,26
BRDA:136,7,0,0
BRDA:141,8,0,32
BRDA:141,9,0,62
BRDA:141,9,1,62
BRDA:145,10,0,4
BRDA:157,11,0,1
BRDA:178,12,0,1
BRDA:181,13,0,1
BRDA:189,14,0,34
BRDA:190,15,0,34
BRDA:190,15,1,33
BRDA:192,16,0,34
BRDA:193,17,0,34
BRDA:224,18,0,1
BRDA:239,19,0,0
BRDA:253,20,0,0
BRDA:299,21,0,1
BRDA:306,22,0,0
BRDA:309,23,0,0
BRDA:323,24,0,0
BRDA:338,25,0,0
BRDA:354,26,0,0
BRDA:362,27,0,0
BRDA:365,28,0,0
BRDA:369,29,0,0
BRDA:369,29,1,0
BRDA:372,30,0,0
BRDA:372,30,1,0
BRDA:375,31,0,0
BRDA:375,31,1,0
BRDA:383,32,0,0
BRDA:386,33,0,0
BRDA:400,34,0,0
BRDA:400,34,1,6
BRDA:407,35,0,0
BRDA:407,35,1,6
BRDA:424,36,0,2
BRDA:424,36,1,0
BRDA:444,37,0,1
BRDA:446,38,0,1
BRDA:450,39,0,1
BRDA:450,39,1,0
BRDA:450,40,0,1
BRDA:450,40,1,1
BRDA:481,41,0,0
BRDA:481,41,1,1
BRDA:481,42,0,1
BRDA:481,42,1,0
BRDA:483,43,0,0
BRDA:483,44,0,1
BRDA:483,44,1,1
BRDA:496,45,0,2
BRDA:510,46,0,0
BRDA:510,46,1,1
BRDA:513,47,0,0
BRDA:513,47,1,0
BRDA:520,48,0,0
BRDA:527,49,0,1
BRDA:527,49,1,1
BRDA:534,50,0,1
BRF:75
BRH:41
end_of_record
TN:
SF:src/content/main-simple.js
FN:37,initializeExtension
FN:96,(anonymous_1)
FN:107,(anonymous_2)
FN:118,(anonymous_3)
FN:125,(anonymous_4)
FN:158,(anonymous_5)
FN:258,(anonymous_6)
FN:268,enableFeishuSpecialHandling
FN:300,(anonymous_8)
FN:302,(anonymous_9)
FN:440,(anonymous_10)
FN:447,(anonymous_11)
FN:449,(anonymous_12)
FN:450,(anonymous_13)
FN:451,(anonymous_14)
FN:452,(anonymous_15)
FN:453,(anonymous_16)
FN:454,(anonymous_17)
FN:455,(anonymous_18)
FN:470,(anonymous_19)
FN:486,(anonymous_20)
FN:487,(anonymous_21)
FN:490,(anonymous_22)
FN:512,(anonymous_23)
FN:513,(anonymous_24)
FN:515,(anonymous_25)
FN:518,(anonymous_26)
FN:523,(anonymous_27)
FN:531,(anonymous_28)
FN:555,(anonymous_29)
FN:556,(anonymous_30)
FN:558,(anonymous_31)
FN:573,(anonymous_32)
FN:574,(anonymous_33)
FN:576,(anonymous_34)
FN:581,(anonymous_35)
FN:594,debugLinkHandling
FN:606,(anonymous_37)
FN:628,enableTargetBlankMode
FN:659,markAllLinksWithTarget
FN:665,(anonymous_40)
FN:698,(anonymous_41)
FN:715,removeTargetBlankFromLinks
FN:721,(anonymous_43)
FN:761,startTargetBlankObserver
FN:765,(anonymous_45)
FN:768,(anonymous_46)
FN:770,(anonymous_47)
FN:805,stopTargetBlankObserver
FN:816,cleanup
FN:820,(anonymous_50)
FN:864,(anonymous_51)
FN:879,(anonymous_52)
FN:885,(anonymous_53)
FN:890,(anonymous_54)
FN:929,enableTextSelection
FN:1028,(anonymous_56)
FN:1042,disableTextSelection
FN:1059,restoreRightClick
FN:1068,(anonymous_59)
FN:1097,restoreKeyboardShortcuts
FN:1114,(anonymous_61)
FN:1130,removeElementSelectRestrictions
FN:1159,extractImagesFromPage
FN:1167,(anonymous_64)
FN:1185,(anonymous_65)
FN:1192,(anonymous_66)
FN:1218,extractVideosFromPage
FN:1226,(anonymous_68)
FN:1244,(anonymous_69)
FN:1269,extractAudioFromPage
FN:1277,(anonymous_71)
FN:1293,(anonymous_72)
FNF:73
FNH:0
FNDA:0,initializeExtension
FNDA:0,(anonymous_1)
FNDA:0,(anonymous_2)
FNDA:0,(anonymous_3)
FNDA:0,(anonymous_4)
FNDA:0,(anonymous_5)
FNDA:0,(anonymous_6)
FNDA:0,enableFeishuSpecialHandling
FNDA:0,(anonymous_8)
FNDA:0,(anonymous_9)
FNDA:0,(anonymous_10)
FNDA:0,(anonymous_11)
FNDA:0,(anonymous_12)
FNDA:0,(anonymous_13)
FNDA:0,(anonymous_14)
FNDA:0,(anonymous_15)
FNDA:0,(anonymous_16)
FNDA:0,(anonymous_17)
FNDA:0,(anonymous_18)
FNDA:0,(anonymous_19)
FNDA:0,(anonymous_20)
FNDA:0,(anonymous_21)
FNDA:0,(anonymous_22)
FNDA:0,(anonymous_23)
FNDA:0,(anonymous_24)
FNDA:0,(anonymous_25)
FNDA:0,(anonymous_26)
FNDA:0,(anonymous_27)
FNDA:0,(anonymous_28)
FNDA:0,(anonymous_29)
FNDA:0,(anonymous_30)
FNDA:0,(anonymous_31)
FNDA:0,(anonymous_32)
FNDA:0,(anonymous_33)
FNDA:0,(anonymous_34)
FNDA:0,(anonymous_35)
FNDA:0,debugLinkHandling
FNDA:0,(anonymous_37)
FNDA:0,enableTargetBlankMode
FNDA:0,markAllLinksWithTarget
FNDA:0,(anonymous_40)
FNDA:0,(anonymous_41)
FNDA:0,removeTargetBlankFromLinks
FNDA:0,(anonymous_43)
FNDA:0,startTargetBlankObserver
FNDA:0,(anonymous_45)
FNDA:0,(anonymous_46)
FNDA:0,(anonymous_47)
FNDA:0,stopTargetBlankObserver
FNDA:0,cleanup
FNDA:0,(anonymous_50)
FNDA:0,(anonymous_51)
FNDA:0,(anonymous_52)
FNDA:0,(anonymous_53)
FNDA:0,(anonymous_54)
FNDA:0,enableTextSelection
FNDA:0,(anonymous_56)
FNDA:0,disableTextSelection
FNDA:0,restoreRightClick
FNDA:0,(anonymous_59)
FNDA:0,restoreKeyboardShortcuts
FNDA:0,(anonymous_61)
FNDA:0,removeElementSelectRestrictions
FNDA:0,extractImagesFromPage
FNDA:0,(anonymous_64)
FNDA:0,(anonymous_65)
FNDA:0,(anonymous_66)
FNDA:0,extractVideosFromPage
FNDA:0,(anonymous_68)
FNDA:0,(anonymous_69)
FNDA:0,extractAudioFromPage
FNDA:0,(anonymous_71)
FNDA:0,(anonymous_72)
DA:5,0
DA:6,0
DA:7,0
DA:10,0
DA:11,0
DA:13,0
DA:14,0
DA:17,0
DA:20,0
DA:23,0
DA:24,0
DA:25,0
DA:26,0
DA:27,0
DA:30,0
DA:32,0
DA:38,0
DA:39,0
DA:42,0
DA:43,0
DA:45,0
DA:48,0
DA:50,0
DA:51,0
DA:52,0
DA:56,0
DA:57,0
DA:58,0
DA:62,0
DA:63,0
DA:64,0
DA:69,0
DA:70,0
DA:71,0
DA:72,0
DA:75,0
DA:76,0
DA:77,0
DA:80,0
DA:81,0
DA:82,0
DA:86,0
DA:89,0
DA:94,0
DA:95,0
DA:96,0
DA:97,0
DA:101,0
DA:107,0
DA:108,0
DA:109,0
DA:110,0
DA:113,0
DA:117,0
DA:118,0
DA:119,0
DA:122,0
DA:125,0
DA:126,0
DA:128,0
DA:129,0
DA:131,0
DA:134,0
DA:135,0
DA:139,0
DA:150,0
DA:151,0
DA:152,0
DA:156,0
DA:157,0
DA:158,0
DA:159,0
DA:160,0
DA:161,0
DA:163,0
DA:167,0
DA:172,0
DA:173,0
DA:174,0
DA:178,0
DA:180,0
DA:182,0
DA:184,0
DA:185,0
DA:189,0
DA:190,0
DA:191,0
DA:195,0
DA:196,0
DA:197,0
DA:201,0
DA:202,0
DA:203,0
DA:207,0
DA:208,0
DA:209,0
DA:210,0
DA:214,0
DA:215,0
DA:216,0
DA:217,0
DA:221,0
DA:222,0
DA:223,0
DA:224,0
DA:228,0
DA:229,0
DA:230,0
DA:234,0
DA:235,0
DA:236,0
DA:240,0
DA:241,0
DA:242,0
DA:245,0
DA:246,0
DA:250,0
DA:251,0
DA:254,0
DA:257,0
DA:258,0
DA:259,0
DA:262,0
DA:263,0
DA:269,0
DA:272,0
DA:300,0
DA:301,0
DA:302,0
DA:304,0
DA:305,0
DA:306,0
DA:307,0
DA:308,0
DA:309,0
DA:312,0
DA:313,0
DA:314,0
DA:315,0
DA:316,0
DA:317,0
DA:318,0
DA:319,0
DA:322,0
DA:323,0
DA:324,0
DA:325,0
DA:330,0
DA:331,0
DA:332,0
DA:413,0
DA:416,0
DA:417,0
DA:418,0
DA:419,0
DA:420,0
DA:421,0
DA:422,0
DA:423,0
DA:426,0
DA:427,0
DA:428,0
DA:429,0
DA:430,0
DA:431,0
DA:432,0
DA:433,0
DA:434,0
DA:438,0
DA:439,0
DA:440,0
DA:441,0
DA:442,0
DA:444,0
DA:446,0
DA:447,0
DA:451,0
DA:468,0
DA:469,0
DA:470,0
DA:471,0
DA:472,0
DA:474,0
DA:475,0
DA:481,0
DA:486,0
DA:487,0
DA:489,0
DA:490,0
DA:491,0
DA:492,0
DA:494,0
DA:498,0
DA:499,0
DA:500,0
DA:501,0
DA:504,0
DA:505,0
DA:512,0
DA:513,0
DA:514,0
DA:515,0
DA:516,0
DA:518,0
DA:519,0
DA:520,0
DA:522,0
DA:523,0
DA:524,0
DA:529,0
DA:530,0
DA:531,0
DA:532,0
DA:533,0
DA:535,0
DA:539,0
DA:541,0
DA:547,0
DA:555,0
DA:556,0
DA:557,0
DA:558,0
DA:559,0
DA:564,0
DA:565,0
DA:566,0
DA:567,0
DA:568,0
DA:573,0
DA:574,0
DA:575,0
DA:576,0
DA:577,0
DA:578,0
DA:581,0
DA:582,0
DA:588,0
DA:595,0
DA:596,0
DA:597,0
DA:599,0
DA:600,0
DA:602,0
DA:603,0
DA:606,0
DA:607,0
DA:608,0
DA:619,0
DA:623,0
DA:629,0
DA:631,0
DA:633,0
DA:636,0
DA:639,0
DA:641,0
DA:644,0
DA:647,0
DA:650,0
DA:652,0
DA:660,0
DA:661,0
DA:662,0
DA:663,0
DA:665,0
DA:666,0
DA:667,0
DA:668,0
DA:671,0
DA:673,0
DA:674,0
DA:677,0
DA:678,0
DA:683,0
DA:684,0
DA:688,0
DA:689,0
DA:693,0
DA:696,0
DA:697,0
DA:698,0
DA:699,0
DA:700,0
DA:701,0
DA:709,0
DA:717,0
DA:718,0
DA:719,0
DA:721,0
DA:723,0
DA:724,0
DA:727,0
DA:728,0
DA:729,0
DA:731,0
DA:733,0
DA:737,0
DA:738,0
DA:741,0
DA:742,0
DA:743,0
DA:745,0
DA:747,0
DA:751,0
DA:752,0
DA:755,0
DA:763,0
DA:765,0
DA:766,0
DA:768,0
DA:769,0
DA:770,0
DA:771,0
DA:773,0
DA:774,0
DA:775,0
DA:776,0
DA:777,0
DA:778,0
DA:787,0
DA:788,0
DA:789,0
DA:794,0
DA:799,0
DA:806,0
DA:807,0
DA:808,0
DA:809,0
DA:817,0
DA:820,0
DA:821,0
DA:822,0
DA:824,0
DA:827,0
DA:830,0
DA:833,0
DA:834,0
DA:835,0
DA:839,0
DA:840,0
DA:841,0
DA:842,0
DA:845,0
DA:846,0
DA:847,0
DA:850,0
DA:851,0
DA:852,0
DA:856,0
DA:864,0
DA:865,0
DA:866,0
DA:867,0
DA:871,0
DA:875,0
DA:878,0
DA:879,0
DA:880,0
DA:884,0
DA:885,0
DA:886,0
DA:890,0
DA:891,0
DA:892,0
DA:894,0
DA:895,0
DA:896,0
DA:901,0
DA:902,0
DA:905,0
DA:906,0
DA:914,0
DA:916,0
DA:920,0
DA:923,0
DA:924,0
DA:930,0
DA:933,0
DA:934,0
DA:935,0
DA:939,0
DA:940,0
DA:941,0
DA:1013,0
DA:1016,0
DA:1028,0
DA:1029,0
DA:1033,0
DA:1034,0
DA:1036,0
DA:1043,0
DA:1046,0
DA:1047,0
DA:1048,0
DA:1049,0
DA:1053,0
DA:1060,0
DA:1063,0
DA:1064,0
DA:1067,0
DA:1068,0
DA:1069,0
DA:1070,0
DA:1074,0
DA:1075,0
DA:1076,0
DA:1079,0
DA:1080,0
DA:1081,0
DA:1088,0
DA:1090,0
DA:1091,0
DA:1098,0
DA:1101,0
DA:1102,0
DA:1103,0
DA:1106,0
DA:1107,0
DA:1108,0
DA:1109,0
DA:1113,0
DA:1114,0
DA:1115,0
DA:1116,0
DA:1117,0
DA:1118,0
DA:1119,0
DA:1120,0
DA:1123,0
DA:1124,0
DA:1131,0
DA:1132,0
DA:1136,0
DA:1137,0
DA:1138,0
DA:1139,0
DA:1140,0
DA:1143,0
DA:1144,0
DA:1145,0
DA:1146,0
DA:1147,0
DA:1150,0
DA:1151,0
DA:1152,0
DA:1153,0
DA:1160,0
DA:1162,0
DA:1163,0
DA:1166,0
DA:1167,0
DA:1168,0
DA:1169,0
DA:1170,0
DA:1171,0
DA:1184,0
DA:1185,0
DA:1186,0
DA:1187,0
DA:1189,0
DA:1190,0
DA:1191,0
DA:1192,0
DA:1193,0
DA:1194,0
DA:1195,0
DA:1196,0
DA:1211,0
DA:1212,0
DA:1219,0
DA:1221,0
DA:1222,0
DA:1225,0
DA:1226,0
DA:1227,0
DA:1228,0
DA:1229,0
DA:1230,0
DA:1243,0
DA:1244,0
DA:1245,0
DA:1246,0
DA:1247,0
DA:1248,0
DA:1262,0
DA:1263,0
DA:1270,0
DA:1272,0
DA:1273,0
DA:1276,0
DA:1277,0
DA:1278,0
DA:1279,0
DA:1280,0
DA:1281,0
DA:1292,0
DA:1293,0
DA:1294,0
DA:1295,0
DA:1296,0
DA:1297,0
DA:1309,0
DA:1310,0
LF:502
LH:0
BRDA:10,0,0,0
BRDA:10,0,1,0
BRDA:13,1,0,0
BRDA:13,1,1,0
BRDA:43,2,0,0
BRDA:43,2,1,0
BRDA:48,3,0,0
BRDA:48,3,1,0
BRDA:48,4,0,0
BRDA:48,4,1,0
BRDA:50,5,0,0
BRDA:50,5,1,0
BRDA:56,6,0,0
BRDA:56,6,1,0
BRDA:62,7,0,0
BRDA:62,7,1,0
BRDA:69,8,0,0
BRDA:69,8,1,0
BRDA:69,9,0,0
BRDA:69,9,1,0
BRDA:70,10,0,0
BRDA:70,10,1,0
BRDA:75,11,0,0
BRDA:75,11,1,0
BRDA:80,12,0,0
BRDA:80,12,1,0
BRDA:94,13,0,0
BRDA:94,13,1,0
BRDA:108,14,0,0
BRDA:108,14,1,0
BRDA:108,15,0,0
BRDA:108,15,1,0
BRDA:109,16,0,0
BRDA:109,16,1,0
BRDA:131,17,0,0
BRDA:131,17,1,0
BRDA:131,17,2,0
BRDA:131,17,3,0
BRDA:131,17,4,0
BRDA:131,17,5,0
BRDA:131,17,6,0
BRDA:131,17,7,0
BRDA:131,17,8,0
BRDA:131,17,9,0
BRDA:131,17,10,0
BRDA:131,17,11,0
BRDA:131,17,12,0
BRDA:131,17,13,0
BRDA:131,17,14,0
BRDA:131,17,15,0
BRDA:131,17,16,0
BRDA:131,17,17,0
BRDA:131,17,18,0
BRDA:131,17,19,0
BRDA:131,17,20,0
BRDA:131,17,21,0
BRDA:131,17,22,0
BRDA:131,17,23,0
BRDA:131,17,24,0
BRDA:131,17,25,0
BRDA:180,18,0,0
BRDA:180,18,1,0
BRDA:180,19,0,0
BRDA:180,19,1,0
BRDA:426,20,0,0
BRDA:426,20,1,0
BRDA:438,21,0,0
BRDA:438,21,1,0
BRDA:468,22,0,0
BRDA:468,22,1,0
BRDA:498,23,0,0
BRDA:498,23,1,0
BRDA:504,24,0,0
BRDA:504,24,1,0
BRDA:514,25,0,0
BRDA:514,25,1,0
BRDA:516,26,0,0
BRDA:516,26,1,0
BRDA:519,27,0,0
BRDA:519,27,1,0
BRDA:519,28,0,0
BRDA:519,28,1,0
BRDA:529,29,0,0
BRDA:529,29,1,0
BRDA:539,30,0,0
BRDA:539,30,1,0
BRDA:566,31,0,0
BRDA:566,31,1,0
BRDA:607,32,0,0
BRDA:607,32,1,0
BRDA:613,33,0,0
BRDA:613,33,1,0
BRDA:628,34,0,0
BRDA:631,35,0,0
BRDA:631,35,1,0
BRDA:671,36,0,0
BRDA:671,36,1,0
BRDA:683,37,0,0
BRDA:683,37,1,0
BRDA:688,38,0,0
BRDA:688,38,1,0
BRDA:696,39,0,0
BRDA:696,39,1,0
BRDA:697,40,0,0
BRDA:697,40,1,0
BRDA:699,41,0,0
BRDA:699,41,1,0
BRDA:700,42,0,0
BRDA:700,42,1,0
BRDA:723,43,0,0
BRDA:723,43,1,0
BRDA:728,44,0,0
BRDA:728,44,1,0
BRDA:737,45,0,0
BRDA:737,45,1,0
BRDA:742,46,0,0
BRDA:742,46,1,0
BRDA:769,47,0,0
BRDA:769,47,1,0
BRDA:771,48,0,0
BRDA:771,48,1,0
BRDA:773,49,0,0
BRDA:773,49,1,0
BRDA:773,50,0,0
BRDA:773,50,1,0
BRDA:775,51,0,0
BRDA:775,51,1,0
BRDA:777,52,0,0
BRDA:777,52,1,0
BRDA:787,53,0,0
BRDA:787,53,1,0
BRDA:806,54,0,0
BRDA:806,54,1,0
BRDA:833,55,0,0
BRDA:833,55,1,0
BRDA:839,56,0,0
BRDA:839,56,1,0
BRDA:845,57,0,0
BRDA:845,57,1,0
BRDA:850,58,0,0
BRDA:850,58,1,0
BRDA:866,59,0,0
BRDA:866,59,1,0
BRDA:891,60,0,0
BRDA:891,60,1,0
BRDA:894,61,0,0
BRDA:894,61,1,0
BRDA:934,62,0,0
BRDA:934,62,1,0
BRDA:1047,63,0,0
BRDA:1047,63,1,0
BRDA:1075,64,0,0
BRDA:1075,64,1,0
BRDA:1106,65,0,0
BRDA:1106,65,1,0
BRDA:1131,66,0,0
BRDA:1131,66,1,0
BRDA:1131,67,0,0
BRDA:1131,67,1,0
BRDA:1168,68,0,0
BRDA:1168,68,1,0
BRDA:1168,68,2,0
BRDA:1169,69,0,0
BRDA:1169,69,1,0
BRDA:1169,70,0,0
BRDA:1169,70,1,0
BRDA:1174,71,0,0
BRDA:1174,71,1,0
BRDA:1175,72,0,0
BRDA:1175,72,1,0
BRDA:1175,72,2,0
BRDA:1176,73,0,0
BRDA:1176,73,1,0
BRDA:1176,73,2,0
BRDA:1189,74,0,0
BRDA:1189,74,1,0
BRDA:1189,75,0,0
BRDA:1189,75,1,0
BRDA:1191,76,0,0
BRDA:1191,76,1,0
BRDA:1194,77,0,0
BRDA:1194,77,1,0
BRDA:1194,78,0,0
BRDA:1194,78,1,0
BRDA:1194,78,2,0
BRDA:1227,79,0,0
BRDA:1227,79,1,0
BRDA:1228,80,0,0
BRDA:1228,80,1,0
BRDA:1228,81,0,0
BRDA:1228,81,1,0
BRDA:1233,82,0,0
BRDA:1233,82,1,0
BRDA:1234,83,0,0
BRDA:1234,83,1,0
BRDA:1235,84,0,0
BRDA:1235,84,1,0
BRDA:1235,84,2,0
BRDA:1236,85,0,0
BRDA:1236,85,1,0
BRDA:1236,85,2,0
BRDA:1246,86,0,0
BRDA:1246,86,1,0
BRDA:1246,87,0,0
BRDA:1246,87,1,0
BRDA:1251,88,0,0
BRDA:1251,88,1,0
BRDA:1252,89,0,0
BRDA:1252,89,1,0
BRDA:1253,90,0,0
BRDA:1253,90,1,0
BRDA:1253,90,2,0
BRDA:1254,91,0,0
BRDA:1254,91,1,0
BRDA:1254,91,2,0
BRDA:1278,92,0,0
BRDA:1278,92,1,0
BRDA:1279,93,0,0
BRDA:1279,93,1,0
BRDA:1279,94,0,0
BRDA:1279,94,1,0
BRDA:1284,95,0,0
BRDA:1284,95,1,0
BRDA:1285,96,0,0
BRDA:1285,96,1,0
BRDA:1295,97,0,0
BRDA:1295,97,1,0
BRDA:1295,98,0,0
BRDA:1295,98,1,0
BRDA:1300,99,0,0
BRDA:1300,99,1,0
BRDA:1301,100,0,0
BRDA:1301,100,1,0
BRF:233
BRH:0
end_of_record
TN:
SF:src/content/main.js
FN:15,(anonymous_0)
FN:32,(anonymous_1)
FN:40,(anonymous_2)
FN:119,(anonymous_3)
FN:122,(anonymous_4)
FN:125,(anonymous_5)
FN:131,(anonymous_6)
FN:148,(anonymous_7)
FN:163,(anonymous_8)
FN:205,(anonymous_9)
FN:219,(anonymous_10)
FN:227,(anonymous_11)
FN:247,(anonymous_12)
FN:256,(anonymous_13)
FN:265,(anonymous_14)
FN:274,(anonymous_15)
FN:276,(anonymous_16)
FN:287,(anonymous_17)
FN:347,(anonymous_18)
FN:371,(anonymous_19)
FN:382,(anonymous_20)
FN:384,(anonymous_21)
FN:398,(anonymous_22)
FN:408,(anonymous_23)
FN:423,(anonymous_24)
FN:424,(anonymous_25)
FN:438,(anonymous_26)
FN:444,(anonymous_27)
FN:461,(anonymous_28)
FN:477,(anonymous_29)
FN:479,(anonymous_30)
FN:485,(anonymous_31)
FN:486,(anonymous_32)
FN:497,(anonymous_33)
FN:498,(anonymous_34)
FN:514,(anonymous_35)
FN:534,(anonymous_36)
FN:549,(anonymous_37)
FN:559,(anonymous_38)
FN:567,(anonymous_39)
FN:592,(anonymous_40)
FN:606,(anonymous_41)
FN:616,(anonymous_42)
FN:624,(anonymous_43)
FN:648,(anonymous_44)
FN:670,(anonymous_45)
FN:674,(anonymous_46)
FN:699,(anonymous_47)
FN:743,(anonymous_48)
FN:765,(anonymous_49)
FN:768,(anonymous_50)
FN:785,(anonymous_51)
FN:811,(anonymous_52)
FN:822,(anonymous_53)
FN:828,(anonymous_54)
FN:835,(anonymous_55)
FN:841,(anonymous_56)
FN:862,(anonymous_57)
FN:873,(anonymous_58)
FN:887,(anonymous_59)
FN:904,(anonymous_60)
FN:909,(anonymous_61)
FN:922,(anonymous_62)
FN:928,(anonymous_63)
FN:935,(anonymous_64)
FN:948,(anonymous_65)
FN:949,(anonymous_66)
FN:955,(anonymous_67)
FN:964,(anonymous_68)
FN:965,(anonymous_69)
FN:971,(anonymous_70)
FN:980,(anonymous_71)
FN:991,(anonymous_72)
FN:998,(anonymous_73)
FN:1018,(anonymous_74)
FN:1026,(anonymous_75)
FN:1033,(anonymous_76)
FNF:77
FNH:0
FNDA:0,(anonymous_0)
FNDA:0,(anonymous_1)
FNDA:0,(anonymous_2)
FNDA:0,(anonymous_3)
FNDA:0,(anonymous_4)
FNDA:0,(anonymous_5)
FNDA:0,(anonymous_6)
FNDA:0,(anonymous_7)
FNDA:0,(anonymous_8)
FNDA:0,(anonymous_9)
FNDA:0,(anonymous_10)
FNDA:0,(anonymous_11)
FNDA:0,(anonymous_12)
FNDA:0,(anonymous_13)
FNDA:0,(anonymous_14)
FNDA:0,(anonymous_15)
FNDA:0,(anonymous_16)
FNDA:0,(anonymous_17)
FNDA:0,(anonymous_18)
FNDA:0,(anonymous_19)
FNDA:0,(anonymous_20)
FNDA:0,(anonymous_21)
FNDA:0,(anonymous_22)
FNDA:0,(anonymous_23)
FNDA:0,(anonymous_24)
FNDA:0,(anonymous_25)
FNDA:0,(anonymous_26)
FNDA:0,(anonymous_27)
FNDA:0,(anonymous_28)
FNDA:0,(anonymous_29)
FNDA:0,(anonymous_30)
FNDA:0,(anonymous_31)
FNDA:0,(anonymous_32)
FNDA:0,(anonymous_33)
FNDA:0,(anonymous_34)
FNDA:0,(anonymous_35)
FNDA:0,(anonymous_36)
FNDA:0,(anonymous_37)
FNDA:0,(anonymous_38)
FNDA:0,(anonymous_39)
FNDA:0,(anonymous_40)
FNDA:0,(anonymous_41)
FNDA:0,(anonymous_42)
FNDA:0,(anonymous_43)
FNDA:0,(anonymous_44)
FNDA:0,(anonymous_45)
FNDA:0,(anonymous_46)
FNDA:0,(anonymous_47)
FNDA:0,(anonymous_48)
FNDA:0,(anonymous_49)
FNDA:0,(anonymous_50)
FNDA:0,(anonymous_51)
FNDA:0,(anonymous_52)
FNDA:0,(anonymous_53)
FNDA:0,(anonymous_54)
FNDA:0,(anonymous_55)
FNDA:0,(anonymous_56)
FNDA:0,(anonymous_57)
FNDA:0,(anonymous_58)
FNDA:0,(anonymous_59)
FNDA:0,(anonymous_60)
FNDA:0,(anonymous_61)
FNDA:0,(anonymous_62)
FNDA:0,(anonymous_63)
FNDA:0,(anonymous_64)
FNDA:0,(anonymous_65)
FNDA:0,(anonymous_66)
FNDA:0,(anonymous_67)
FNDA:0,(anonymous_68)
FNDA:0,(anonymous_69)
FNDA:0,(anonymous_70)
FNDA:0,(anonymous_71)
FNDA:0,(anonymous_72)
FNDA:0,(anonymous_73)
FNDA:0,(anonymous_74)
FNDA:0,(anonymous_75)
FNDA:0,(anonymous_76)
DA:6,0
DA:17,0
DA:18,0
DA:19,0
DA:23,0
DA:24,0
DA:25,0
DA:26,0
DA:33,0
DA:34,0
DA:35,0
DA:40,0
DA:44,0
DA:45,0
DA:46,0
DA:48,0
DA:50,0
DA:51,0
DA:54,0
DA:60,0
DA:89,0
DA:110,0
DA:117,0
DA:120,0
DA:123,0
DA:126,0
DA:130,0
DA:132,0
DA:133,0
DA:135,0
DA:136,0
DA:137,0
DA:138,0
DA:142,0
DA:149,0
DA:150,0
DA:151,0
DA:153,0
DA:154,0
DA:155,0
DA:157,0
DA:164,0
DA:165,0
DA:168,0
DA:169,0
DA:170,0
DA:173,0
DA:174,0
DA:175,0
DA:179,0
DA:180,0
DA:181,0
DA:184,0
DA:185,0
DA:186,0
DA:189,0
DA:190,0
DA:191,0
DA:193,0
DA:196,0
DA:197,0
DA:198,0
DA:206,0
DA:207,0
DA:208,0
DA:209,0
DA:211,0
DA:212,0
DA:221,0
DA:229,0
DA:230,0
DA:234,0
DA:235,0
DA:239,0
DA:240,0
DA:248,0
DA:249,0
DA:250,0
DA:257,0
DA:258,0
DA:259,0
DA:266,0
DA:267,0
DA:268,0
DA:275,0
DA:276,0
DA:277,0
DA:278,0
DA:279,0
DA:281,0
DA:288,0
DA:289,0
DA:291,0
DA:293,0
DA:294,0
DA:297,0
DA:298,0
DA:299,0
DA:302,0
DA:303,0
DA:304,0
DA:307,0
DA:308,0
DA:309,0
DA:312,0
DA:313,0
DA:314,0
DA:318,0
DA:319,0
DA:320,0
DA:324,0
DA:325,0
DA:326,0
DA:330,0
DA:331,0
DA:332,0
DA:333,0
DA:335,0
DA:339,0
DA:340,0
DA:348,0
DA:349,0
DA:350,0
DA:351,0
DA:353,0
DA:372,0
DA:373,0
DA:376,0
DA:384,0
DA:385,0
DA:386,0
DA:389,0
DA:392,0
DA:399,0
DA:400,0
DA:401,0
DA:410,0
DA:411,0
DA:412,0
DA:413,0
DA:414,0
DA:415,0
DA:417,0
DA:424,0
DA:425,0
DA:426,0
DA:427,0
DA:428,0
DA:439,0
DA:440,0
DA:441,0
DA:445,0
DA:446,0
DA:449,0
DA:450,0
DA:453,0
DA:454,0
DA:462,0
DA:470,0
DA:471,0
DA:479,0
DA:480,0
DA:484,0
DA:485,0
DA:486,0
DA:487,0
DA:491,0
DA:498,0
DA:500,0
DA:501,0
DA:502,0
DA:503,0
DA:508,0
DA:515,0
DA:517,0
DA:518,0
DA:519,0
DA:521,0
DA:522,0
DA:523,0
DA:528,0
DA:536,0
DA:537,0
DA:538,0
DA:541,0
DA:550,0
DA:551,0
DA:552,0
DA:553,0
DA:554,0
DA:555,0
DA:556,0
DA:560,0
DA:561,0
DA:569,0
DA:572,0
DA:574,0
DA:575,0
DA:576,0
DA:579,0
DA:580,0
DA:581,0
DA:584,0
DA:586,0
DA:594,0
DA:595,0
DA:596,0
DA:599,0
DA:600,0
DA:601,0
DA:602,0
DA:606,0
DA:607,0
DA:608,0
DA:609,0
DA:610,0
DA:613,0
DA:616,0
DA:618,0
DA:626,0
DA:629,0
DA:645,0
DA:648,0
DA:649,0
DA:650,0
DA:652,0
DA:653,0
DA:654,0
DA:657,0
DA:658,0
DA:662,0
DA:664,0
DA:671,0
DA:672,0
DA:674,0
DA:675,0
DA:676,0
DA:677,0
DA:679,0
DA:680,0
DA:681,0
DA:682,0
DA:685,0
DA:686,0
DA:693,0
DA:701,0
DA:704,0
DA:740,0
DA:743,0
DA:744,0
DA:746,0
DA:747,0
DA:749,0
DA:750,0
DA:751,0
DA:752,0
DA:756,0
DA:757,0
DA:759,0
DA:766,0
DA:768,0
DA:769,0
DA:770,0
DA:771,0
DA:774,0
DA:775,0
DA:779,0
DA:787,0
DA:789,0
DA:790,0
DA:791,0
DA:797,0
DA:800,0
DA:801,0
DA:802,0
DA:805,0
DA:806,0
DA:807,0
DA:811,0
DA:812,0
DA:816,0
DA:823,0
DA:824,0
DA:825,0
DA:828,0
DA:836,0
DA:837,0
DA:839,0
DA:841,0
DA:842,0
DA:844,0
DA:845,0
DA:846,0
DA:847,0
DA:849,0
DA:856,0
DA:863,0
DA:874,0
DA:876,0
DA:878,0
DA:880,0
DA:888,0
DA:889,0
DA:892,0
DA:894,0
DA:905,0
DA:908,0
DA:909,0
DA:910,0
DA:911,0
DA:914,0
DA:923,0
DA:924,0
DA:925,0
DA:929,0
DA:936,0
DA:942,0
DA:949,0
DA:955,0
DA:957,0
DA:958,0
DA:965,0
DA:971,0
DA:973,0
DA:974,0
DA:982,0
DA:983,0
DA:984,0
DA:985,0
DA:992,0
DA:999,0
DA:1001,0
DA:1003,0
DA:1004,0
DA:1006,0
DA:1007,0
DA:1009,0
DA:1011,0
DA:1019,0
DA:1020,0
DA:1027,0
DA:1032,0
DA:1033,0
DA:1034,0
DA:1037,0
LF:345
LH:0
BRDA:18,0,0,0
BRDA:18,0,1,0
BRDA:34,1,0,0
BRDA:34,1,1,0
BRDA:44,2,0,0
BRDA:44,2,1,0
BRDA:131,3,0,0
BRDA:132,4,0,0
BRDA:132,4,1,0
BRDA:173,5,0,0
BRDA:173,5,1,0
BRDA:208,6,0,0
BRDA:208,6,1,0
BRDA:229,7,0,0
BRDA:229,7,1,0
BRDA:234,8,0,0
BRDA:234,8,1,0
BRDA:239,9,0,0
BRDA:239,9,1,0
BRDA:291,10,0,0
BRDA:291,10,1,0
BRDA:291,10,2,0
BRDA:291,10,3,0
BRDA:291,10,4,0
BRDA:291,10,5,0
BRDA:291,10,6,0
BRDA:291,10,7,0
BRDA:291,10,8,0
BRDA:291,10,9,0
BRDA:331,11,0,0
BRDA:331,11,1,0
BRDA:331,12,0,0
BRDA:331,12,1,0
BRDA:385,13,0,0
BRDA:385,13,1,0
BRDA:400,14,0,0
BRDA:400,14,1,0
BRDA:400,15,0,0
BRDA:400,15,1,0
BRDA:410,16,0,0
BRDA:410,16,1,0
BRDA:412,17,0,0
BRDA:412,17,1,0
BRDA:412,18,0,0
BRDA:412,18,1,0
BRDA:412,18,2,0
BRDA:414,19,0,0
BRDA:414,19,1,0
BRDA:414,20,0,0
BRDA:414,20,1,0
BRDA:425,21,0,0
BRDA:425,21,1,0
BRDA:425,22,0,0
BRDA:425,22,1,0
BRDA:445,23,0,0
BRDA:445,23,1,0
BRDA:449,24,0,0
BRDA:449,24,1,0
BRDA:453,25,0,0
BRDA:453,25,1,0
BRDA:500,26,0,0
BRDA:500,26,1,0
BRDA:500,27,0,0
BRDA:500,27,1,0
BRDA:502,28,0,0
BRDA:502,28,1,0
BRDA:517,29,0,0
BRDA:517,29,1,0
BRDA:518,30,0,0
BRDA:518,30,1,0
BRDA:522,31,0,0
BRDA:522,31,1,0
BRDA:528,32,0,0
BRDA:528,32,1,0
BRDA:537,33,0,0
BRDA:537,33,1,0
BRDA:574,34,0,0
BRDA:574,34,1,0
BRDA:579,35,0,0
BRDA:579,35,1,0
BRDA:584,36,0,0
BRDA:584,36,1,0
BRDA:594,37,0,0
BRDA:594,37,1,0
BRDA:599,38,0,0
BRDA:599,38,1,0
BRDA:608,39,0,0
BRDA:608,39,1,0
BRDA:650,40,0,0
BRDA:650,40,1,0
BRDA:650,41,0,0
BRDA:650,41,1,0
BRDA:679,42,0,0
BRDA:679,42,1,0
BRDA:744,43,0,0
BRDA:744,43,1,0
BRDA:744,44,0,0
BRDA:744,44,1,0
BRDA:747,45,0,0
BRDA:747,45,1,0
BRDA:747,46,0,0
BRDA:747,46,1,0
BRDA:749,47,0,0
BRDA:749,47,1,0
BRDA:751,48,0,0
BRDA:751,48,1,0
BRDA:769,49,0,0
BRDA:769,49,1,0
BRDA:793,50,0,0
BRDA:793,50,1,0
BRDA:794,51,0,0
BRDA:794,51,1,0
BRDA:806,52,0,0
BRDA:806,52,1,0
BRDA:822,53,0,0
BRDA:823,54,0,0
BRDA:823,54,1,0
BRDA:823,55,0,0
BRDA:823,55,1,0
BRDA:846,56,0,0
BRDA:846,56,1,0
BRDA:876,57,0,0
BRDA:876,57,1,0
BRDA:911,58,0,0
BRDA:911,58,1,0
BRDA:951,59,0,0
BRDA:951,59,1,0
BRDA:952,60,0,0
BRDA:952,60,1,0
BRDA:953,61,0,0
BRDA:953,61,1,0
BRDA:955,62,0,0
BRDA:955,62,1,0
BRDA:955,62,2,0
BRDA:966,63,0,0
BRDA:966,63,1,0
BRDA:966,63,2,0
BRDA:967,64,0,0
BRDA:967,64,1,0
BRDA:968,65,0,0
BRDA:968,65,1,0
BRDA:969,66,0,0
BRDA:969,66,1,0
BRDA:970,67,0,0
BRDA:970,67,1,0
BRDA:982,68,0,0
BRDA:982,68,1,0
BRDA:982,69,0,0
BRDA:982,69,1,0
BRDA:983,70,0,0
BRDA:983,70,1,0
BRDA:984,71,0,0
BRDA:984,71,1,0
BRDA:1001,72,0,0
BRDA:1001,72,1,0
BRDA:1001,72,2,0
BRDA:1001,72,3,0
BRDA:1020,73,0,0
BRDA:1020,73,1,0
BRDA:1032,74,0,0
BRDA:1032,74,1,0
BRF:161
BRH:0
end_of_record
TN:
SF:src/content/selection-unlock.ts
FN:14,(anonymous_0)
FN:19,(anonymous_1)
FN:29,(anonymous_2)
FN:44,(anonymous_3)
FN:77,(anonymous_4)
FN:106,(anonymous_5)
FN:137,(anonymous_6)
FN:148,(anonymous_7)
FN:210,(anonymous_8)
FN:214,(anonymous_9)
FN:215,(anonymous_10)
FN:229,(anonymous_11)
FN:232,(anonymous_12)
FN:233,(anonymous_13)
FN:250,(anonymous_14)
FN:288,(anonymous_15)
FN:292,(anonymous_16)
FN:302,(anonymous_17)
FN:334,(anonymous_18)
FN:350,(anonymous_19)
FN:364,(anonymous_20)
FN:387,(anonymous_21)
FN:397,(anonymous_22)
FN:408,(anonymous_23)
FN:436,(anonymous_24)
FN:453,(anonymous_25)
FN:463,(anonymous_26)
FN:483,(anonymous_27)
FN:502,(anonymous_28)
FN:522,(anonymous_29)
FN:531,(anonymous_30)
FN:555,(anonymous_31)
FN:577,(anonymous_32)
FN:715,(anonymous_33)
FN:748,(anonymous_34)
FN:756,(anonymous_35)
FN:768,(anonymous_36)
FN:781,(anonymous_37)
FN:792,(anonymous_38)
FN:796,(anonymous_39)
FN:802,(anonymous_40)
FN:804,(anonymous_41)
FN:805,(anonymous_42)
FN:806,(anonymous_43)
FN:807,(anonymous_44)
FN:808,(anonymous_45)
FN:809,(anonymous_46)
FN:810,(anonymous_47)
FN:825,(anonymous_48)
FN:839,(anonymous_49)
FN:845,(anonymous_50)
FN:846,(anonymous_51)
FN:872,(anonymous_52)
FN:880,(anonymous_53)
FN:892,(anonymous_54)
FN:899,(anonymous_55)
FN:905,(anonymous_56)
FN:914,(anonymous_57)
FN:916,(anonymous_58)
FN:917,(anonymous_59)
FN:925,(anonymous_60)
FN:933,(anonymous_61)
FN:955,(anonymous_62)
FN:974,(anonymous_63)
FN:991,(anonymous_64)
FN:992,(anonymous_65)
FN:994,(anonymous_66)
FN:1003,(anonymous_67)
FN:1029,(anonymous_68)
FN:1030,(anonymous_69)
FN:1031,(anonymous_70)
FN:1033,(anonymous_71)
FN:1037,(anonymous_72)
FN:1042,(anonymous_73)
FN:1061,(anonymous_74)
FN:1062,(anonymous_75)
FN:1074,(anonymous_76)
FNF:77
FNH:29
FNDA:29,(anonymous_0)
FNDA:29,(anonymous_1)
FNDA:29,(anonymous_2)
FNDA:4,(anonymous_3)
FNDA:10,(anonymous_4)
FNDA:3,(anonymous_5)
FNDA:1,(anonymous_6)
FNDA:13,(anonymous_7)
FNDA:14,(anonymous_8)
FNDA:58,(anonymous_9)
FNDA:406,(anonymous_10)
FNDA:98,(anonymous_11)
FNDA:16,(anonymous_12)
FNDA:112,(anonymous_13)
FNDA:11,(anonymous_14)
FNDA:9,(anonymous_15)
FNDA:0,(anonymous_16)
FNDA:0,(anonymous_17)
FNDA:4,(anonymous_18)
FNDA:0,(anonymous_19)
FNDA:1,(anonymous_20)
FNDA:4,(anonymous_21)
FNDA:1,(anonymous_22)
FNDA:2,(anonymous_23)
FNDA:1,(anonymous_24)
FNDA:2,(anonymous_25)
FNDA:0,(anonymous_26)
FNDA:2,(anonymous_27)
FNDA:1,(anonymous_28)
FNDA:10,(anonymous_29)
FNDA:1,(anonymous_30)
FNDA:9,(anonymous_31)
FNDA:0,(anonymous_32)
FNDA:0,(anonymous_33)
FNDA:0,(anonymous_34)
FNDA:0,(anonymous_35)
FNDA:0,(anonymous_36)
FNDA:0,(anonymous_37)
FNDA:0,(anonymous_38)
FNDA:0,(anonymous_39)
FNDA:0,(anonymous_40)
FNDA:0,(anonymous_41)
FNDA:0,(anonymous_42)
FNDA:0,(anonymous_43)
FNDA:0,(anonymous_44)
FNDA:0,(anonymous_45)
FNDA:0,(anonymous_46)
FNDA:0,(anonymous_47)
FNDA:0,(anonymous_48)
FNDA:0,(anonymous_49)
FNDA:0,(anonymous_50)
FNDA:0,(anonymous_51)
FNDA:0,(anonymous_52)
FNDA:0,(anonymous_53)
FNDA:0,(anonymous_54)
FNDA:0,(anonymous_55)
FNDA:0,(anonymous_56)
FNDA:0,(anonymous_57)
FNDA:0,(anonymous_58)
FNDA:0,(anonymous_59)
FNDA:0,(anonymous_60)
FNDA:0,(anonymous_61)
FNDA:0,(anonymous_62)
FNDA:0,(anonymous_63)
FNDA:0,(anonymous_64)
FNDA:0,(anonymous_65)
FNDA:0,(anonymous_66)
FNDA:0,(anonymous_67)
FNDA:0,(anonymous_68)
FNDA:0,(anonymous_69)
FNDA:0,(anonymous_70)
FNDA:0,(anonymous_71)
FNDA:0,(anonymous_72)
FNDA:0,(anonymous_73)
FNDA:0,(anonymous_74)
FNDA:0,(anonymous_75)
FNDA:1,(anonymous_76)
DA:6,1
DA:8,1
DA:9,29
DA:10,29
DA:12,29
DA:15,29
DA:16,29
DA:20,29
DA:23,29
DA:26,29
DA:30,29
DA:31,29
DA:32,29
DA:33,29
DA:35,29
DA:36,1
DA:37,1
DA:40,0
DA:45,4
DA:47,4
DA:49,1
DA:50,1
DA:51,1
DA:52,1
DA:54,1
DA:55,1
DA:56,1
DA:57,1
DA:59,1
DA:60,1
DA:61,1
DA:63,1
DA:64,1
DA:65,1
DA:67,0
DA:68,0
DA:69,0
DA:71,0
DA:72,0
DA:73,0
DA:78,10
DA:80,9
DA:83,9
DA:86,9
DA:89,9
DA:92,9
DA:95,9
DA:97,9
DA:100,9
DA:107,3
DA:110,3
DA:111,2
DA:112,2
DA:116,3
DA:119,3
DA:120,0
DA:123,3
DA:126,3
DA:127,3
DA:129,3
DA:132,0
DA:138,1
DA:139,0
DA:141,1
DA:149,13
DA:151,13
DA:152,1
DA:156,13
DA:157,12
DA:158,12
DA:200,12
DA:202,1
DA:211,14
DA:214,14
DA:215,58
DA:216,406
DA:217,406
DA:218,2
DA:224,14
DA:225,14
DA:226,14
DA:229,98
DA:230,14
DA:232,14
DA:233,16
DA:234,112
DA:235,112
DA:236,112
DA:237,112
DA:241,16
DA:244,14
DA:251,11
DA:252,11
DA:255,11
DA:256,11
DA:259,11
DA:260,11
DA:263,4
DA:266,4
DA:269,4
DA:271,4
DA:273,7
DA:275,7
DA:276,7
DA:277,7
DA:278,7
DA:280,0
DA:289,9
DA:292,9
DA:298,0
DA:299,0
DA:302,0
DA:303,0
DA:304,0
DA:305,0
DA:308,0
DA:309,0
DA:313,0
DA:317,0
DA:321,0
DA:325,0
DA:328,9
DA:335,4
DA:337,4
DA:339,4
DA:341,4
DA:342,4
DA:343,3
DA:347,3
DA:350,3
DA:351,0
DA:352,0
DA:356,3
DA:358,3
DA:360,1
DA:365,1
DA:367,1
DA:368,1
DA:369,1
DA:370,1
DA:373,1
DA:374,1
DA:377,1
DA:378,1
DA:380,0
DA:388,4
DA:389,4
DA:390,4
DA:398,1
DA:401,1
DA:402,1
DA:403,1
DA:407,1
DA:408,1
DA:409,2
DA:410,2
DA:414,1
DA:415,1
DA:416,0
DA:419,1
DA:420,1
DA:421,1
DA:428,1
DA:430,1
DA:437,1
DA:440,1
DA:441,1
DA:442,1
DA:445,1
DA:446,1
DA:447,1
DA:448,1
DA:452,1
DA:453,1
DA:454,2
DA:455,2
DA:456,2
DA:457,2
DA:458,2
DA:459,2
DA:463,1
DA:465,0
DA:467,0
DA:468,0
DA:469,0
DA:472,0
DA:475,1
DA:477,1
DA:484,2
DA:485,2
DA:486,2
DA:487,1
DA:489,1
DA:490,1
DA:491,1
DA:492,1
DA:495,1
DA:503,1
DA:504,1
DA:505,1
DA:506,1
DA:508,1
DA:509,1
DA:510,1
DA:511,1
DA:512,1
DA:515,0
DA:523,10
DA:533,1
DA:534,0
DA:538,1
DA:541,1
DA:542,1
DA:546,1
DA:547,0
DA:548,0
DA:556,9
DA:559,9
DA:560,0
DA:564,9
DA:565,0
DA:569,9
DA:570,0
DA:578,0
DA:581,0
DA:609,0
DA:612,0
DA:613,0
DA:614,0
DA:695,0
DA:698,0
DA:701,0
DA:704,0
DA:707,0
DA:709,0
DA:716,0
DA:719,0
DA:720,0
DA:721,0
DA:722,0
DA:723,0
DA:724,0
DA:725,0
DA:726,0
DA:729,0
DA:730,0
DA:731,0
DA:732,0
DA:733,0
DA:734,0
DA:735,0
DA:736,0
DA:737,0
DA:740,0
DA:741,0
DA:742,0
DA:743,0
DA:747,0
DA:748,0
DA:749,0
DA:753,0
DA:754,0
DA:755,0
DA:756,0
DA:757,0
DA:761,0
DA:769,0
DA:772,0
DA:775,0
DA:778,0
DA:781,0
DA:782,0
DA:786,0
DA:794,0
DA:795,0
DA:796,0
DA:797,0
DA:798,0
DA:801,0
DA:802,0
DA:806,0
DA:823,0
DA:824,0
DA:825,0
DA:826,0
DA:827,0
DA:829,0
DA:830,0
DA:840,0
DA:845,0
DA:846,0
DA:848,0
DA:849,0
DA:850,0
DA:851,0
DA:852,0
DA:855,0
DA:857,0
DA:861,0
DA:862,0
DA:873,0
DA:880,0
DA:881,0
DA:882,0
DA:884,0
DA:893,0
DA:899,0
DA:900,0
DA:901,0
DA:902,0
DA:905,0
DA:906,0
DA:916,0
DA:917,0
DA:918,0
DA:919,0
DA:920,0
DA:922,0
DA:924,0
DA:925,0
DA:926,0
DA:927,0
DA:928,0
DA:929,0
DA:932,0
DA:933,0
DA:934,0
DA:935,0
DA:944,0
DA:956,0
DA:958,0
DA:967,0
DA:968,0
DA:975,0
DA:977,0
DA:984,0
DA:985,0
DA:992,0
DA:993,0
DA:994,0
DA:995,0
DA:1005,0
DA:1006,0
DA:1007,0
DA:1008,0
DA:1009,0
DA:1010,0
DA:1013,0
DA:1014,0
DA:1015,0
DA:1016,0
DA:1017,0
DA:1020,0
DA:1021,0
DA:1022,0
DA:1023,0
DA:1030,0
DA:1031,0
DA:1032,0
DA:1033,0
DA:1034,0
DA:1035,0
DA:1037,0
DA:1038,0
DA:1039,0
DA:1041,0
DA:1042,0
DA:1043,0
DA:1052,0
DA:1062,0
DA:1063,0
DA:1065,0
DA:1067,0
DA:1074,1
DA:1076,1
DA:1079,1
LF:376
LH:187
BRDA:33,0,0,29
BRDA:33,0,1,28
BRDA:35,1,0,1
BRDA:47,2,0,1
BRDA:47,2,1,1
BRDA:47,2,2,1
BRDA:47,2,3,1
BRDA:47,2,4,0
BRDA:47,2,5,0
BRDA:78,3,0,1
BRDA:110,4,0,2
BRDA:119,5,0,0
BRDA:126,6,0,3
BRDA:126,7,0,3
BRDA:126,7,1,3
BRDA:126,7,2,3
BRDA:138,8,0,0
BRDA:138,8,1,1
BRDA:151,9,0,1
BRDA:217,10,0,2
BRDA:298,11,0,0
BRDA:308,12,0,0
BRDA:308,13,0,0
BRDA:308,13,1,0
BRDA:317,14,0,0
BRDA:317,14,1,0
BRDA:335,15,0,0
BRDA:341,16,0,4
BRDA:351,17,0,0
BRDA:365,18,0,0
BRDA:368,19,0,1
BRDA:373,20,0,1
BRDA:388,21,0,4
BRDA:402,22,0,1
BRDA:415,23,0,0
BRDA:445,24,0,1
BRDA:465,25,0,0
BRDA:465,26,0,0
BRDA:465,26,1,0
BRDA:467,27,0,0
BRDA:487,28,0,1
BRDA:487,28,1,1
BRDA:489,29,0,1
BRDA:506,30,0,1
BRDA:506,30,1,0
BRDA:509,31,0,1
BRDA:533,32,0,0
BRDA:541,33,0,1
BRDA:541,34,0,1
BRDA:541,34,1,1
BRDA:546,35,0,0
BRDA:559,36,0,0
BRDA:559,37,0,9
BRDA:559,37,1,9
BRDA:564,38,0,0
BRDA:569,39,0,0
BRDA:729,40,0,0
BRDA:754,41,0,0
BRDA:794,42,0,0
BRDA:823,43,0,0
BRDA:849,44,0,0
BRDA:855,45,0,0
BRDA:861,46,0,0
BRDA:918,47,0,0
BRDA:918,47,1,0
BRDA:920,48,0,0
BRDA:924,49,0,0
BRDA:926,50,0,0
BRDA:928,51,0,0
BRDA:934,52,0,0
BRDA:1032,53,0,0
BRDA:1034,54,0,0
BRDA:1038,55,0,0
BRDA:1038,56,0,0
BRDA:1038,56,1,0
BRDA:1065,57,0,0
BRDA:1065,58,0,0
BRDA:1065,58,1,0
BRF:78
BRH:32
end_of_record
TN:
SF:src/content/test.js
FN:20,(anonymous_0)
FNF:1
FNH:0
FNDA:0,(anonymous_0)
DA:2,0
DA:3,0
DA:4,0
DA:5,0
DA:6,0
DA:9,0
DA:10,0
DA:11,0
DA:12,0
DA:13,0
DA:15,0
DA:19,0
DA:20,0
DA:21,0
DA:22,0
DA:23,0
DA:25,0
DA:27,0
DA:30,0
LF:19
LH:0
BRF:0
BRH:0
end_of_record
TN:
SF:src/options/options.js
FN:6,(anonymous_0)
FN:18,(anonymous_1)
FN:41,(anonymous_2)
FN:54,(anonymous_3)
FN:67,(anonymous_4)
FN:90,(anonymous_5)
FN:142,(anonymous_6)
FN:159,(anonymous_7)
FN:191,(anonymous_8)
FN:203,(anonymous_9)
FN:214,(anonymous_10)
FN:223,(anonymous_11)
FN:238,(anonymous_12)
FN:252,(anonymous_13)
FN:254,(anonymous_14)
FN:255,(anonymous_15)
FN:262,(anonymous_16)
FN:266,(anonymous_17)
FN:289,(anonymous_18)
FN:292,(anonymous_19)
FN:294,(anonymous_20)
FN:304,(anonymous_21)
FN:305,(anonymous_22)
FN:309,(anonymous_23)
FN:319,(anonymous_24)
FN:320,(anonymous_25)
FN:324,(anonymous_26)
FN:328,(anonymous_27)
FN:336,(anonymous_28)
FN:337,(anonymous_29)
FN:338,(anonymous_30)
FN:348,(anonymous_31)
FN:353,(anonymous_32)
FN:362,(anonymous_33)
FN:364,(anonymous_34)
FN:369,(anonymous_35)
FN:377,(anonymous_36)
FN:410,(anonymous_37)
FN:432,(anonymous_38)
FN:446,(anonymous_39)
FN:451,(anonymous_40)
FN:466,(anonymous_41)
FN:485,(anonymous_42)
FN:520,(anonymous_43)
FN:551,(anonymous_44)
FN:564,(anonymous_45)
FN:571,(anonymous_46)
FN:603,(anonymous_47)
FN:613,(anonymous_48)
FN:642,(anonymous_49)
FN:647,(anonymous_50)
FN:680,(anonymous_51)
FN:703,(anonymous_52)
FN:711,(anonymous_53)
FN:716,(anonymous_54)
FN:721,(anonymous_55)
FN:726,(anonymous_56)
FN:731,(anonymous_57)
FN:736,(anonymous_58)
FN:741,(anonymous_59)
FN:752,(anonymous_60)
FN:757,(anonymous_61)
FN:762,(anonymous_62)
FN:772,(anonymous_63)
FN:776,(anonymous_64)
FNF:65
FNH:0
FNDA:0,(anonymous_0)
FNDA:0,(anonymous_1)
FNDA:0,(anonymous_2)
FNDA:0,(anonymous_3)
FNDA:0,(anonymous_4)
FNDA:0,(anonymous_5)
FNDA:0,(anonymous_6)
FNDA:0,(anonymous_7)
FNDA:0,(anonymous_8)
FNDA:0,(anonymous_9)
FNDA:0,(anonymous_10)
FNDA:0,(anonymous_11)
FNDA:0,(anonymous_12)
FNDA:0,(anonymous_13)
FNDA:0,(anonymous_14)
FNDA:0,(anonymous_15)
FNDA:0,(anonymous_16)
FNDA:0,(anonymous_17)
FNDA:0,(anonymous_18)
FNDA:0,(anonymous_19)
FNDA:0,(anonymous_20)
FNDA:0,(anonymous_21)
FNDA:0,(anonymous_22)
FNDA:0,(anonymous_23)
FNDA:0,(anonymous_24)
FNDA:0,(anonymous_25)
FNDA:0,(anonymous_26)
FNDA:0,(anonymous_27)
FNDA:0,(anonymous_28)
FNDA:0,(anonymous_29)
FNDA:0,(anonymous_30)
FNDA:0,(anonymous_31)
FNDA:0,(anonymous_32)
FNDA:0,(anonymous_33)
FNDA:0,(anonymous_34)
FNDA:0,(anonymous_35)
FNDA:0,(anonymous_36)
FNDA:0,(anonymous_37)
FNDA:0,(anonymous_38)
FNDA:0,(anonymous_39)
FNDA:0,(anonymous_40)
FNDA:0,(anonymous_41)
FNDA:0,(anonymous_42)
FNDA:0,(anonymous_43)
FNDA:0,(anonymous_44)
FNDA:0,(anonymous_45)
FNDA:0,(anonymous_46)
FNDA:0,(anonymous_47)
FNDA:0,(anonymous_48)
FNDA:0,(anonymous_49)
FNDA:0,(anonymous_50)
FNDA:0,(anonymous_51)
FNDA:0,(anonymous_52)
FNDA:0,(anonymous_53)
FNDA:0,(anonymous_54)
FNDA:0,(anonymous_55)
FNDA:0,(anonymous_56)
FNDA:0,(anonymous_57)
FNDA:0,(anonymous_58)
FNDA:0,(anonymous_59)
FNDA:0,(anonymous_60)
FNDA:0,(anonymous_61)
FNDA:0,(anonymous_62)
FNDA:0,(anonymous_63)
FNDA:0,(anonymous_64)
DA:7,0
DA:8,0
DA:9,0
DA:10,0
DA:12,0
DA:19,0
DA:21,0
DA:22,0
DA:23,0
DA:26,0
DA:29,0
DA:31,0
DA:33,0
DA:34,0
DA:42,0
DA:43,0
DA:44,0
DA:46,0
DA:47,0
DA:55,0
DA:56,0
DA:57,0
DA:59,0
DA:60,0
DA:68,0
DA:69,0
DA:70,0
DA:77,0
DA:78,0
DA:91,0
DA:144,0
DA:147,0
DA:150,0
DA:153,0
DA:161,0
DA:162,0
DA:163,0
DA:164,0
DA:165,0
DA:168,0
DA:169,0
DA:170,0
DA:171,0
DA:172,0
DA:173,0
DA:176,0
DA:177,0
DA:178,0
DA:179,0
DA:180,0
DA:183,0
DA:184,0
DA:185,0
DA:186,0
DA:187,0
DA:190,0
DA:191,0
DA:192,0
DA:193,0
DA:197,0
DA:204,0
DA:205,0
DA:207,0
DA:209,0
DA:210,0
DA:211,0
DA:214,0
DA:215,0
DA:216,0
DA:224,0
DA:225,0
DA:226,0
DA:232,0
DA:239,0
DA:241,0
DA:243,0
DA:245,0
DA:254,0
DA:255,0
DA:256,0
DA:257,0
DA:262,0
DA:263,0
DA:266,0
DA:267,0
DA:271,0
DA:274,0
DA:277,0
DA:280,0
DA:283,0
DA:291,0
DA:292,0
DA:293,0
DA:294,0
DA:295,0
DA:296,0
DA:305,0
DA:306,0
DA:309,0
DA:310,0
DA:311,0
DA:320,0
DA:321,0
DA:324,0
DA:325,0
DA:328,0
DA:329,0
DA:337,0
DA:338,0
DA:339,0
DA:340,0
DA:349,0
DA:350,0
DA:352,0
DA:353,0
DA:354,0
DA:364,0
DA:365,0
DA:369,0
DA:370,0
DA:379,0
DA:388,0
DA:398,0
DA:407,0
DA:408,0
DA:409,0
DA:410,0
DA:411,0
DA:414,0
DA:424,0
DA:433,0
DA:434,0
DA:436,0
DA:441,0
DA:442,0
DA:445,0
DA:446,0
DA:447,0
DA:448,0
DA:458,0
DA:459,0
DA:467,0
DA:468,0
DA:471,0
DA:472,0
DA:473,0
DA:474,0
DA:475,0
DA:477,0
DA:478,0
DA:486,0
DA:487,0
DA:490,0
DA:492,0
DA:493,0
DA:496,0
DA:497,0
DA:498,0
DA:505,0
DA:506,0
DA:507,0
DA:509,0
DA:510,0
DA:512,0
DA:513,0
DA:521,0
DA:522,0
DA:524,0
DA:525,0
DA:526,0
DA:530,0
DA:531,0
DA:532,0
DA:533,0
DA:536,0
DA:537,0
DA:538,0
DA:541,0
DA:542,0
DA:543,0
DA:544,0
DA:545,0
DA:552,0
DA:553,0
DA:554,0
DA:555,0
DA:556,0
DA:557,0
DA:565,0
DA:566,0
DA:567,0
DA:569,0
DA:571,0
DA:572,0
DA:574,0
DA:575,0
DA:576,0
DA:577,0
DA:579,0
DA:580,0
DA:583,0
DA:584,0
DA:587,0
DA:588,0
DA:590,0
DA:591,0
DA:594,0
DA:595,0
DA:597,0
DA:600,0
DA:603,0
DA:604,0
DA:605,0
DA:606,0
DA:614,0
DA:615,0
DA:622,0
DA:623,0
DA:624,0
DA:626,0
DA:627,0
DA:628,0
DA:629,0
DA:631,0
DA:632,0
DA:634,0
DA:635,0
DA:643,0
DA:644,0
DA:645,0
DA:647,0
DA:648,0
DA:649,0
DA:651,0
DA:652,0
DA:653,0
DA:656,0
DA:657,0
DA:660,0
DA:661,0
DA:663,0
DA:664,0
DA:665,0
DA:667,0
DA:669,0
DA:670,0
DA:674,0
DA:681,0
DA:682,0
DA:683,0
DA:686,0
DA:687,0
DA:688,0
DA:689,0
DA:690,0
DA:691,0
DA:693,0
DA:694,0
DA:697,0
DA:700,0
DA:703,0
DA:704,0
DA:712,0
DA:713,0
DA:717,0
DA:718,0
DA:722,0
DA:723,0
DA:727,0
DA:728,0
DA:732,0
DA:733,0
DA:737,0
DA:738,0
DA:742,0
DA:743,0
DA:744,0
DA:745,0
DA:746,0
DA:747,0
DA:753,0
DA:754,0
DA:758,0
DA:759,0
DA:763,0
DA:764,0
DA:769,0
DA:772,0
DA:773,0
DA:776,0
DA:777,0
DA:778,0
DA:779,0
LF:293
LH:0
BRDA:44,0,0,0
BRDA:44,0,1,0
BRDA:57,1,0,0
BRDA:57,1,1,0
BRDA:70,2,0,0
BRDA:70,2,1,0
BRDA:161,3,0,0
BRDA:161,3,1,0
BRDA:162,4,0,0
BRDA:162,4,1,0
BRDA:163,5,0,0
BRDA:163,5,1,0
BRDA:164,6,0,0
BRDA:164,6,1,0
BRDA:165,7,0,0
BRDA:165,7,1,0
BRDA:168,8,0,0
BRDA:168,8,1,0
BRDA:169,9,0,0
BRDA:169,9,1,0
BRDA:170,10,0,0
BRDA:170,10,1,0
BRDA:171,11,0,0
BRDA:171,11,1,0
BRDA:172,12,0,0
BRDA:172,12,1,0
BRDA:173,13,0,0
BRDA:173,13,1,0
BRDA:176,14,0,0
BRDA:176,14,1,0
BRDA:177,15,0,0
BRDA:177,15,1,0
BRDA:178,16,0,0
BRDA:178,16,1,0
BRDA:179,17,0,0
BRDA:179,17,1,0
BRDA:180,18,0,0
BRDA:180,18,1,0
BRDA:183,19,0,0
BRDA:183,19,1,0
BRDA:184,20,0,0
BRDA:184,20,1,0
BRDA:185,21,0,0
BRDA:185,21,1,0
BRDA:186,22,0,0
BRDA:186,22,1,0
BRDA:187,23,0,0
BRDA:187,23,1,0
BRDA:190,24,0,0
BRDA:190,24,1,0
BRDA:193,25,0,0
BRDA:193,25,1,0
BRDA:197,26,0,0
BRDA:197,26,1,0
BRDA:205,27,0,0
BRDA:205,27,1,0
BRDA:209,28,0,0
BRDA:209,28,1,0
BRDA:240,29,0,0
BRDA:240,29,1,0
BRDA:242,30,0,0
BRDA:242,30,1,0
BRDA:244,31,0,0
BRDA:244,31,1,0
BRDA:246,32,0,0
BRDA:246,32,1,0
BRDA:293,33,0,0
BRDA:293,33,1,0
BRDA:310,34,0,0
BRDA:310,34,1,0
BRDA:352,35,0,0
BRDA:352,35,1,0
BRDA:352,36,0,0
BRDA:352,36,1,0
BRDA:447,37,0,0
BRDA:447,37,1,0
BRDA:447,38,0,0
BRDA:447,38,1,0
BRDA:467,39,0,0
BRDA:467,39,1,0
BRDA:486,40,0,0
BRDA:486,40,1,0
BRDA:524,41,0,0
BRDA:524,41,1,0
BRDA:531,42,0,0
BRDA:531,42,1,0
BRDA:536,43,0,0
BRDA:536,43,1,0
BRDA:552,44,0,0
BRDA:552,44,1,0
BRDA:552,45,0,0
BRDA:552,45,1,0
BRDA:575,46,0,0
BRDA:575,46,1,0
BRDA:576,47,0,0
BRDA:576,47,1,0
BRDA:577,48,0,0
BRDA:577,48,1,0
BRDA:579,49,0,0
BRDA:579,49,1,0
BRDA:579,50,0,0
BRDA:579,50,1,0
BRDA:580,51,0,0
BRDA:580,51,1,0
BRDA:587,52,0,0
BRDA:587,52,1,0
BRDA:605,53,0,0
BRDA:605,53,1,0
BRDA:649,54,0,0
BRDA:649,54,1,0
BRDA:656,55,0,0
BRDA:656,55,1,0
BRDA:656,56,0,0
BRDA:656,56,1,0
BRDA:661,57,0,0
BRDA:661,57,1,0
BRDA:680,58,0,0
BRDA:686,59,0,0
BRDA:686,59,1,0
BRDA:689,60,0,0
BRDA:689,60,1,0
BRDA:713,61,0,0
BRDA:713,61,1,0
BRDA:718,62,0,0
BRDA:718,62,1,0
BRDA:723,63,0,0
BRDA:723,63,1,0
BRDA:728,64,0,0
BRDA:728,64,1,0
BRDA:733,65,0,0
BRDA:733,65,1,0
BRDA:738,66,0,0
BRDA:738,66,1,0
BRDA:744,67,0,0
BRDA:744,67,1,0
BRDA:746,68,0,0
BRDA:746,68,1,0
BRDA:754,69,0,0
BRDA:754,69,1,0
BRDA:759,70,0,0
BRDA:759,70,1,0
BRDA:764,71,0,0
BRDA:764,71,1,0
BRDA:764,72,0,0
BRDA:764,72,1,0
BRDA:777,73,0,0
BRDA:777,73,1,0
BRF:147
BRH:0
end_of_record
TN:
SF:src/popup/popup.js
FN:8,(anonymous_0)
FN:11,(anonymous_1)
FN:14,(anonymous_2)
FN:42,(anonymous_3)
FN:53,(anonymous_4)
FN:109,(anonymous_5)
FN:117,(anonymous_6)
FN:138,(anonymous_7)
FN:166,(anonymous_8)
FN:172,(anonymous_9)
FN:173,(anonymous_10)
FN:192,(anonymous_11)
FN:205,(anonymous_12)
FN:214,(anonymous_13)
FN:240,(anonymous_14)
FN:256,(anonymous_15)
FN:262,(anonymous_16)
FN:281,(anonymous_17)
FN:295,(anonymous_18)
FN:306,(anonymous_19)
FN:313,(anonymous_20)
FN:333,(anonymous_21)
FN:366,(anonymous_22)
FN:374,(anonymous_23)
FN:376,(anonymous_24)
FN:381,(anonymous_25)
FN:385,(anonymous_26)
FN:389,(anonymous_27)
FN:394,(anonymous_28)
FN:398,(anonymous_29)
FN:403,(anonymous_30)
FN:407,(anonymous_31)
FN:411,(anonymous_32)
FN:416,(anonymous_33)
FN:420,(anonymous_34)
FN:425,(anonymous_35)
FN:429,(anonymous_36)
FN:437,(anonymous_37)
FN:466,(anonymous_38)
FN:495,(anonymous_39)
FN:524,(anonymous_40)
FN:562,(anonymous_41)
FN:600,(anonymous_42)
FN:633,(anonymous_43)
FN:668,(anonymous_44)
FN:703,(anonymous_45)
FN:718,(anonymous_46)
FN:733,(anonymous_47)
FN:748,(anonymous_48)
FN:755,(anonymous_49)
FN:764,(anonymous_50)
FN:774,(anonymous_51)
FN:784,(anonymous_52)
FN:792,(anonymous_53)
FN:800,(anonymous_54)
FN:812,(anonymous_55)
FN:818,(anonymous_56)
FN:819,(anonymous_57)
FN:836,(anonymous_58)
FN:847,(anonymous_59)
FN:855,(anonymous_60)
FNF:61
FNH:0
FNDA:0,(anonymous_0)
FNDA:0,(anonymous_1)
FNDA:0,(anonymous_2)
FNDA:0,(anonymous_3)
FNDA:0,(anonymous_4)
FNDA:0,(anonymous_5)
FNDA:0,(anonymous_6)
FNDA:0,(anonymous_7)
FNDA:0,(anonymous_8)
FNDA:0,(anonymous_9)
FNDA:0,(anonymous_10)
FNDA:0,(anonymous_11)
FNDA:0,(anonymous_12)
FNDA:0,(anonymous_13)
FNDA:0,(anonymous_14)
FNDA:0,(anonymous_15)
FNDA:0,(anonymous_16)
FNDA:0,(anonymous_17)
FNDA:0,(anonymous_18)
FNDA:0,(anonymous_19)
FNDA:0,(anonymous_20)
FNDA:0,(anonymous_21)
FNDA:0,(anonymous_22)
FNDA:0,(anonymous_23)
FNDA:0,(anonymous_24)
FNDA:0,(anonymous_25)
FNDA:0,(anonymous_26)
FNDA:0,(anonymous_27)
FNDA:0,(anonymous_28)
FNDA:0,(anonymous_29)
FNDA:0,(anonymous_30)
FNDA:0,(anonymous_31)
FNDA:0,(anonymous_32)
FNDA:0,(anonymous_33)
FNDA:0,(anonymous_34)
FNDA:0,(anonymous_35)
FNDA:0,(anonymous_36)
FNDA:0,(anonymous_37)
FNDA:0,(anonymous_38)
FNDA:0,(anonymous_39)
FNDA:0,(anonymous_40)
FNDA:0,(anonymous_41)
FNDA:0,(anonymous_42)
FNDA:0,(anonymous_43)
FNDA:0,(anonymous_44)
FNDA:0,(anonymous_45)
FNDA:0,(anonymous_46)
FNDA:0,(anonymous_47)
FNDA:0,(anonymous_48)
FNDA:0,(anonymous_49)
FNDA:0,(anonymous_50)
FNDA:0,(anonymous_51)
FNDA:0,(anonymous_52)
FNDA:0,(anonymous_53)
FNDA:0,(anonymous_54)
FNDA:0,(anonymous_55)
FNDA:0,(anonymous_56)
FNDA:0,(anonymous_57)
FNDA:0,(anonymous_58)
FNDA:0,(anonymous_59)
FNDA:0,(anonymous_60)
DA:6,0
DA:9,0
DA:12,0
DA:15,0
DA:20,0
DA:43,0
DA:44,0
DA:45,0
DA:47,0
DA:54,0
DA:55,0
DA:58,0
DA:59,0
DA:60,0
DA:62,0
DA:66,0
DA:67,0
DA:68,0
DA:70,0
DA:74,0
DA:75,0
DA:76,0
DA:78,0
DA:79,0
DA:83,0
DA:84,0
DA:85,0
DA:87,0
DA:88,0
DA:92,0
DA:93,0
DA:94,0
DA:96,0
DA:99,0
DA:101,0
DA:102,0
DA:110,0
DA:111,0
DA:118,0
DA:119,0
DA:120,0
DA:126,0
DA:127,0
DA:139,0
DA:140,0
DA:141,0
DA:145,0
DA:146,0
DA:147,0
DA:148,0
DA:152,0
DA:153,0
DA:155,0
DA:157,0
DA:158,0
DA:159,0
DA:167,0
DA:168,0
DA:169,0
DA:172,0
DA:173,0
DA:176,0
DA:180,0
DA:181,0
DA:182,0
DA:185,0
DA:187,0
DA:189,0
DA:190,0
DA:191,0
DA:192,0
DA:194,0
DA:197,0
DA:198,0
DA:200,0
DA:201,0
DA:205,0
DA:215,0
DA:216,0
DA:219,0
DA:220,0
DA:224,0
DA:229,0
DA:232,0
DA:233,0
DA:241,0
DA:243,0
DA:256,0
DA:263,0
DA:283,0
DA:286,0
DA:289,0
DA:296,0
DA:297,0
DA:298,0
DA:299,0
DA:307,0
DA:313,0
DA:314,0
DA:315,0
DA:316,0
DA:319,0
DA:320,0
DA:321,0
DA:327,0
DA:334,0
DA:335,0
DA:336,0
DA:338,0
DA:339,0
DA:340,0
DA:342,0
DA:346,0
DA:347,0
DA:348,0
DA:350,0
DA:354,0
DA:355,0
DA:356,0
DA:358,0
DA:368,0
DA:376,0
DA:377,0
DA:381,0
DA:382,0
DA:385,0
DA:386,0
DA:389,0
DA:390,0
DA:394,0
DA:395,0
DA:398,0
DA:399,0
DA:403,0
DA:404,0
DA:407,0
DA:408,0
DA:411,0
DA:412,0
DA:416,0
DA:417,0
DA:420,0
DA:421,0
DA:425,0
DA:426,0
DA:429,0
DA:430,0
DA:438,0
DA:439,0
DA:440,0
DA:443,0
DA:444,0
DA:445,0
DA:449,0
DA:450,0
DA:456,0
DA:458,0
DA:459,0
DA:467,0
DA:468,0
DA:469,0
DA:472,0
DA:473,0
DA:475,0
DA:480,0
DA:481,0
DA:484,0
DA:485,0
DA:487,0
DA:488,0
DA:496,0
DA:497,0
DA:498,0
DA:501,0
DA:502,0
DA:504,0
DA:509,0
DA:510,0
DA:513,0
DA:514,0
DA:516,0
DA:517,0
DA:525,0
DA:526,0
DA:527,0
DA:529,0
DA:530,0
DA:532,0
DA:535,0
DA:536,0
DA:537,0
DA:541,0
DA:543,0
DA:549,0
DA:551,0
DA:554,0
DA:555,0
DA:563,0
DA:564,0
DA:565,0
DA:567,0
DA:568,0
DA:570,0
DA:573,0
DA:574,0
DA:575,0
DA:579,0
DA:581,0
DA:587,0
DA:589,0
DA:592,0
DA:593,0
DA:601,0
DA:602,0
DA:603,0
DA:605,0
DA:606,0
DA:608,0
DA:611,0
DA:612,0
DA:616,0
DA:620,0
DA:622,0
DA:625,0
DA:626,0
DA:634,0
DA:635,0
DA:636,0
DA:639,0
DA:640,0
DA:642,0
DA:646,0
DA:647,0
DA:648,0
DA:651,0
DA:653,0
DA:657,0
DA:658,0
DA:660,0
DA:661,0
DA:669,0
DA:670,0
DA:671,0
DA:674,0
DA:675,0
DA:677,0
DA:681,0
DA:682,0
DA:683,0
DA:686,0
DA:688,0
DA:692,0
DA:693,0
DA:695,0
DA:696,0
DA:704,0
DA:705,0
DA:706,0
DA:707,0
DA:710,0
DA:711,0
DA:719,0
DA:720,0
DA:721,0
DA:722,0
DA:725,0
DA:726,0
DA:734,0
DA:736,0
DA:737,0
DA:738,0
DA:740,0
DA:741,0
DA:749,0
DA:751,0
DA:752,0
DA:753,0
DA:755,0
DA:756,0
DA:757,0
DA:765,0
DA:767,0
DA:768,0
DA:775,0
DA:777,0
DA:778,0
DA:785,0
DA:793,0
DA:801,0
DA:806,0
DA:813,0
DA:814,0
DA:815,0
DA:818,0
DA:819,0
DA:822,0
DA:824,0
DA:825,0
DA:826,0
DA:829,0
DA:831,0
DA:833,0
DA:834,0
DA:835,0
DA:836,0
DA:838,0
DA:839,0
DA:840,0
DA:842,0
DA:843,0
DA:847,0
DA:855,0
DA:856,0
LF:313
LH:0
BRDA:120,0,0,0
BRDA:120,0,1,0
BRDA:140,1,0,0
BRDA:140,1,1,0
BRDA:140,2,0,0
BRDA:140,2,1,0
BRDA:145,3,0,0
BRDA:145,3,1,0
BRDA:153,4,0,0
BRDA:153,4,1,0
BRDA:166,5,0,0
BRDA:187,6,0,0
BRDA:187,6,1,0
BRDA:219,7,0,0
BRDA:219,7,1,0
BRDA:241,8,0,0
BRDA:241,8,1,0
BRDA:264,9,0,0
BRDA:264,9,1,0
BRDA:265,10,0,0
BRDA:265,10,1,0
BRDA:266,11,0,0
BRDA:266,11,1,0
BRDA:297,12,0,0
BRDA:297,12,1,0
BRDA:297,13,0,0
BRDA:297,13,1,0
BRDA:308,14,0,0
BRDA:308,14,1,0
BRDA:309,15,0,0
BRDA:309,15,1,0
BRDA:310,16,0,0
BRDA:310,16,1,0
BRDA:315,17,0,0
BRDA:315,17,1,0
BRDA:320,18,0,0
BRDA:320,18,1,0
BRDA:338,19,0,0
BRDA:338,19,1,0
BRDA:339,20,0,0
BRDA:339,20,1,0
BRDA:346,21,0,0
BRDA:346,21,1,0
BRDA:347,22,0,0
BRDA:347,22,1,0
BRDA:354,23,0,0
BRDA:354,23,1,0
BRDA:355,24,0,0
BRDA:355,24,1,0
BRDA:444,25,0,0
BRDA:444,25,1,0
BRDA:449,26,0,0
BRDA:449,26,1,0
BRDA:456,27,0,0
BRDA:456,27,1,0
BRDA:468,28,0,0
BRDA:468,28,1,0
BRDA:497,29,0,0
BRDA:497,29,1,0
BRDA:529,30,0,0
BRDA:529,30,1,0
BRDA:535,31,0,0
BRDA:535,31,1,0
BRDA:535,32,0,0
BRDA:535,32,1,0
BRDA:551,33,0,0
BRDA:551,33,1,0
BRDA:567,34,0,0
BRDA:567,34,1,0
BRDA:573,35,0,0
BRDA:573,35,1,0
BRDA:573,36,0,0
BRDA:573,36,1,0
BRDA:589,37,0,0
BRDA:589,37,1,0
BRDA:605,38,0,0
BRDA:605,38,1,0
BRDA:611,39,0,0
BRDA:611,39,1,0
BRDA:622,40,0,0
BRDA:622,40,1,0
BRDA:635,41,0,0
BRDA:635,41,1,0
BRDA:646,42,0,0
BRDA:646,42,1,0
BRDA:646,43,0,0
BRDA:646,43,1,0
BRDA:670,44,0,0
BRDA:670,44,1,0
BRDA:681,45,0,0
BRDA:681,45,1,0
BRDA:681,46,0,0
BRDA:681,46,1,0
BRDA:705,47,0,0
BRDA:705,47,1,0
BRDA:720,48,0,0
BRDA:720,48,1,0
BRDA:734,49,0,0
BRDA:734,49,1,0
BRDA:736,50,0,0
BRDA:736,50,1,0
BRDA:749,51,0,0
BRDA:749,51,1,0
BRDA:765,52,0,0
BRDA:765,52,1,0
BRDA:775,53,0,0
BRDA:775,53,1,0
BRDA:806,54,0,0
BRDA:806,54,1,0
BRDA:812,55,0,0
BRDA:831,56,0,0
BRDA:831,56,1,0
BRF:112
BRH:0
end_of_record
TN:
SF:src/shared/connection-manager.js
FN:6,(anonymous_0)
FN:15,(anonymous_1)
FN:30,(anonymous_2)
FN:31,(anonymous_3)
FN:32,(anonymous_4)
FN:36,(anonymous_5)
FN:51,(anonymous_6)
FN:77,(anonymous_7)
FN:96,(anonymous_8)
FN:128,(anonymous_9)
FN:137,(anonymous_10)
FN:154,(anonymous_11)
FN:160,(anonymous_12)
FN:204,(anonymous_13)
FNF:14
FNH:0
FNDA:0,(anonymous_0)
FNDA:0,(anonymous_1)
FNDA:0,(anonymous_2)
FNDA:0,(anonymous_3)
FNDA:0,(anonymous_4)
FNDA:0,(anonymous_5)
FNDA:0,(anonymous_6)
FNDA:0,(anonymous_7)
FNDA:0,(anonymous_8)
FNDA:0,(anonymous_9)
FNDA:0,(anonymous_10)
FNDA:0,(anonymous_11)
FNDA:0,(anonymous_12)
FNDA:0,(anonymous_13)
DA:7,0
DA:8,0
DA:9,0
DA:16,0
DA:17,0
DA:21,0
DA:23,0
DA:31,0
DA:32,0
DA:33,0
DA:36,0
DA:37,0
DA:39,0
DA:40,0
DA:42,0
DA:52,0
DA:53,0
DA:56,0
DA:57,0
DA:61,0
DA:64,0
DA:65,0
DA:69,0
DA:74,0
DA:77,0
DA:80,0
DA:81,0
DA:82,0
DA:85,0
DA:88,0
DA:89,0
DA:97,0
DA:98,0
DA:99,0
DA:101,0
DA:102,0
DA:103,0
DA:105,0
DA:106,0
DA:107,0
DA:110,0
DA:112,0
DA:114,0
DA:115,0
DA:116,0
DA:119,0
DA:120,0
DA:121,0
DA:123,0
DA:124,0
DA:128,0
DA:138,0
DA:140,0
DA:154,0
DA:161,0
DA:162,0
DA:164,0
DA:165,0
DA:173,0
DA:175,0
DA:176,0
DA:183,0
DA:192,0
DA:205,0
DA:206,0
DA:208,0
DA:210,0
DA:211,0
DA:212,0
DA:215,0
DA:216,0
DA:217,0
DA:221,0
DA:224,0
DA:226,0
DA:227,0
DA:228,0
DA:230,0
DA:231,0
DA:235,0
DA:236,0
DA:242,0
DA:245,0
DA:246,0
LF:84
LH:0
BRDA:21,0,0,0
BRDA:21,0,1,0
BRDA:30,1,0,0
BRDA:39,2,0,0
BRDA:39,2,1,0
BRDA:56,3,0,0
BRDA:56,3,1,0
BRDA:64,4,0,0
BRDA:64,4,1,0
BRDA:81,5,0,0
BRDA:81,5,1,0
BRDA:96,6,0,0
BRDA:97,7,0,0
BRDA:97,7,1,0
BRDA:98,8,0,0
BRDA:98,8,1,0
BRDA:99,9,0,0
BRDA:99,9,1,0
BRDA:112,10,0,0
BRDA:112,10,1,0
BRDA:138,11,0,0
BRDA:138,11,1,0
BRDA:164,12,0,0
BRDA:164,12,1,0
BRDA:175,13,0,0
BRDA:175,13,1,0
BRDA:210,14,0,0
BRDA:210,14,1,0
BRDA:215,15,0,0
BRDA:215,15,1,0
BRDA:226,16,0,0
BRDA:226,16,1,0
BRDA:245,17,0,0
BRDA:245,17,1,0
BRDA:245,18,0,0
BRDA:245,18,1,0
BRF:36
BRH:0
end_of_record
TN:
SF:src/shared/constants.js
FNF:0
FNH:0
DA:6,0
DA:14,0
DA:21,0
DA:28,0
DA:58,0
DA:80,0
DA:83,0
DA:90,0
DA:91,0
LF:9
LH:0
BRDA:90,0,0,0
BRDA:90,0,1,0
BRDA:90,1,0,0
BRDA:90,1,1,0
BRF:4
BRH:0
end_of_record
TN:
SF:src/shared/messaging.ts
FN:21,sendToBg
FN:22,(anonymous_1)
FN:28,(anonymous_2)
FN:41,sendToContent
FN:42,(anonymous_4)
FN:48,(anonymous_5)
FN:61,broadcastToAllTabs
FN:63,(anonymous_7)
FN:65,(anonymous_8)
FN:117,(anonymous_9)
FN:121,(anonymous_10)
FN:122,(anonymous_11)
FN:128,(anonymous_12)
FN:142,(anonymous_13)
FN:146,(anonymous_14)
FN:150,(anonymous_15)
FNF:16
FNH:3
FNDA:9,sendToBg
FNDA:9,(anonymous_1)
FNDA:9,(anonymous_2)
FNDA:0,sendToContent
FNDA:0,(anonymous_4)
FNDA:0,(anonymous_5)
FNDA:0,broadcastToAllTabs
FNDA:0,(anonymous_7)
FNDA:0,(anonymous_8)
FNDA:0,(anonymous_9)
FNDA:0,(anonymous_10)
FNDA:0,(anonymous_11)
FNDA:0,(anonymous_12)
FNDA:0,(anonymous_13)
FNDA:0,(anonymous_14)
FNDA:0,(anonymous_15)
DA:21,1
DA:22,9
DA:23,9
DA:28,9
DA:29,9
DA:30,0
DA:32,9
DA:41,1
DA:42,0
DA:43,0
DA:48,0
DA:49,0
DA:50,0
DA:52,0
DA:61,1
DA:62,0
DA:63,0
DA:64,0
DA:65,0
DA:71,0
DA:77,1
DA:114,1
DA:115,0
DA:118,0
DA:122,0
DA:123,0
DA:124,0
DA:125,0
DA:126,0
DA:127,0
DA:128,0
DA:129,0
DA:131,0
DA:133,0
DA:136,0
DA:143,0
DA:147,0
DA:151,0
LF:38
LH:10
BRDA:29,0,0,0
BRDA:29,0,1,9
BRDA:32,1,0,9
BRDA:32,1,1,0
BRDA:49,2,0,0
BRDA:49,2,1,0
BRDA:52,3,0,0
BRDA:52,3,1,0
BRDA:64,4,0,0
BRDA:124,5,0,0
BRDA:127,6,0,0
BRDA:127,6,1,0
BRF:12
BRH:2
end_of_record
TN:
SF:src/shared/utils.js
FN:11,(anonymous_0)
FN:15,(anonymous_1)
FN:19,(anonymous_2)
FN:34,(anonymous_3)
FN:35,(anonymous_4)
FN:42,(anonymous_5)
FN:55,(anonymous_6)
FN:69,(anonymous_7)
FN:72,(anonymous_8)
FN:94,(anonymous_9)
FN:116,(anonymous_10)
FN:130,(anonymous_11)
FN:145,(anonymous_12)
FN:156,(anonymous_13)
FN:169,debounce
FN:171,executedFunction
FN:172,(anonymous_16)
FN:187,throttle
FN:189,(anonymous_18)
FN:193,(anonymous_19)
FN:202,generateId
FNF:21
FNH:0
FNDA:0,(anonymous_0)
FNDA:0,(anonymous_1)
FNDA:0,(anonymous_2)
FNDA:0,(anonymous_3)
FNDA:0,(anonymous_4)
FNDA:0,(anonymous_5)
FNDA:0,(anonymous_6)
FNDA:0,(anonymous_7)
FNDA:0,(anonymous_8)
FNDA:0,(anonymous_9)
FNDA:0,(anonymous_10)
FNDA:0,(anonymous_11)
FNDA:0,(anonymous_12)
FNDA:0,(anonymous_13)
FNDA:0,debounce
FNDA:0,executedFunction
FNDA:0,(anonymous_16)
FNDA:0,throttle
FNDA:0,(anonymous_18)
FNDA:0,(anonymous_19)
FNDA:0,generateId
DA:8,0
DA:12,0
DA:16,0
DA:20,0
DA:27,0
DA:35,0
DA:36,0
DA:37,0
DA:38,0
DA:39,0
DA:42,0
DA:43,0
DA:44,0
DA:45,0
DA:46,0
DA:50,0
DA:55,0
DA:56,0
DA:57,0
DA:70,0
DA:72,0
DA:73,0
DA:74,0
DA:75,0
DA:76,0
DA:78,0
DA:82,0
DA:83,0
DA:86,0
DA:96,0
DA:97,0
DA:100,0
DA:101,0
DA:102,0
DA:103,0
DA:110,0
DA:117,0
DA:118,0
DA:119,0
DA:121,0
DA:131,0
DA:132,0
DA:133,0
DA:134,0
DA:136,0
DA:146,0
DA:147,0
DA:148,0
DA:157,0
DA:158,0
DA:159,0
DA:171,0
DA:172,0
DA:173,0
DA:174,0
DA:176,0
DA:177,0
DA:189,0
DA:190,0
DA:191,0
DA:192,0
DA:193,0
DA:203,0
DA:207,0
DA:208,0
LF:65
LH:0
BRDA:34,0,0,0
BRDA:37,1,0,0
BRDA:37,1,1,0
BRDA:44,2,0,0
BRDA:44,2,1,0
BRDA:69,3,0,0
BRDA:69,4,0,0
BRDA:73,5,0,0
BRDA:73,5,1,0
BRDA:75,6,0,0
BRDA:75,6,1,0
BRDA:75,7,0,0
BRDA:75,7,1,0
BRDA:82,8,0,0
BRDA:82,8,1,0
BRDA:94,9,0,0
BRDA:96,10,0,0
BRDA:96,10,1,0
BRDA:190,11,0,0
BRDA:190,11,1,0
BRDA:207,12,0,0
BRDA:207,12,1,0
BRDA:207,13,0,0
BRDA:207,13,1,0
BRF:24
BRH:0
end_of_record
TN:
SF:src/sidepanel/sidepanel.js
FN:6,(anonymous_0)
FN:22,(anonymous_1)
FN:52,(anonymous_2)
FN:60,(anonymous_3)
FN:77,(anonymous_4)
FN:134,(anonymous_5)
FN:150,(anonymous_6)
FN:156,(anonymous_7)
FN:175,(anonymous_8)
FN:192,(anonymous_9)
FN:221,(anonymous_10)
FN:234,(anonymous_11)
FN:245,(anonymous_12)
FN:255,(anonymous_13)
FN:262,(anonymous_14)
FN:273,(anonymous_15)
FN:275,(anonymous_16)
FN:279,(anonymous_17)
FN:284,(anonymous_18)
FN:285,(anonymous_19)
FN:307,(anonymous_20)
FN:309,(anonymous_21)
FN:310,(anonymous_22)
FN:311,(anonymous_23)
FN:312,(anonymous_24)
FN:313,(anonymous_25)
FN:314,(anonymous_26)
FN:315,(anonymous_27)
FN:316,(anonymous_28)
FN:319,(anonymous_29)
FN:322,(anonymous_30)
FN:332,(anonymous_31)
FN:334,(anonymous_32)
FN:338,(anonymous_33)
FN:342,(anonymous_34)
FN:350,(anonymous_35)
FN:351,(anonymous_36)
FN:355,(anonymous_37)
FN:359,(anonymous_38)
FN:364,(anonymous_39)
FN:368,(anonymous_40)
FN:372,(anonymous_41)
FN:380,(anonymous_42)
FN:381,(anonymous_43)
FN:385,(anonymous_44)
FN:389,(anonymous_45)
FN:397,(anonymous_46)
FN:399,(anonymous_47)
FN:404,(anonymous_48)
FN:417,(anonymous_49)
FN:440,(anonymous_50)
FN:463,(anonymous_51)
FN:524,(anonymous_52)
FN:534,(anonymous_53)
FN:587,(anonymous_54)
FN:607,(anonymous_55)
FN:610,(anonymous_56)
FN:619,(anonymous_57)
FN:639,(anonymous_58)
FN:648,(anonymous_59)
FN:652,(anonymous_60)
FN:656,(anonymous_61)
FN:666,(anonymous_62)
FN:673,(anonymous_63)
FN:693,(anonymous_64)
FN:702,(anonymous_65)
FN:717,(anonymous_66)
FN:721,(anonymous_67)
FN:729,(anonymous_68)
FN:730,(anonymous_69)
FN:738,(anonymous_70)
FN:747,(anonymous_71)
FN:756,(anonymous_72)
FN:764,(anonymous_73)
FN:790,(anonymous_74)
FN:795,(anonymous_75)
FN:805,(anonymous_76)
FN:815,(anonymous_77)
FN:817,(anonymous_78)
FN:822,(anonymous_79)
FN:833,(anonymous_80)
FN:840,(anonymous_81)
FN:846,(anonymous_82)
FN:858,(anonymous_83)
FN:862,(anonymous_84)
FN:880,(anonymous_85)
FN:888,(anonymous_86)
FN:894,(anonymous_87)
FN:895,(anonymous_88)
FN:916,(anonymous_89)
FN:928,(anonymous_90)
FN:937,(anonymous_91)
FN:963,(anonymous_92)
FN:969,(anonymous_93)
FN:970,(anonymous_94)
FN:987,(anonymous_95)
FN:998,(anonymous_96)
FN:1009,(anonymous_97)
FNF:98
FNH:0
FNDA:0,(anonymous_0)
FNDA:0,(anonymous_1)
FNDA:0,(anonymous_2)
FNDA:0,(anonymous_3)
FNDA:0,(anonymous_4)
FNDA:0,(anonymous_5)
FNDA:0,(anonymous_6)
FNDA:0,(anonymous_7)
FNDA:0,(anonymous_8)
FNDA:0,(anonymous_9)
FNDA:0,(anonymous_10)
FNDA:0,(anonymous_11)
FNDA:0,(anonymous_12)
FNDA:0,(anonymous_13)
FNDA:0,(anonymous_14)
FNDA:0,(anonymous_15)
FNDA:0,(anonymous_16)
FNDA:0,(anonymous_17)
FNDA:0,(anonymous_18)
FNDA:0,(anonymous_19)
FNDA:0,(anonymous_20)
FNDA:0,(anonymous_21)
FNDA:0,(anonymous_22)
FNDA:0,(anonymous_23)
FNDA:0,(anonymous_24)
FNDA:0,(anonymous_25)
FNDA:0,(anonymous_26)
FNDA:0,(anonymous_27)
FNDA:0,(anonymous_28)
FNDA:0,(anonymous_29)
FNDA:0,(anonymous_30)
FNDA:0,(anonymous_31)
FNDA:0,(anonymous_32)
FNDA:0,(anonymous_33)
FNDA:0,(anonymous_34)
FNDA:0,(anonymous_35)
FNDA:0,(anonymous_36)
FNDA:0,(anonymous_37)
FNDA:0,(anonymous_38)
FNDA:0,(anonymous_39)
FNDA:0,(anonymous_40)
FNDA:0,(anonymous_41)
FNDA:0,(anonymous_42)
FNDA:0,(anonymous_43)
FNDA:0,(anonymous_44)
FNDA:0,(anonymous_45)
FNDA:0,(anonymous_46)
FNDA:0,(anonymous_47)
FNDA:0,(anonymous_48)
FNDA:0,(anonymous_49)
FNDA:0,(anonymous_50)
FNDA:0,(anonymous_51)
FNDA:0,(anonymous_52)
FNDA:0,(anonymous_53)
FNDA:0,(anonymous_54)
FNDA:0,(anonymous_55)
FNDA:0,(anonymous_56)
FNDA:0,(anonymous_57)
FNDA:0,(anonymous_58)
FNDA:0,(anonymous_59)
FNDA:0,(anonymous_60)
FNDA:0,(anonymous_61)
FNDA:0,(anonymous_62)
FNDA:0,(anonymous_63)
FNDA:0,(anonymous_64)
FNDA:0,(anonymous_65)
FNDA:0,(anonymous_66)
FNDA:0,(anonymous_67)
FNDA:0,(anonymous_68)
FNDA:0,(anonymous_69)
FNDA:0,(anonymous_70)
FNDA:0,(anonymous_71)
FNDA:0,(anonymous_72)
FNDA:0,(anonymous_73)
FNDA:0,(anonymous_74)
FNDA:0,(anonymous_75)
FNDA:0,(anonymous_76)
FNDA:0,(anonymous_77)
FNDA:0,(anonymous_78)
FNDA:0,(anonymous_79)
FNDA:0,(anonymous_80)
FNDA:0,(anonymous_81)
FNDA:0,(anonymous_82)
FNDA:0,(anonymous_83)
FNDA:0,(anonymous_84)
FNDA:0,(anonymous_85)
FNDA:0,(anonymous_86)
FNDA:0,(anonymous_87)
FNDA:0,(anonymous_88)
FNDA:0,(anonymous_89)
FNDA:0,(anonymous_90)
FNDA:0,(anonymous_91)
FNDA:0,(anonymous_92)
FNDA:0,(anonymous_93)
FNDA:0,(anonymous_94)
FNDA:0,(anonymous_95)
FNDA:0,(anonymous_96)
FNDA:0,(anonymous_97)
DA:7,0
DA:8,0
DA:9,0
DA:10,0
DA:16,0
DA:23,0
DA:25,0
DA:28,0
DA:31,0
DA:34,0
DA:37,0
DA:40,0
DA:42,0
DA:44,0
DA:45,0
DA:53,0
DA:54,0
DA:61,0
DA:62,0
DA:63,0
DA:69,0
DA:70,0
DA:78,0
DA:79,0
DA:80,0
DA:84,0
DA:85,0
DA:86,0
DA:96,0
DA:100,0
DA:102,0
DA:112,0
DA:115,0
DA:117,0
DA:135,0
DA:137,0
DA:150,0
DA:157,0
DA:159,0
DA:160,0
DA:161,0
DA:162,0
DA:163,0
DA:164,0
DA:166,0
DA:168,0
DA:177,0
DA:180,0
DA:183,0
DA:186,0
DA:193,0
DA:194,0
DA:196,0
DA:197,0
DA:198,0
DA:201,0
DA:202,0
DA:203,0
DA:204,0
DA:205,0
DA:206,0
DA:207,0
DA:208,0
DA:209,0
DA:211,0
DA:212,0
DA:213,0
DA:223,0
DA:234,0
DA:235,0
DA:236,0
DA:237,0
DA:246,0
DA:249,0
DA:256,0
DA:262,0
DA:263,0
DA:264,0
DA:265,0
DA:275,0
DA:276,0
DA:279,0
DA:280,0
DA:284,0
DA:285,0
DA:286,0
DA:287,0
DA:292,0
DA:295,0
DA:298,0
DA:301,0
DA:308,0
DA:309,0
DA:310,0
DA:311,0
DA:312,0
DA:313,0
DA:314,0
DA:315,0
DA:316,0
DA:319,0
DA:320,0
DA:321,0
DA:322,0
DA:323,0
DA:334,0
DA:335,0
DA:338,0
DA:339,0
DA:342,0
DA:343,0
DA:351,0
DA:352,0
DA:355,0
DA:356,0
DA:359,0
DA:360,0
DA:364,0
DA:365,0
DA:368,0
DA:369,0
DA:372,0
DA:373,0
DA:381,0
DA:382,0
DA:385,0
DA:386,0
DA:389,0
DA:390,0
DA:399,0
DA:400,0
DA:404,0
DA:405,0
DA:409,0
DA:410,0
DA:418,0
DA:419,0
DA:420,0
DA:423,0
DA:424,0
DA:430,0
DA:432,0
DA:433,0
DA:441,0
DA:442,0
DA:443,0
DA:446,0
DA:447,0
DA:453,0
DA:455,0
DA:456,0
DA:464,0
DA:465,0
DA:466,0
DA:470,0
DA:471,0
DA:472,0
DA:476,0
DA:478,0
DA:479,0
DA:481,0
DA:482,0
DA:484,0
DA:485,0
DA:487,0
DA:490,0
DA:491,0
DA:494,0
DA:499,0
DA:500,0
DA:501,0
DA:503,0
DA:507,0
DA:509,0
DA:510,0
DA:512,0
DA:513,0
DA:515,0
DA:516,0
DA:517,0
DA:520,0
DA:524,0
DA:525,0
DA:526,0
DA:535,0
DA:536,0
DA:537,0
DA:541,0
DA:542,0
DA:543,0
DA:546,0
DA:547,0
DA:549,0
DA:552,0
DA:556,0
DA:557,0
DA:558,0
DA:559,0
DA:560,0
DA:562,0
DA:566,0
DA:568,0
DA:569,0
DA:571,0
DA:572,0
DA:573,0
DA:576,0
DA:579,0
DA:580,0
DA:588,0
DA:589,0
DA:590,0
DA:592,0
DA:594,0
DA:596,0
DA:597,0
DA:598,0
DA:599,0
DA:602,0
DA:603,0
DA:606,0
DA:607,0
DA:610,0
DA:611,0
DA:612,0
DA:620,0
DA:621,0
DA:622,0
DA:638,0
DA:639,0
DA:640,0
DA:644,0
DA:645,0
DA:646,0
DA:648,0
DA:649,0
DA:652,0
DA:653,0
DA:656,0
DA:657,0
DA:660,0
DA:667,0
DA:674,0
DA:675,0
DA:677,0
DA:678,0
DA:681,0
DA:682,0
DA:683,0
DA:684,0
DA:685,0
DA:686,0
DA:688,0
DA:693,0
DA:694,0
DA:695,0
DA:703,0
DA:705,0
DA:706,0
DA:707,0
DA:709,0
DA:710,0
DA:718,0
DA:720,0
DA:721,0
DA:722,0
DA:730,0
DA:731,0
DA:739,0
DA:744,0
DA:748,0
DA:753,0
DA:757,0
DA:758,0
DA:760,0
DA:766,0
DA:767,0
DA:771,0
DA:772,0
DA:775,0
DA:776,0
DA:777,0
DA:779,0
DA:780,0
DA:781,0
DA:784,0
DA:792,0
DA:796,0
DA:797,0
DA:798,0
DA:800,0
DA:801,0
DA:806,0
DA:807,0
DA:808,0
DA:810,0
DA:811,0
DA:816,0
DA:817,0
DA:818,0
DA:823,0
DA:824,0
DA:825,0
DA:826,0
DA:830,0
DA:834,0
DA:835,0
DA:836,0
DA:837,0
DA:841,0
DA:842,0
DA:847,0
DA:848,0
DA:849,0
DA:850,0
DA:851,0
DA:852,0
DA:853,0
DA:854,0
DA:855,0
DA:859,0
DA:860,0
DA:861,0
DA:862,0
DA:863,0
DA:864,0
DA:865,0
DA:866,0
DA:867,0
DA:868,0
DA:869,0
DA:870,0
DA:871,0
DA:873,0
DA:877,0
DA:881,0
DA:882,0
DA:889,0
DA:890,0
DA:891,0
DA:894,0
DA:895,0
DA:898,0
DA:902,0
DA:903,0
DA:904,0
DA:907,0
DA:909,0
DA:911,0
DA:912,0
DA:915,0
DA:916,0
DA:917,0
DA:920,0
DA:921,0
DA:923,0
DA:924,0
DA:928,0
DA:938,0
DA:939,0
DA:942,0
DA:943,0
DA:947,0
DA:952,0
DA:955,0
DA:956,0
DA:964,0
DA:965,0
DA:966,0
DA:969,0
DA:970,0
DA:973,0
DA:975,0
DA:976,0
DA:977,0
DA:980,0
DA:982,0
DA:984,0
DA:985,0
DA:986,0
DA:987,0
DA:989,0
DA:990,0
DA:991,0
DA:993,0
DA:994,0
DA:998,0
DA:1006,0
DA:1009,0
DA:1010,0
LF:390
LH:0
BRDA:63,0,0,0
BRDA:63,0,1,0
BRDA:79,1,0,0
BRDA:79,1,1,0
BRDA:84,2,0,0
BRDA:84,2,1,0
BRDA:102,3,0,0
BRDA:102,3,1,0
BRDA:118,4,0,0
BRDA:118,4,1,0
BRDA:119,5,0,0
BRDA:119,5,1,0
BRDA:135,6,0,0
BRDA:135,6,1,0
BRDA:157,7,0,0
BRDA:157,7,1,0
BRDA:160,8,0,0
BRDA:160,8,1,0
BRDA:161,9,0,0
BRDA:161,9,1,0
BRDA:162,10,0,0
BRDA:162,10,1,0
BRDA:163,11,0,0
BRDA:163,11,1,0
BRDA:164,12,0,0
BRDA:164,12,1,0
BRDA:196,13,0,0
BRDA:196,13,1,0
BRDA:196,14,0,0
BRDA:196,14,1,0
BRDA:201,15,0,0
BRDA:201,15,1,0
BRDA:202,16,0,0
BRDA:202,16,1,0
BRDA:206,17,0,0
BRDA:206,17,1,0
BRDA:224,18,0,0
BRDA:224,18,1,0
BRDA:225,19,0,0
BRDA:225,19,1,0
BRDA:226,20,0,0
BRDA:226,20,1,0
BRDA:227,21,0,0
BRDA:227,21,1,0
BRDA:228,22,0,0
BRDA:228,22,1,0
BRDA:229,23,0,0
BRDA:229,23,1,0
BRDA:230,24,0,0
BRDA:230,24,1,0
BRDA:231,25,0,0
BRDA:231,25,1,0
BRDA:236,26,0,0
BRDA:236,26,1,0
BRDA:246,27,0,0
BRDA:246,27,1,0
BRDA:264,28,0,0
BRDA:264,28,1,0
BRDA:321,29,0,0
BRDA:321,29,1,0
BRDA:409,30,0,0
BRDA:409,30,1,0
BRDA:423,31,0,0
BRDA:423,31,1,0
BRDA:430,32,0,0
BRDA:430,32,1,0
BRDA:446,33,0,0
BRDA:446,33,1,0
BRDA:453,34,0,0
BRDA:453,34,1,0
BRDA:465,35,0,0
BRDA:465,35,1,0
BRDA:470,36,0,0
BRDA:470,36,1,0
BRDA:476,37,0,0
BRDA:476,37,1,0
BRDA:476,37,2,0
BRDA:476,37,3,0
BRDA:499,38,0,0
BRDA:499,38,1,0
BRDA:503,39,0,0
BRDA:503,39,1,0
BRDA:512,40,0,0
BRDA:512,40,1,0
BRDA:515,41,0,0
BRDA:515,41,1,0
BRDA:536,42,0,0
BRDA:536,42,1,0
BRDA:541,43,0,0
BRDA:541,43,1,0
BRDA:556,44,0,0
BRDA:556,44,1,0
BRDA:556,45,0,0
BRDA:556,45,1,0
BRDA:568,46,0,0
BRDA:568,46,1,0
BRDA:571,47,0,0
BRDA:571,47,1,0
BRDA:592,48,0,0
BRDA:592,48,1,0
BRDA:594,49,0,0
BRDA:594,49,1,0
BRDA:596,50,0,0
BRDA:596,50,1,0
BRDA:624,51,0,0
BRDA:624,51,1,0
BRDA:624,52,0,0
BRDA:624,52,1,0
BRDA:627,53,0,0
BRDA:627,53,1,0
BRDA:627,53,2,0
BRDA:627,54,0,0
BRDA:627,54,1,0
BRDA:631,55,0,0
BRDA:631,55,1,0
BRDA:632,56,0,0
BRDA:632,56,1,0
BRDA:633,57,0,0
BRDA:633,57,1,0
BRDA:673,58,0,0
BRDA:677,59,0,0
BRDA:677,59,1,0
BRDA:681,60,0,0
BRDA:681,60,1,0
BRDA:683,61,0,0
BRDA:683,61,1,0
BRDA:685,62,0,0
BRDA:685,62,1,0
BRDA:694,63,0,0
BRDA:694,63,1,0
BRDA:695,64,0,0
BRDA:695,64,1,0
BRDA:703,65,0,0
BRDA:703,65,1,0
BRDA:705,66,0,0
BRDA:705,66,1,0
BRDA:718,67,0,0
BRDA:718,67,1,0
BRDA:744,68,0,0
BRDA:744,68,1,0
BRDA:753,69,0,0
BRDA:753,69,1,0
BRDA:758,70,0,0
BRDA:758,70,1,0
BRDA:766,71,0,0
BRDA:766,71,1,0
BRDA:766,72,0,0
BRDA:766,72,1,0
BRDA:766,72,2,0
BRDA:766,72,3,0
BRDA:766,72,4,0
BRDA:771,73,0,0
BRDA:771,73,1,0
BRDA:779,74,0,0
BRDA:779,74,1,0
BRDA:824,75,0,0
BRDA:824,75,1,0
BRDA:841,76,0,0
BRDA:841,76,1,0
BRDA:864,77,0,0
BRDA:864,77,1,0
BRDA:888,78,0,0
BRDA:909,79,0,0
BRDA:909,79,1,0
BRDA:942,80,0,0
BRDA:942,80,1,0
BRDA:963,81,0,0
BRDA:982,82,0,0
BRDA:982,82,1,0
BRF:169
BRH:0
end_of_record
