TN:
SF:src/background/service-worker.js
FN:7,(anonymous_0)
FN:30,initializeSettings
FN:67,createContextMenus
FN:69,(anonymous_3)
FN:136,(anonymous_4)
FN:183,handleEnableTextSelection
FN:206,handlePreviewLink
FN:220,handleExtractImages
FN:240,(anonymous_8)
FN:250,handleMessage
FN:294,getSettings
FN:307,updateSettings
FN:320,(anonymous_12)
FN:330,(anonymous_13)
FNF:14
FNH:0
FNDA:0,(anonymous_0)
FNDA:0,initializeSettings
FNDA:0,createContextMenus
FNDA:0,(anonymous_3)
FNDA:0,(anonymous_4)
FNDA:0,handleEnableTextSelection
FNDA:0,handlePreviewLink
FNDA:0,handleExtractImages
FNDA:0,(anonymous_8)
FNDA:0,handleMessage
FNDA:0,getSettings
FNDA:0,updateSettings
FNDA:0,(anonymous_12)
FNDA:0,(anonymous_13)
DA:7,0
DA:8,0
DA:11,0
DA:14,0
DA:17,0
DA:18,0
DA:31,0
DA:32,0
DA:34,0
DA:35,0
DA:56,0
DA:57,0
DA:60,0
DA:69,0
DA:71,0
DA:78,0
DA:86,0
DA:93,0
DA:101,0
DA:108,0
DA:116,0
DA:124,0
DA:136,0
DA:137,0
DA:139,0
DA:140,0
DA:142,0
DA:143,0
DA:146,0
DA:147,0
DA:148,0
DA:155,0
DA:158,0
DA:159,0
DA:162,0
DA:163,0
DA:166,0
DA:167,0
DA:169,0
DA:172,0
DA:173,0
DA:176,0
DA:184,0
DA:185,0
DA:191,0
DA:192,0
DA:199,0
DA:207,0
DA:208,0
DA:213,0
DA:221,0
DA:222,0
DA:226,0
DA:227,0
DA:230,0
DA:233,0
DA:240,0
DA:241,0
DA:243,0
DA:244,0
DA:251,0
DA:252,0
DA:254,0
DA:256,0
DA:257,0
DA:258,0
DA:261,0
DA:262,0
DA:263,0
DA:266,0
DA:272,0
DA:273,0
DA:276,0
DA:277,0
DA:279,0
DA:280,0
DA:283,0
DA:286,0
DA:287,0
DA:295,0
DA:296,0
DA:297,0
DA:299,0
DA:300,0
DA:308,0
DA:309,0
DA:310,0
DA:312,0
DA:313,0
DA:320,0
DA:322,0
DA:323,0
DA:330,0
DA:332,0
DA:333,0
DA:335,0
DA:339,0
LF:97
LH:0
BRDA:17,0,0,0
BRDA:17,0,1,0
BRDA:34,1,0,0
BRDA:34,1,1,0
BRDA:140,2,0,0
BRDA:140,2,1,0
BRDA:140,2,2,0
BRDA:140,2,3,0
BRDA:140,2,4,0
BRDA:140,2,5,0
BRDA:146,3,0,0
BRDA:146,3,1,0
BRDA:152,4,0,0
BRDA:152,4,1,0
BRDA:166,5,0,0
BRDA:166,5,1,0
BRDA:226,6,0,0
BRDA:226,6,1,0
BRDA:226,7,0,0
BRDA:226,7,1,0
BRDA:254,8,0,0
BRDA:254,8,1,0
BRDA:254,8,2,0
BRDA:254,8,3,0
BRDA:254,8,4,0
BRDA:269,9,0,0
BRDA:269,9,1,0
BRDA:276,10,0,0
BRDA:276,10,1,0
BRDA:297,11,0,0
BRDA:297,11,1,0
BRDA:322,12,0,0
BRDA:322,12,1,0
BRDA:322,13,0,0
BRDA:322,13,1,0
BRF:35
BRH:0
end_of_record
TN:
SF:src/content/link-rewriter.ts
FN:25,(anonymous_0)
FN:30,(anonymous_1)
FN:48,(anonymous_2)
FN:72,(anonymous_3)
FN:74,(anonymous_4)
FN:77,(anonymous_5)
FN:79,(anonymous_6)
FN:88,(anonymous_7)
FN:120,(anonymous_8)
FN:124,(anonymous_9)
FN:126,(anonymous_10)
FN:145,(anonymous_11)
FN:160,(anonymous_12)
FN:170,(anonymous_13)
FN:172,(anonymous_14)
FN:176,(anonymous_15)
FN:184,(anonymous_16)
FN:199,(anonymous_17)
FN:213,(anonymous_18)
FN:259,(anonymous_19)
FN:266,(anonymous_20)
FN:293,(anonymous_21)
FN:300,(anonymous_22)
FN:317,(anonymous_23)
FN:336,(anonymous_24)
FN:350,(anonymous_25)
FN:372,(anonymous_26)
FN:373,(anonymous_27)
FN:375,(anonymous_28)
FN:376,(anonymous_29)
FN:378,(anonymous_30)
FN:388,(anonymous_31)
FN:403,(anonymous_32)
FN:416,(anonymous_33)
FN:428,(anonymous_34)
FN:430,(anonymous_35)
FN:451,(anonymous_36)
FN:466,(anonymous_37)
FNF:38
FNH:0
FNDA:0,(anonymous_0)
FNDA:0,(anonymous_1)
FNDA:0,(anonymous_2)
FNDA:0,(anonymous_3)
FNDA:0,(anonymous_4)
FNDA:0,(anonymous_5)
FNDA:0,(anonymous_6)
FNDA:0,(anonymous_7)
FNDA:0,(anonymous_8)
FNDA:0,(anonymous_9)
FNDA:0,(anonymous_10)
FNDA:0,(anonymous_11)
FNDA:0,(anonymous_12)
FNDA:0,(anonymous_13)
FNDA:0,(anonymous_14)
FNDA:0,(anonymous_15)
FNDA:0,(anonymous_16)
FNDA:0,(anonymous_17)
FNDA:0,(anonymous_18)
FNDA:0,(anonymous_19)
FNDA:0,(anonymous_20)
FNDA:0,(anonymous_21)
FNDA:0,(anonymous_22)
FNDA:0,(anonymous_23)
FNDA:0,(anonymous_24)
FNDA:0,(anonymous_25)
FNDA:0,(anonymous_26)
FNDA:0,(anonymous_27)
FNDA:0,(anonymous_28)
FNDA:0,(anonymous_29)
FNDA:0,(anonymous_30)
FNDA:0,(anonymous_31)
FNDA:0,(anonymous_32)
FNDA:0,(anonymous_33)
FNDA:0,(anonymous_34)
FNDA:0,(anonymous_35)
FNDA:0,(anonymous_36)
FNDA:0,(anonymous_37)
DA:18,0
DA:20,0
DA:21,0
DA:22,0
DA:23,0
DA:26,0
DA:27,0
DA:31,0
DA:34,0
DA:37,0
DA:40,0
DA:43,0
DA:44,0
DA:49,0
DA:51,0
DA:53,0
DA:54,0
DA:55,0
DA:56,0
DA:58,0
DA:59,0
DA:60,0
DA:62,0
DA:64,0
DA:65,0
DA:67,0
DA:68,0
DA:73,0
DA:74,0
DA:79,0
DA:80,0
DA:82,0
DA:85,0
DA:89,0
DA:91,0
DA:92,0
DA:93,0
DA:94,0
DA:97,0
DA:100,0
DA:102,0
DA:103,0
DA:105,0
DA:106,0
DA:109,0
DA:112,0
DA:116,0
DA:121,0
DA:126,0
DA:127,0
DA:129,0
DA:130,0
DA:134,0
DA:135,0
DA:138,0
DA:139,0
DA:142,0
DA:147,0
DA:148,0
DA:150,0
DA:151,0
DA:155,0
DA:158,0
DA:159,0
DA:160,0
DA:161,0
DA:162,0
DA:163,0
DA:166,0
DA:172,0
DA:173,0
DA:176,0
DA:177,0
DA:181,0
DA:185,0
DA:187,0
DA:188,0
DA:189,0
DA:190,0
DA:196,0
DA:200,0
DA:202,0
DA:203,0
DA:204,0
DA:205,0
DA:210,0
DA:214,0
DA:216,0
DA:217,0
DA:218,0
DA:234,0
DA:235,0
DA:236,0
DA:243,0
DA:244,0
DA:245,0
DA:246,0
DA:254,0
DA:255,0
DA:256,0
DA:260,0
DA:261,0
DA:262,0
DA:267,0
DA:269,0
DA:272,0
DA:273,0
DA:275,0
DA:276,0
DA:277,0
DA:280,0
DA:281,0
DA:283,0
DA:285,0
DA:286,0
DA:288,0
DA:289,0
DA:294,0
DA:295,0
DA:296,0
DA:302,0
DA:304,0
DA:310,0
DA:311,0
DA:314,0
DA:318,0
DA:320,0
DA:321,0
DA:337,0
DA:339,0
DA:340,0
DA:352,0
DA:353,0
DA:354,0
DA:356,0
DA:359,0
DA:360,0
DA:361,0
DA:363,0
DA:367,0
DA:368,0
DA:369,0
DA:373,0
DA:375,0
DA:376,0
DA:377,0
DA:378,0
DA:379,0
DA:380,0
DA:383,0
DA:384,0
DA:387,0
DA:388,0
DA:397,0
DA:404,0
DA:405,0
DA:406,0
DA:408,0
DA:417,0
DA:418,0
DA:421,0
DA:422,0
DA:423,0
DA:424,0
DA:430,0
DA:431,0
DA:433,0
DA:436,0
DA:437,0
DA:438,0
DA:442,0
DA:445,0
DA:450,0
DA:451,0
DA:452,0
DA:453,0
DA:460,0
DA:461,0
DA:466,0
DA:467,0
DA:474,0
DA:475,0
LF:182
LH:0
BRDA:43,0,0,0
BRDA:51,1,0,0
BRDA:51,1,1,0
BRDA:51,1,2,0
BRDA:59,2,0,0
BRDA:59,2,1,0
BRDA:89,3,0,0
BRDA:97,4,0,0
BRDA:97,4,1,0
BRDA:100,5,0,0
BRDA:100,5,1,0
BRDA:100,5,2,0
BRDA:129,6,0,0
BRDA:134,7,0,0
BRDA:134,8,0,0
BRDA:134,8,1,0
BRDA:138,9,0,0
BRDA:147,10,0,0
BRDA:150,11,0,0
BRDA:158,12,0,0
BRDA:159,13,0,0
BRDA:159,13,1,0
BRDA:161,14,0,0
BRDA:162,15,0,0
BRDA:185,16,0,0
BRDA:200,17,0,0
BRDA:214,18,0,0
BRDA:260,19,0,0
BRDA:267,20,0,0
BRDA:267,21,0,0
BRDA:267,21,1,0
BRDA:294,22,0,0
BRDA:310,23,0,0
BRDA:318,24,0,0
BRDA:324,25,0,0
BRDA:324,25,1,0
BRDA:327,26,0,0
BRDA:327,26,1,0
BRDA:330,27,0,0
BRDA:330,27,1,0
BRDA:337,28,0,0
BRDA:352,29,0,0
BRDA:352,29,1,0
BRDA:359,30,0,0
BRDA:359,30,1,0
BRDA:377,31,0,0
BRDA:379,32,0,0
BRDA:383,33,0,0
BRDA:383,33,1,0
BRDA:383,34,0,0
BRDA:383,34,1,0
BRDA:421,35,0,0
BRDA:421,35,1,0
BRDA:421,36,0,0
BRDA:421,36,1,0
BRDA:423,37,0,0
BRDA:423,38,0,0
BRDA:423,38,1,0
BRDA:436,39,0,0
BRDA:450,40,0,0
BRDA:450,40,1,0
BRDA:453,41,0,0
BRDA:453,41,1,0
BRDA:460,42,0,0
BRDA:467,43,0,0
BRDA:467,43,1,0
BRDA:474,44,0,0
BRF:67
BRH:0
end_of_record
TN:
SF:src/content/main-simple.js
FN:37,initializeExtension
FN:96,(anonymous_1)
FN:107,(anonymous_2)
FN:118,(anonymous_3)
FN:125,(anonymous_4)
FN:158,(anonymous_5)
FN:258,(anonymous_6)
FN:268,enableFeishuSpecialHandling
FN:284,(anonymous_8)
FN:286,(anonymous_9)
FN:342,(anonymous_10)
FN:348,(anonymous_11)
FN:350,(anonymous_12)
FN:351,(anonymous_13)
FN:352,(anonymous_14)
FN:359,(anonymous_15)
FN:360,(anonymous_16)
FN:362,(anonymous_17)
FN:365,(anonymous_18)
FN:370,(anonymous_19)
FN:386,(anonymous_20)
FN:387,(anonymous_21)
FN:389,(anonymous_22)
FN:401,debugLinkHandling
FN:413,(anonymous_24)
FN:435,enableTargetBlankMode
FN:466,markAllLinksWithTarget
FN:472,(anonymous_27)
FN:505,(anonymous_28)
FN:522,removeTargetBlankFromLinks
FN:528,(anonymous_30)
FN:568,startTargetBlankObserver
FN:572,(anonymous_32)
FN:575,(anonymous_33)
FN:577,(anonymous_34)
FN:612,stopTargetBlankObserver
FN:623,cleanup
FN:627,(anonymous_37)
FN:671,(anonymous_38)
FN:686,(anonymous_39)
FN:692,(anonymous_40)
FN:697,(anonymous_41)
FN:736,enableTextSelection
FN:835,(anonymous_43)
FN:849,disableTextSelection
FN:866,restoreRightClick
FN:875,(anonymous_46)
FN:904,restoreKeyboardShortcuts
FN:921,(anonymous_48)
FN:937,removeElementSelectRestrictions
FN:966,extractImagesFromPage
FN:974,(anonymous_51)
FN:992,(anonymous_52)
FN:999,(anonymous_53)
FN:1025,extractVideosFromPage
FN:1033,(anonymous_55)
FN:1051,(anonymous_56)
FN:1076,extractAudioFromPage
FN:1084,(anonymous_58)
FN:1100,(anonymous_59)
FNF:60
FNH:0
FNDA:0,initializeExtension
FNDA:0,(anonymous_1)
FNDA:0,(anonymous_2)
FNDA:0,(anonymous_3)
FNDA:0,(anonymous_4)
FNDA:0,(anonymous_5)
FNDA:0,(anonymous_6)
FNDA:0,enableFeishuSpecialHandling
FNDA:0,(anonymous_8)
FNDA:0,(anonymous_9)
FNDA:0,(anonymous_10)
FNDA:0,(anonymous_11)
FNDA:0,(anonymous_12)
FNDA:0,(anonymous_13)
FNDA:0,(anonymous_14)
FNDA:0,(anonymous_15)
FNDA:0,(anonymous_16)
FNDA:0,(anonymous_17)
FNDA:0,(anonymous_18)
FNDA:0,(anonymous_19)
FNDA:0,(anonymous_20)
FNDA:0,(anonymous_21)
FNDA:0,(anonymous_22)
FNDA:0,debugLinkHandling
FNDA:0,(anonymous_24)
FNDA:0,enableTargetBlankMode
FNDA:0,markAllLinksWithTarget
FNDA:0,(anonymous_27)
FNDA:0,(anonymous_28)
FNDA:0,removeTargetBlankFromLinks
FNDA:0,(anonymous_30)
FNDA:0,startTargetBlankObserver
FNDA:0,(anonymous_32)
FNDA:0,(anonymous_33)
FNDA:0,(anonymous_34)
FNDA:0,stopTargetBlankObserver
FNDA:0,cleanup
FNDA:0,(anonymous_37)
FNDA:0,(anonymous_38)
FNDA:0,(anonymous_39)
FNDA:0,(anonymous_40)
FNDA:0,(anonymous_41)
FNDA:0,enableTextSelection
FNDA:0,(anonymous_43)
FNDA:0,disableTextSelection
FNDA:0,restoreRightClick
FNDA:0,(anonymous_46)
FNDA:0,restoreKeyboardShortcuts
FNDA:0,(anonymous_48)
FNDA:0,removeElementSelectRestrictions
FNDA:0,extractImagesFromPage
FNDA:0,(anonymous_51)
FNDA:0,(anonymous_52)
FNDA:0,(anonymous_53)
FNDA:0,extractVideosFromPage
FNDA:0,(anonymous_55)
FNDA:0,(anonymous_56)
FNDA:0,extractAudioFromPage
FNDA:0,(anonymous_58)
FNDA:0,(anonymous_59)
DA:5,0
DA:6,0
DA:7,0
DA:10,0
DA:11,0
DA:13,0
DA:14,0
DA:17,0
DA:20,0
DA:23,0
DA:24,0
DA:25,0
DA:26,0
DA:27,0
DA:30,0
DA:32,0
DA:38,0
DA:39,0
DA:42,0
DA:43,0
DA:45,0
DA:48,0
DA:50,0
DA:51,0
DA:52,0
DA:56,0
DA:57,0
DA:58,0
DA:62,0
DA:63,0
DA:64,0
DA:69,0
DA:70,0
DA:71,0
DA:72,0
DA:75,0
DA:76,0
DA:77,0
DA:80,0
DA:81,0
DA:82,0
DA:86,0
DA:89,0
DA:94,0
DA:95,0
DA:96,0
DA:97,0
DA:101,0
DA:107,0
DA:108,0
DA:109,0
DA:110,0
DA:113,0
DA:117,0
DA:118,0
DA:119,0
DA:122,0
DA:125,0
DA:126,0
DA:128,0
DA:129,0
DA:131,0
DA:134,0
DA:135,0
DA:139,0
DA:150,0
DA:151,0
DA:152,0
DA:156,0
DA:157,0
DA:158,0
DA:159,0
DA:160,0
DA:161,0
DA:163,0
DA:167,0
DA:172,0
DA:173,0
DA:174,0
DA:178,0
DA:180,0
DA:182,0
DA:184,0
DA:185,0
DA:189,0
DA:190,0
DA:191,0
DA:195,0
DA:196,0
DA:197,0
DA:201,0
DA:202,0
DA:203,0
DA:207,0
DA:208,0
DA:209,0
DA:210,0
DA:214,0
DA:215,0
DA:216,0
DA:217,0
DA:221,0
DA:222,0
DA:223,0
DA:224,0
DA:228,0
DA:229,0
DA:230,0
DA:234,0
DA:235,0
DA:236,0
DA:240,0
DA:241,0
DA:242,0
DA:245,0
DA:246,0
DA:250,0
DA:251,0
DA:254,0
DA:257,0
DA:258,0
DA:259,0
DA:262,0
DA:263,0
DA:269,0
DA:272,0
DA:284,0
DA:285,0
DA:286,0
DA:287,0
DA:288,0
DA:289,0
DA:290,0
DA:293,0
DA:294,0
DA:295,0
DA:296,0
DA:297,0
DA:300,0
DA:301,0
DA:302,0
DA:307,0
DA:308,0
DA:309,0
DA:337,0
DA:340,0
DA:341,0
DA:342,0
DA:343,0
DA:344,0
DA:347,0
DA:348,0
DA:352,0
DA:359,0
DA:360,0
DA:361,0
DA:362,0
DA:363,0
DA:365,0
DA:366,0
DA:367,0
DA:369,0
DA:370,0
DA:371,0
DA:380,0
DA:386,0
DA:387,0
DA:388,0
DA:389,0
DA:390,0
DA:395,0
DA:402,0
DA:403,0
DA:404,0
DA:406,0
DA:407,0
DA:409,0
DA:410,0
DA:413,0
DA:414,0
DA:415,0
DA:426,0
DA:430,0
DA:436,0
DA:438,0
DA:440,0
DA:443,0
DA:446,0
DA:448,0
DA:451,0
DA:454,0
DA:457,0
DA:459,0
DA:467,0
DA:468,0
DA:469,0
DA:470,0
DA:472,0
DA:473,0
DA:474,0
DA:475,0
DA:478,0
DA:480,0
DA:481,0
DA:484,0
DA:485,0
DA:490,0
DA:491,0
DA:495,0
DA:496,0
DA:500,0
DA:503,0
DA:504,0
DA:505,0
DA:506,0
DA:507,0
DA:508,0
DA:516,0
DA:524,0
DA:525,0
DA:526,0
DA:528,0
DA:530,0
DA:531,0
DA:534,0
DA:535,0
DA:536,0
DA:538,0
DA:540,0
DA:544,0
DA:545,0
DA:548,0
DA:549,0
DA:550,0
DA:552,0
DA:554,0
DA:558,0
DA:559,0
DA:562,0
DA:570,0
DA:572,0
DA:573,0
DA:575,0
DA:576,0
DA:577,0
DA:578,0
DA:580,0
DA:581,0
DA:582,0
DA:583,0
DA:584,0
DA:585,0
DA:594,0
DA:595,0
DA:596,0
DA:601,0
DA:606,0
DA:613,0
DA:614,0
DA:615,0
DA:616,0
DA:624,0
DA:627,0
DA:628,0
DA:629,0
DA:631,0
DA:634,0
DA:637,0
DA:640,0
DA:641,0
DA:642,0
DA:646,0
DA:647,0
DA:648,0
DA:649,0
DA:652,0
DA:653,0
DA:654,0
DA:657,0
DA:658,0
DA:659,0
DA:663,0
DA:671,0
DA:672,0
DA:673,0
DA:674,0
DA:678,0
DA:682,0
DA:685,0
DA:686,0
DA:687,0
DA:691,0
DA:692,0
DA:693,0
DA:697,0
DA:698,0
DA:699,0
DA:701,0
DA:702,0
DA:703,0
DA:708,0
DA:709,0
DA:712,0
DA:713,0
DA:721,0
DA:723,0
DA:727,0
DA:730,0
DA:731,0
DA:737,0
DA:740,0
DA:741,0
DA:742,0
DA:746,0
DA:747,0
DA:748,0
DA:820,0
DA:823,0
DA:835,0
DA:836,0
DA:840,0
DA:841,0
DA:843,0
DA:850,0
DA:853,0
DA:854,0
DA:855,0
DA:856,0
DA:860,0
DA:867,0
DA:870,0
DA:871,0
DA:874,0
DA:875,0
DA:876,0
DA:877,0
DA:881,0
DA:882,0
DA:883,0
DA:886,0
DA:887,0
DA:888,0
DA:895,0
DA:897,0
DA:898,0
DA:905,0
DA:908,0
DA:909,0
DA:910,0
DA:913,0
DA:914,0
DA:915,0
DA:916,0
DA:920,0
DA:921,0
DA:922,0
DA:923,0
DA:924,0
DA:925,0
DA:926,0
DA:927,0
DA:930,0
DA:931,0
DA:938,0
DA:939,0
DA:943,0
DA:944,0
DA:945,0
DA:946,0
DA:947,0
DA:950,0
DA:951,0
DA:952,0
DA:953,0
DA:954,0
DA:957,0
DA:958,0
DA:959,0
DA:960,0
DA:967,0
DA:969,0
DA:970,0
DA:973,0
DA:974,0
DA:975,0
DA:976,0
DA:977,0
DA:978,0
DA:991,0
DA:992,0
DA:993,0
DA:994,0
DA:996,0
DA:997,0
DA:998,0
DA:999,0
DA:1000,0
DA:1001,0
DA:1002,0
DA:1003,0
DA:1018,0
DA:1019,0
DA:1026,0
DA:1028,0
DA:1029,0
DA:1032,0
DA:1033,0
DA:1034,0
DA:1035,0
DA:1036,0
DA:1037,0
DA:1050,0
DA:1051,0
DA:1052,0
DA:1053,0
DA:1054,0
DA:1055,0
DA:1069,0
DA:1070,0
DA:1077,0
DA:1079,0
DA:1080,0
DA:1083,0
DA:1084,0
DA:1085,0
DA:1086,0
DA:1087,0
DA:1088,0
DA:1099,0
DA:1100,0
DA:1101,0
DA:1102,0
DA:1103,0
DA:1104,0
DA:1116,0
DA:1117,0
LF:436
LH:0
BRDA:10,0,0,0
BRDA:10,0,1,0
BRDA:13,1,0,0
BRDA:13,1,1,0
BRDA:43,2,0,0
BRDA:43,2,1,0
BRDA:48,3,0,0
BRDA:48,3,1,0
BRDA:48,4,0,0
BRDA:48,4,1,0
BRDA:50,5,0,0
BRDA:50,5,1,0
BRDA:56,6,0,0
BRDA:56,6,1,0
BRDA:62,7,0,0
BRDA:62,7,1,0
BRDA:69,8,0,0
BRDA:69,8,1,0
BRDA:69,9,0,0
BRDA:69,9,1,0
BRDA:70,10,0,0
BRDA:70,10,1,0
BRDA:75,11,0,0
BRDA:75,11,1,0
BRDA:80,12,0,0
BRDA:80,12,1,0
BRDA:94,13,0,0
BRDA:94,13,1,0
BRDA:108,14,0,0
BRDA:108,14,1,0
BRDA:108,15,0,0
BRDA:108,15,1,0
BRDA:109,16,0,0
BRDA:109,16,1,0
BRDA:131,17,0,0
BRDA:131,17,1,0
BRDA:131,17,2,0
BRDA:131,17,3,0
BRDA:131,17,4,0
BRDA:131,17,5,0
BRDA:131,17,6,0
BRDA:131,17,7,0
BRDA:131,17,8,0
BRDA:131,17,9,0
BRDA:131,17,10,0
BRDA:131,17,11,0
BRDA:131,17,12,0
BRDA:131,17,13,0
BRDA:131,17,14,0
BRDA:131,17,15,0
BRDA:131,17,16,0
BRDA:131,17,17,0
BRDA:131,17,18,0
BRDA:131,17,19,0
BRDA:131,17,20,0
BRDA:131,17,21,0
BRDA:131,17,22,0
BRDA:131,17,23,0
BRDA:131,17,24,0
BRDA:131,17,25,0
BRDA:180,18,0,0
BRDA:180,18,1,0
BRDA:180,19,0,0
BRDA:180,19,1,0
BRDA:340,20,0,0
BRDA:340,20,1,0
BRDA:361,21,0,0
BRDA:361,21,1,0
BRDA:363,22,0,0
BRDA:363,22,1,0
BRDA:366,23,0,0
BRDA:366,23,1,0
BRDA:366,24,0,0
BRDA:366,24,1,0
BRDA:414,25,0,0
BRDA:414,25,1,0
BRDA:420,26,0,0
BRDA:420,26,1,0
BRDA:435,27,0,0
BRDA:438,28,0,0
BRDA:438,28,1,0
BRDA:478,29,0,0
BRDA:478,29,1,0
BRDA:490,30,0,0
BRDA:490,30,1,0
BRDA:495,31,0,0
BRDA:495,31,1,0
BRDA:503,32,0,0
BRDA:503,32,1,0
BRDA:504,33,0,0
BRDA:504,33,1,0
BRDA:506,34,0,0
BRDA:506,34,1,0
BRDA:507,35,0,0
BRDA:507,35,1,0
BRDA:530,36,0,0
BRDA:530,36,1,0
BRDA:535,37,0,0
BRDA:535,37,1,0
BRDA:544,38,0,0
BRDA:544,38,1,0
BRDA:549,39,0,0
BRDA:549,39,1,0
BRDA:576,40,0,0
BRDA:576,40,1,0
BRDA:578,41,0,0
BRDA:578,41,1,0
BRDA:580,42,0,0
BRDA:580,42,1,0
BRDA:580,43,0,0
BRDA:580,43,1,0
BRDA:582,44,0,0
BRDA:582,44,1,0
BRDA:584,45,0,0
BRDA:584,45,1,0
BRDA:594,46,0,0
BRDA:594,46,1,0
BRDA:613,47,0,0
BRDA:613,47,1,0
BRDA:640,48,0,0
BRDA:640,48,1,0
BRDA:646,49,0,0
BRDA:646,49,1,0
BRDA:652,50,0,0
BRDA:652,50,1,0
BRDA:657,51,0,0
BRDA:657,51,1,0
BRDA:673,52,0,0
BRDA:673,52,1,0
BRDA:698,53,0,0
BRDA:698,53,1,0
BRDA:701,54,0,0
BRDA:701,54,1,0
BRDA:741,55,0,0
BRDA:741,55,1,0
BRDA:854,56,0,0
BRDA:854,56,1,0
BRDA:882,57,0,0
BRDA:882,57,1,0
BRDA:913,58,0,0
BRDA:913,58,1,0
BRDA:938,59,0,0
BRDA:938,59,1,0
BRDA:938,60,0,0
BRDA:938,60,1,0
BRDA:975,61,0,0
BRDA:975,61,1,0
BRDA:975,61,2,0
BRDA:976,62,0,0
BRDA:976,62,1,0
BRDA:976,63,0,0
BRDA:976,63,1,0
BRDA:981,64,0,0
BRDA:981,64,1,0
BRDA:982,65,0,0
BRDA:982,65,1,0
BRDA:982,65,2,0
BRDA:983,66,0,0
BRDA:983,66,1,0
BRDA:983,66,2,0
BRDA:996,67,0,0
BRDA:996,67,1,0
BRDA:996,68,0,0
BRDA:996,68,1,0
BRDA:998,69,0,0
BRDA:998,69,1,0
BRDA:1001,70,0,0
BRDA:1001,70,1,0
BRDA:1001,71,0,0
BRDA:1001,71,1,0
BRDA:1001,71,2,0
BRDA:1034,72,0,0
BRDA:1034,72,1,0
BRDA:1035,73,0,0
BRDA:1035,73,1,0
BRDA:1035,74,0,0
BRDA:1035,74,1,0
BRDA:1040,75,0,0
BRDA:1040,75,1,0
BRDA:1041,76,0,0
BRDA:1041,76,1,0
BRDA:1042,77,0,0
BRDA:1042,77,1,0
BRDA:1042,77,2,0
BRDA:1043,78,0,0
BRDA:1043,78,1,0
BRDA:1043,78,2,0
BRDA:1053,79,0,0
BRDA:1053,79,1,0
BRDA:1053,80,0,0
BRDA:1053,80,1,0
BRDA:1058,81,0,0
BRDA:1058,81,1,0
BRDA:1059,82,0,0
BRDA:1059,82,1,0
BRDA:1060,83,0,0
BRDA:1060,83,1,0
BRDA:1060,83,2,0
BRDA:1061,84,0,0
BRDA:1061,84,1,0
BRDA:1061,84,2,0
BRDA:1085,85,0,0
BRDA:1085,85,1,0
BRDA:1086,86,0,0
BRDA:1086,86,1,0
BRDA:1086,87,0,0
BRDA:1086,87,1,0
BRDA:1091,88,0,0
BRDA:1091,88,1,0
BRDA:1092,89,0,0
BRDA:1092,89,1,0
BRDA:1102,90,0,0
BRDA:1102,90,1,0
BRDA:1102,91,0,0
BRDA:1102,91,1,0
BRDA:1107,92,0,0
BRDA:1107,92,1,0
BRDA:1108,93,0,0
BRDA:1108,93,1,0
BRF:219
BRH:0
end_of_record
TN:
SF:src/content/main.js
FN:15,(anonymous_0)
FN:32,(anonymous_1)
FN:40,(anonymous_2)
FN:119,(anonymous_3)
FN:122,(anonymous_4)
FN:125,(anonymous_5)
FN:131,(anonymous_6)
FN:148,(anonymous_7)
FN:163,(anonymous_8)
FN:205,(anonymous_9)
FN:219,(anonymous_10)
FN:227,(anonymous_11)
FN:247,(anonymous_12)
FN:256,(anonymous_13)
FN:265,(anonymous_14)
FN:274,(anonymous_15)
FN:276,(anonymous_16)
FN:287,(anonymous_17)
FN:347,(anonymous_18)
FN:371,(anonymous_19)
FN:382,(anonymous_20)
FN:384,(anonymous_21)
FN:398,(anonymous_22)
FN:408,(anonymous_23)
FN:423,(anonymous_24)
FN:424,(anonymous_25)
FN:438,(anonymous_26)
FN:444,(anonymous_27)
FN:461,(anonymous_28)
FN:477,(anonymous_29)
FN:479,(anonymous_30)
FN:485,(anonymous_31)
FN:486,(anonymous_32)
FN:497,(anonymous_33)
FN:498,(anonymous_34)
FN:514,(anonymous_35)
FN:534,(anonymous_36)
FN:549,(anonymous_37)
FN:559,(anonymous_38)
FN:567,(anonymous_39)
FN:592,(anonymous_40)
FN:606,(anonymous_41)
FN:616,(anonymous_42)
FN:624,(anonymous_43)
FN:648,(anonymous_44)
FN:670,(anonymous_45)
FN:674,(anonymous_46)
FN:699,(anonymous_47)
FN:743,(anonymous_48)
FN:765,(anonymous_49)
FN:768,(anonymous_50)
FN:785,(anonymous_51)
FN:811,(anonymous_52)
FN:822,(anonymous_53)
FN:828,(anonymous_54)
FN:835,(anonymous_55)
FN:841,(anonymous_56)
FN:862,(anonymous_57)
FN:873,(anonymous_58)
FN:887,(anonymous_59)
FN:904,(anonymous_60)
FN:909,(anonymous_61)
FN:922,(anonymous_62)
FN:928,(anonymous_63)
FN:935,(anonymous_64)
FN:948,(anonymous_65)
FN:949,(anonymous_66)
FN:955,(anonymous_67)
FN:964,(anonymous_68)
FN:965,(anonymous_69)
FN:971,(anonymous_70)
FN:980,(anonymous_71)
FN:991,(anonymous_72)
FN:998,(anonymous_73)
FN:1018,(anonymous_74)
FN:1026,(anonymous_75)
FN:1033,(anonymous_76)
FNF:77
FNH:0
FNDA:0,(anonymous_0)
FNDA:0,(anonymous_1)
FNDA:0,(anonymous_2)
FNDA:0,(anonymous_3)
FNDA:0,(anonymous_4)
FNDA:0,(anonymous_5)
FNDA:0,(anonymous_6)
FNDA:0,(anonymous_7)
FNDA:0,(anonymous_8)
FNDA:0,(anonymous_9)
FNDA:0,(anonymous_10)
FNDA:0,(anonymous_11)
FNDA:0,(anonymous_12)
FNDA:0,(anonymous_13)
FNDA:0,(anonymous_14)
FNDA:0,(anonymous_15)
FNDA:0,(anonymous_16)
FNDA:0,(anonymous_17)
FNDA:0,(anonymous_18)
FNDA:0,(anonymous_19)
FNDA:0,(anonymous_20)
FNDA:0,(anonymous_21)
FNDA:0,(anonymous_22)
FNDA:0,(anonymous_23)
FNDA:0,(anonymous_24)
FNDA:0,(anonymous_25)
FNDA:0,(anonymous_26)
FNDA:0,(anonymous_27)
FNDA:0,(anonymous_28)
FNDA:0,(anonymous_29)
FNDA:0,(anonymous_30)
FNDA:0,(anonymous_31)
FNDA:0,(anonymous_32)
FNDA:0,(anonymous_33)
FNDA:0,(anonymous_34)
FNDA:0,(anonymous_35)
FNDA:0,(anonymous_36)
FNDA:0,(anonymous_37)
FNDA:0,(anonymous_38)
FNDA:0,(anonymous_39)
FNDA:0,(anonymous_40)
FNDA:0,(anonymous_41)
FNDA:0,(anonymous_42)
FNDA:0,(anonymous_43)
FNDA:0,(anonymous_44)
FNDA:0,(anonymous_45)
FNDA:0,(anonymous_46)
FNDA:0,(anonymous_47)
FNDA:0,(anonymous_48)
FNDA:0,(anonymous_49)
FNDA:0,(anonymous_50)
FNDA:0,(anonymous_51)
FNDA:0,(anonymous_52)
FNDA:0,(anonymous_53)
FNDA:0,(anonymous_54)
FNDA:0,(anonymous_55)
FNDA:0,(anonymous_56)
FNDA:0,(anonymous_57)
FNDA:0,(anonymous_58)
FNDA:0,(anonymous_59)
FNDA:0,(anonymous_60)
FNDA:0,(anonymous_61)
FNDA:0,(anonymous_62)
FNDA:0,(anonymous_63)
FNDA:0,(anonymous_64)
FNDA:0,(anonymous_65)
FNDA:0,(anonymous_66)
FNDA:0,(anonymous_67)
FNDA:0,(anonymous_68)
FNDA:0,(anonymous_69)
FNDA:0,(anonymous_70)
FNDA:0,(anonymous_71)
FNDA:0,(anonymous_72)
FNDA:0,(anonymous_73)
FNDA:0,(anonymous_74)
FNDA:0,(anonymous_75)
FNDA:0,(anonymous_76)
DA:6,0
DA:17,0
DA:18,0
DA:19,0
DA:23,0
DA:24,0
DA:25,0
DA:26,0
DA:33,0
DA:34,0
DA:35,0
DA:40,0
DA:44,0
DA:45,0
DA:46,0
DA:48,0
DA:50,0
DA:51,0
DA:54,0
DA:60,0
DA:89,0
DA:110,0
DA:117,0
DA:120,0
DA:123,0
DA:126,0
DA:130,0
DA:132,0
DA:133,0
DA:135,0
DA:136,0
DA:137,0
DA:138,0
DA:142,0
DA:149,0
DA:150,0
DA:151,0
DA:153,0
DA:154,0
DA:155,0
DA:157,0
DA:164,0
DA:165,0
DA:168,0
DA:169,0
DA:170,0
DA:173,0
DA:174,0
DA:175,0
DA:179,0
DA:180,0
DA:181,0
DA:184,0
DA:185,0
DA:186,0
DA:189,0
DA:190,0
DA:191,0
DA:193,0
DA:196,0
DA:197,0
DA:198,0
DA:206,0
DA:207,0
DA:208,0
DA:209,0
DA:211,0
DA:212,0
DA:221,0
DA:229,0
DA:230,0
DA:234,0
DA:235,0
DA:239,0
DA:240,0
DA:248,0
DA:249,0
DA:250,0
DA:257,0
DA:258,0
DA:259,0
DA:266,0
DA:267,0
DA:268,0
DA:275,0
DA:276,0
DA:277,0
DA:278,0
DA:279,0
DA:281,0
DA:288,0
DA:289,0
DA:291,0
DA:293,0
DA:294,0
DA:297,0
DA:298,0
DA:299,0
DA:302,0
DA:303,0
DA:304,0
DA:307,0
DA:308,0
DA:309,0
DA:312,0
DA:313,0
DA:314,0
DA:318,0
DA:319,0
DA:320,0
DA:324,0
DA:325,0
DA:326,0
DA:330,0
DA:331,0
DA:332,0
DA:333,0
DA:335,0
DA:339,0
DA:340,0
DA:348,0
DA:349,0
DA:350,0
DA:351,0
DA:353,0
DA:372,0
DA:373,0
DA:376,0
DA:384,0
DA:385,0
DA:386,0
DA:389,0
DA:392,0
DA:399,0
DA:400,0
DA:401,0
DA:410,0
DA:411,0
DA:412,0
DA:413,0
DA:414,0
DA:415,0
DA:417,0
DA:424,0
DA:425,0
DA:426,0
DA:427,0
DA:428,0
DA:439,0
DA:440,0
DA:441,0
DA:445,0
DA:446,0
DA:449,0
DA:450,0
DA:453,0
DA:454,0
DA:462,0
DA:470,0
DA:471,0
DA:479,0
DA:480,0
DA:484,0
DA:485,0
DA:486,0
DA:487,0
DA:491,0
DA:498,0
DA:500,0
DA:501,0
DA:502,0
DA:503,0
DA:508,0
DA:515,0
DA:517,0
DA:518,0
DA:519,0
DA:521,0
DA:522,0
DA:523,0
DA:528,0
DA:536,0
DA:537,0
DA:538,0
DA:541,0
DA:550,0
DA:551,0
DA:552,0
DA:553,0
DA:554,0
DA:555,0
DA:556,0
DA:560,0
DA:561,0
DA:569,0
DA:572,0
DA:574,0
DA:575,0
DA:576,0
DA:579,0
DA:580,0
DA:581,0
DA:584,0
DA:586,0
DA:594,0
DA:595,0
DA:596,0
DA:599,0
DA:600,0
DA:601,0
DA:602,0
DA:606,0
DA:607,0
DA:608,0
DA:609,0
DA:610,0
DA:613,0
DA:616,0
DA:618,0
DA:626,0
DA:629,0
DA:645,0
DA:648,0
DA:649,0
DA:650,0
DA:652,0
DA:653,0
DA:654,0
DA:657,0
DA:658,0
DA:662,0
DA:664,0
DA:671,0
DA:672,0
DA:674,0
DA:675,0
DA:676,0
DA:677,0
DA:679,0
DA:680,0
DA:681,0
DA:682,0
DA:685,0
DA:686,0
DA:693,0
DA:701,0
DA:704,0
DA:740,0
DA:743,0
DA:744,0
DA:746,0
DA:747,0
DA:749,0
DA:750,0
DA:751,0
DA:752,0
DA:756,0
DA:757,0
DA:759,0
DA:766,0
DA:768,0
DA:769,0
DA:770,0
DA:771,0
DA:774,0
DA:775,0
DA:779,0
DA:787,0
DA:789,0
DA:790,0
DA:791,0
DA:797,0
DA:800,0
DA:801,0
DA:802,0
DA:805,0
DA:806,0
DA:807,0
DA:811,0
DA:812,0
DA:816,0
DA:823,0
DA:824,0
DA:825,0
DA:828,0
DA:836,0
DA:837,0
DA:839,0
DA:841,0
DA:842,0
DA:844,0
DA:845,0
DA:846,0
DA:847,0
DA:849,0
DA:856,0
DA:863,0
DA:874,0
DA:876,0
DA:878,0
DA:880,0
DA:888,0
DA:889,0
DA:892,0
DA:894,0
DA:905,0
DA:908,0
DA:909,0
DA:910,0
DA:911,0
DA:914,0
DA:923,0
DA:924,0
DA:925,0
DA:929,0
DA:936,0
DA:942,0
DA:949,0
DA:955,0
DA:957,0
DA:958,0
DA:965,0
DA:971,0
DA:973,0
DA:974,0
DA:982,0
DA:983,0
DA:984,0
DA:985,0
DA:992,0
DA:999,0
DA:1001,0
DA:1003,0
DA:1004,0
DA:1006,0
DA:1007,0
DA:1009,0
DA:1011,0
DA:1019,0
DA:1020,0
DA:1027,0
DA:1032,0
DA:1033,0
DA:1034,0
DA:1037,0
LF:345
LH:0
BRDA:18,0,0,0
BRDA:18,0,1,0
BRDA:34,1,0,0
BRDA:34,1,1,0
BRDA:44,2,0,0
BRDA:44,2,1,0
BRDA:131,3,0,0
BRDA:132,4,0,0
BRDA:132,4,1,0
BRDA:173,5,0,0
BRDA:173,5,1,0
BRDA:208,6,0,0
BRDA:208,6,1,0
BRDA:229,7,0,0
BRDA:229,7,1,0
BRDA:234,8,0,0
BRDA:234,8,1,0
BRDA:239,9,0,0
BRDA:239,9,1,0
BRDA:291,10,0,0
BRDA:291,10,1,0
BRDA:291,10,2,0
BRDA:291,10,3,0
BRDA:291,10,4,0
BRDA:291,10,5,0
BRDA:291,10,6,0
BRDA:291,10,7,0
BRDA:291,10,8,0
BRDA:291,10,9,0
BRDA:331,11,0,0
BRDA:331,11,1,0
BRDA:331,12,0,0
BRDA:331,12,1,0
BRDA:385,13,0,0
BRDA:385,13,1,0
BRDA:400,14,0,0
BRDA:400,14,1,0
BRDA:400,15,0,0
BRDA:400,15,1,0
BRDA:410,16,0,0
BRDA:410,16,1,0
BRDA:412,17,0,0
BRDA:412,17,1,0
BRDA:412,18,0,0
BRDA:412,18,1,0
BRDA:412,18,2,0
BRDA:414,19,0,0
BRDA:414,19,1,0
BRDA:414,20,0,0
BRDA:414,20,1,0
BRDA:425,21,0,0
BRDA:425,21,1,0
BRDA:425,22,0,0
BRDA:425,22,1,0
BRDA:445,23,0,0
BRDA:445,23,1,0
BRDA:449,24,0,0
BRDA:449,24,1,0
BRDA:453,25,0,0
BRDA:453,25,1,0
BRDA:500,26,0,0
BRDA:500,26,1,0
BRDA:500,27,0,0
BRDA:500,27,1,0
BRDA:502,28,0,0
BRDA:502,28,1,0
BRDA:517,29,0,0
BRDA:517,29,1,0
BRDA:518,30,0,0
BRDA:518,30,1,0
BRDA:522,31,0,0
BRDA:522,31,1,0
BRDA:528,32,0,0
BRDA:528,32,1,0
BRDA:537,33,0,0
BRDA:537,33,1,0
BRDA:574,34,0,0
BRDA:574,34,1,0
BRDA:579,35,0,0
BRDA:579,35,1,0
BRDA:584,36,0,0
BRDA:584,36,1,0
BRDA:594,37,0,0
BRDA:594,37,1,0
BRDA:599,38,0,0
BRDA:599,38,1,0
BRDA:608,39,0,0
BRDA:608,39,1,0
BRDA:650,40,0,0
BRDA:650,40,1,0
BRDA:650,41,0,0
BRDA:650,41,1,0
BRDA:679,42,0,0
BRDA:679,42,1,0
BRDA:744,43,0,0
BRDA:744,43,1,0
BRDA:744,44,0,0
BRDA:744,44,1,0
BRDA:747,45,0,0
BRDA:747,45,1,0
BRDA:747,46,0,0
BRDA:747,46,1,0
BRDA:749,47,0,0
BRDA:749,47,1,0
BRDA:751,48,0,0
BRDA:751,48,1,0
BRDA:769,49,0,0
BRDA:769,49,1,0
BRDA:793,50,0,0
BRDA:793,50,1,0
BRDA:794,51,0,0
BRDA:794,51,1,0
BRDA:806,52,0,0
BRDA:806,52,1,0
BRDA:822,53,0,0
BRDA:823,54,0,0
BRDA:823,54,1,0
BRDA:823,55,0,0
BRDA:823,55,1,0
BRDA:846,56,0,0
BRDA:846,56,1,0
BRDA:876,57,0,0
BRDA:876,57,1,0
BRDA:911,58,0,0
BRDA:911,58,1,0
BRDA:951,59,0,0
BRDA:951,59,1,0
BRDA:952,60,0,0
BRDA:952,60,1,0
BRDA:953,61,0,0
BRDA:953,61,1,0
BRDA:955,62,0,0
BRDA:955,62,1,0
BRDA:955,62,2,0
BRDA:966,63,0,0
BRDA:966,63,1,0
BRDA:966,63,2,0
BRDA:967,64,0,0
BRDA:967,64,1,0
BRDA:968,65,0,0
BRDA:968,65,1,0
BRDA:969,66,0,0
BRDA:969,66,1,0
BRDA:970,67,0,0
BRDA:970,67,1,0
BRDA:982,68,0,0
BRDA:982,68,1,0
BRDA:982,69,0,0
BRDA:982,69,1,0
BRDA:983,70,0,0
BRDA:983,70,1,0
BRDA:984,71,0,0
BRDA:984,71,1,0
BRDA:1001,72,0,0
BRDA:1001,72,1,0
BRDA:1001,72,2,0
BRDA:1001,72,3,0
BRDA:1020,73,0,0
BRDA:1020,73,1,0
BRDA:1032,74,0,0
BRDA:1032,74,1,0
BRF:161
BRH:0
end_of_record
TN:
SF:src/content/selection-unlock.ts
FN:14,(anonymous_0)
FN:19,(anonymous_1)
FN:29,(anonymous_2)
FN:44,(anonymous_3)
FN:77,(anonymous_4)
FN:103,(anonymous_5)
FN:128,(anonymous_6)
FN:139,(anonymous_7)
FN:196,(anonymous_8)
FN:200,(anonymous_9)
FN:201,(anonymous_10)
FN:215,(anonymous_11)
FN:218,(anonymous_12)
FN:219,(anonymous_13)
FN:236,(anonymous_14)
FN:274,(anonymous_15)
FN:278,(anonymous_16)
FN:288,(anonymous_17)
FN:320,(anonymous_18)
FN:336,(anonymous_19)
FN:350,(anonymous_20)
FN:373,(anonymous_21)
FN:383,(anonymous_22)
FN:394,(anonymous_23)
FN:422,(anonymous_24)
FN:439,(anonymous_25)
FN:454,(anonymous_26)
FN:473,(anonymous_27)
FN:493,(anonymous_28)
FN:502,(anonymous_29)
FN:509,(anonymous_30)
FNF:31
FNH:23
FNDA:22,(anonymous_0)
FNDA:22,(anonymous_1)
FNDA:22,(anonymous_2)
FNDA:1,(anonymous_3)
FNDA:5,(anonymous_4)
FNDA:0,(anonymous_5)
FNDA:0,(anonymous_6)
FNDA:6,(anonymous_7)
FNDA:11,(anonymous_8)
FNDA:44,(anonymous_9)
FNDA:308,(anonymous_10)
FNDA:77,(anonymous_11)
FNDA:11,(anonymous_12)
FNDA:77,(anonymous_13)
FNDA:6,(anonymous_14)
FNDA:5,(anonymous_15)
FNDA:0,(anonymous_16)
FNDA:0,(anonymous_17)
FNDA:4,(anonymous_18)
FNDA:0,(anonymous_19)
FNDA:1,(anonymous_20)
FNDA:0,(anonymous_21)
FNDA:1,(anonymous_22)
FNDA:1,(anonymous_23)
FNDA:1,(anonymous_24)
FNDA:1,(anonymous_25)
FNDA:1,(anonymous_26)
FNDA:0,(anonymous_27)
FNDA:8,(anonymous_28)
FNDA:0,(anonymous_29)
FNDA:1,(anonymous_30)
DA:6,1
DA:8,1
DA:9,22
DA:10,22
DA:12,22
DA:15,22
DA:16,22
DA:20,22
DA:23,22
DA:26,22
DA:30,22
DA:31,22
DA:32,22
DA:33,21
DA:35,21
DA:36,0
DA:37,0
DA:40,1
DA:45,1
DA:47,1
DA:49,1
DA:50,1
DA:51,1
DA:52,1
DA:54,0
DA:55,0
DA:56,0
DA:57,0
DA:59,0
DA:60,0
DA:61,0
DA:63,0
DA:64,0
DA:65,0
DA:67,0
DA:68,0
DA:69,0
DA:71,0
DA:72,0
DA:73,0
DA:78,5
DA:80,4
DA:83,4
DA:86,4
DA:89,4
DA:92,4
DA:94,4
DA:97,4
DA:104,0
DA:106,0
DA:109,0
DA:110,0
DA:111,0
DA:115,0
DA:118,0
DA:119,0
DA:122,0
DA:125,0
DA:129,0
DA:130,0
DA:132,0
DA:141,6
DA:142,1
DA:146,6
DA:147,6
DA:148,6
DA:190,6
DA:197,11
DA:200,11
DA:201,44
DA:202,308
DA:203,308
DA:204,0
DA:210,11
DA:211,11
DA:212,11
DA:215,77
DA:216,11
DA:218,11
DA:219,11
DA:220,77
DA:221,77
DA:222,77
DA:223,77
DA:227,11
DA:230,11
DA:237,6
DA:238,6
DA:241,6
DA:242,6
DA:245,6
DA:246,6
DA:249,6
DA:252,6
DA:255,6
DA:257,6
DA:259,0
DA:261,0
DA:262,0
DA:263,0
DA:264,0
DA:266,0
DA:275,5
DA:278,5
DA:284,0
DA:285,0
DA:288,0
DA:289,0
DA:290,0
DA:291,0
DA:294,0
DA:295,0
DA:299,0
DA:303,0
DA:307,0
DA:311,0
DA:314,5
DA:321,4
DA:323,4
DA:325,4
DA:327,4
DA:328,4
DA:329,4
DA:333,4
DA:336,4
DA:337,0
DA:338,0
DA:342,4
DA:344,4
DA:346,0
DA:351,1
DA:353,1
DA:354,1
DA:355,1
DA:356,1
DA:359,1
DA:360,1
DA:363,1
DA:364,1
DA:366,0
DA:374,0
DA:375,0
DA:376,0
DA:384,1
DA:387,1
DA:388,1
DA:389,1
DA:393,1
DA:394,1
DA:395,1
DA:396,1
DA:400,1
DA:401,1
DA:402,1
DA:405,1
DA:406,1
DA:407,1
DA:414,1
DA:416,1
DA:423,1
DA:426,1
DA:427,1
DA:428,1
DA:431,1
DA:432,1
DA:433,1
DA:434,1
DA:438,1
DA:439,1
DA:440,1
DA:441,1
DA:442,1
DA:443,1
DA:444,1
DA:445,1
DA:448,1
DA:455,1
DA:456,1
DA:457,1
DA:458,1
DA:460,1
DA:461,1
DA:462,1
DA:463,1
DA:466,0
DA:474,0
DA:475,0
DA:476,0
DA:477,0
DA:479,0
DA:480,0
DA:481,0
DA:482,0
DA:483,0
DA:486,0
DA:494,8
DA:503,0
DA:504,0
DA:509,1
DA:511,1
DA:514,1
LF:201
LH:131
BRDA:33,0,0,21
BRDA:33,0,1,1
BRDA:35,1,0,0
BRDA:47,2,0,1
BRDA:47,2,1,0
BRDA:47,2,2,0
BRDA:47,2,3,0
BRDA:47,2,4,0
BRDA:47,2,5,0
BRDA:78,3,0,1
BRDA:104,4,0,0
BRDA:109,5,0,0
BRDA:118,6,0,0
BRDA:129,7,0,0
BRDA:129,7,1,0
BRDA:141,8,0,1
BRDA:203,9,0,0
BRDA:284,10,0,0
BRDA:294,11,0,0
BRDA:294,12,0,0
BRDA:294,12,1,0
BRDA:303,13,0,0
BRDA:303,13,1,0
BRDA:321,14,0,0
BRDA:327,15,0,4
BRDA:337,16,0,0
BRDA:351,17,0,0
BRDA:354,18,0,1
BRDA:359,19,0,1
BRDA:374,20,0,0
BRDA:388,21,0,1
BRDA:401,22,0,1
BRDA:431,23,0,1
BRDA:458,24,0,1
BRDA:458,24,1,0
BRDA:460,25,0,1
BRDA:477,26,0,0
BRDA:477,26,1,0
BRDA:480,27,0,0
BRF:39
BRH:13
end_of_record
TN:
SF:src/content/test.js
FN:20,(anonymous_0)
FNF:1
FNH:0
FNDA:0,(anonymous_0)
DA:2,0
DA:3,0
DA:4,0
DA:5,0
DA:6,0
DA:9,0
DA:10,0
DA:11,0
DA:12,0
DA:13,0
DA:15,0
DA:19,0
DA:20,0
DA:21,0
DA:22,0
DA:23,0
DA:25,0
DA:27,0
DA:30,0
LF:19
LH:0
BRF:0
BRH:0
end_of_record
TN:
SF:src/options/options.js
FN:6,(anonymous_0)
FN:18,(anonymous_1)
FN:41,(anonymous_2)
FN:54,(anonymous_3)
FN:67,(anonymous_4)
FN:90,(anonymous_5)
FN:142,(anonymous_6)
FN:159,(anonymous_7)
FN:191,(anonymous_8)
FN:203,(anonymous_9)
FN:214,(anonymous_10)
FN:223,(anonymous_11)
FN:238,(anonymous_12)
FN:252,(anonymous_13)
FN:254,(anonymous_14)
FN:255,(anonymous_15)
FN:262,(anonymous_16)
FN:266,(anonymous_17)
FN:289,(anonymous_18)
FN:292,(anonymous_19)
FN:294,(anonymous_20)
FN:304,(anonymous_21)
FN:305,(anonymous_22)
FN:309,(anonymous_23)
FN:319,(anonymous_24)
FN:320,(anonymous_25)
FN:324,(anonymous_26)
FN:328,(anonymous_27)
FN:336,(anonymous_28)
FN:337,(anonymous_29)
FN:338,(anonymous_30)
FN:348,(anonymous_31)
FN:353,(anonymous_32)
FN:362,(anonymous_33)
FN:364,(anonymous_34)
FN:369,(anonymous_35)
FN:377,(anonymous_36)
FN:410,(anonymous_37)
FN:432,(anonymous_38)
FN:446,(anonymous_39)
FN:451,(anonymous_40)
FN:466,(anonymous_41)
FN:485,(anonymous_42)
FN:520,(anonymous_43)
FN:551,(anonymous_44)
FN:564,(anonymous_45)
FN:571,(anonymous_46)
FN:603,(anonymous_47)
FN:613,(anonymous_48)
FN:642,(anonymous_49)
FN:647,(anonymous_50)
FN:680,(anonymous_51)
FN:703,(anonymous_52)
FN:711,(anonymous_53)
FN:716,(anonymous_54)
FN:721,(anonymous_55)
FN:726,(anonymous_56)
FN:731,(anonymous_57)
FN:736,(anonymous_58)
FN:741,(anonymous_59)
FN:752,(anonymous_60)
FN:757,(anonymous_61)
FN:762,(anonymous_62)
FN:772,(anonymous_63)
FN:776,(anonymous_64)
FNF:65
FNH:0
FNDA:0,(anonymous_0)
FNDA:0,(anonymous_1)
FNDA:0,(anonymous_2)
FNDA:0,(anonymous_3)
FNDA:0,(anonymous_4)
FNDA:0,(anonymous_5)
FNDA:0,(anonymous_6)
FNDA:0,(anonymous_7)
FNDA:0,(anonymous_8)
FNDA:0,(anonymous_9)
FNDA:0,(anonymous_10)
FNDA:0,(anonymous_11)
FNDA:0,(anonymous_12)
FNDA:0,(anonymous_13)
FNDA:0,(anonymous_14)
FNDA:0,(anonymous_15)
FNDA:0,(anonymous_16)
FNDA:0,(anonymous_17)
FNDA:0,(anonymous_18)
FNDA:0,(anonymous_19)
FNDA:0,(anonymous_20)
FNDA:0,(anonymous_21)
FNDA:0,(anonymous_22)
FNDA:0,(anonymous_23)
FNDA:0,(anonymous_24)
FNDA:0,(anonymous_25)
FNDA:0,(anonymous_26)
FNDA:0,(anonymous_27)
FNDA:0,(anonymous_28)
FNDA:0,(anonymous_29)
FNDA:0,(anonymous_30)
FNDA:0,(anonymous_31)
FNDA:0,(anonymous_32)
FNDA:0,(anonymous_33)
FNDA:0,(anonymous_34)
FNDA:0,(anonymous_35)
FNDA:0,(anonymous_36)
FNDA:0,(anonymous_37)
FNDA:0,(anonymous_38)
FNDA:0,(anonymous_39)
FNDA:0,(anonymous_40)
FNDA:0,(anonymous_41)
FNDA:0,(anonymous_42)
FNDA:0,(anonymous_43)
FNDA:0,(anonymous_44)
FNDA:0,(anonymous_45)
FNDA:0,(anonymous_46)
FNDA:0,(anonymous_47)
FNDA:0,(anonymous_48)
FNDA:0,(anonymous_49)
FNDA:0,(anonymous_50)
FNDA:0,(anonymous_51)
FNDA:0,(anonymous_52)
FNDA:0,(anonymous_53)
FNDA:0,(anonymous_54)
FNDA:0,(anonymous_55)
FNDA:0,(anonymous_56)
FNDA:0,(anonymous_57)
FNDA:0,(anonymous_58)
FNDA:0,(anonymous_59)
FNDA:0,(anonymous_60)
FNDA:0,(anonymous_61)
FNDA:0,(anonymous_62)
FNDA:0,(anonymous_63)
FNDA:0,(anonymous_64)
DA:7,0
DA:8,0
DA:9,0
DA:10,0
DA:12,0
DA:19,0
DA:21,0
DA:22,0
DA:23,0
DA:26,0
DA:29,0
DA:31,0
DA:33,0
DA:34,0
DA:42,0
DA:43,0
DA:44,0
DA:46,0
DA:47,0
DA:55,0
DA:56,0
DA:57,0
DA:59,0
DA:60,0
DA:68,0
DA:69,0
DA:70,0
DA:77,0
DA:78,0
DA:91,0
DA:144,0
DA:147,0
DA:150,0
DA:153,0
DA:161,0
DA:162,0
DA:163,0
DA:164,0
DA:165,0
DA:168,0
DA:169,0
DA:170,0
DA:171,0
DA:172,0
DA:173,0
DA:176,0
DA:177,0
DA:178,0
DA:179,0
DA:180,0
DA:183,0
DA:184,0
DA:185,0
DA:186,0
DA:187,0
DA:190,0
DA:191,0
DA:192,0
DA:193,0
DA:197,0
DA:204,0
DA:205,0
DA:207,0
DA:209,0
DA:210,0
DA:211,0
DA:214,0
DA:215,0
DA:216,0
DA:224,0
DA:225,0
DA:226,0
DA:232,0
DA:239,0
DA:241,0
DA:243,0
DA:245,0
DA:254,0
DA:255,0
DA:256,0
DA:257,0
DA:262,0
DA:263,0
DA:266,0
DA:267,0
DA:271,0
DA:274,0
DA:277,0
DA:280,0
DA:283,0
DA:291,0
DA:292,0
DA:293,0
DA:294,0
DA:295,0
DA:296,0
DA:305,0
DA:306,0
DA:309,0
DA:310,0
DA:311,0
DA:320,0
DA:321,0
DA:324,0
DA:325,0
DA:328,0
DA:329,0
DA:337,0
DA:338,0
DA:339,0
DA:340,0
DA:349,0
DA:350,0
DA:352,0
DA:353,0
DA:354,0
DA:364,0
DA:365,0
DA:369,0
DA:370,0
DA:379,0
DA:388,0
DA:398,0
DA:407,0
DA:408,0
DA:409,0
DA:410,0
DA:411,0
DA:414,0
DA:424,0
DA:433,0
DA:434,0
DA:436,0
DA:441,0
DA:442,0
DA:445,0
DA:446,0
DA:447,0
DA:448,0
DA:458,0
DA:459,0
DA:467,0
DA:468,0
DA:471,0
DA:472,0
DA:473,0
DA:474,0
DA:475,0
DA:477,0
DA:478,0
DA:486,0
DA:487,0
DA:490,0
DA:492,0
DA:493,0
DA:496,0
DA:497,0
DA:498,0
DA:505,0
DA:506,0
DA:507,0
DA:509,0
DA:510,0
DA:512,0
DA:513,0
DA:521,0
DA:522,0
DA:524,0
DA:525,0
DA:526,0
DA:530,0
DA:531,0
DA:532,0
DA:533,0
DA:536,0
DA:537,0
DA:538,0
DA:541,0
DA:542,0
DA:543,0
DA:544,0
DA:545,0
DA:552,0
DA:553,0
DA:554,0
DA:555,0
DA:556,0
DA:557,0
DA:565,0
DA:566,0
DA:567,0
DA:569,0
DA:571,0
DA:572,0
DA:574,0
DA:575,0
DA:576,0
DA:577,0
DA:579,0
DA:580,0
DA:583,0
DA:584,0
DA:587,0
DA:588,0
DA:590,0
DA:591,0
DA:594,0
DA:595,0
DA:597,0
DA:600,0
DA:603,0
DA:604,0
DA:605,0
DA:606,0
DA:614,0
DA:615,0
DA:622,0
DA:623,0
DA:624,0
DA:626,0
DA:627,0
DA:628,0
DA:629,0
DA:631,0
DA:632,0
DA:634,0
DA:635,0
DA:643,0
DA:644,0
DA:645,0
DA:647,0
DA:648,0
DA:649,0
DA:651,0
DA:652,0
DA:653,0
DA:656,0
DA:657,0
DA:660,0
DA:661,0
DA:663,0
DA:664,0
DA:665,0
DA:667,0
DA:669,0
DA:670,0
DA:674,0
DA:681,0
DA:682,0
DA:683,0
DA:686,0
DA:687,0
DA:688,0
DA:689,0
DA:690,0
DA:691,0
DA:693,0
DA:694,0
DA:697,0
DA:700,0
DA:703,0
DA:704,0
DA:712,0
DA:713,0
DA:717,0
DA:718,0
DA:722,0
DA:723,0
DA:727,0
DA:728,0
DA:732,0
DA:733,0
DA:737,0
DA:738,0
DA:742,0
DA:743,0
DA:744,0
DA:745,0
DA:746,0
DA:747,0
DA:753,0
DA:754,0
DA:758,0
DA:759,0
DA:763,0
DA:764,0
DA:769,0
DA:772,0
DA:773,0
DA:776,0
DA:777,0
DA:778,0
DA:779,0
LF:293
LH:0
BRDA:44,0,0,0
BRDA:44,0,1,0
BRDA:57,1,0,0
BRDA:57,1,1,0
BRDA:70,2,0,0
BRDA:70,2,1,0
BRDA:161,3,0,0
BRDA:161,3,1,0
BRDA:162,4,0,0
BRDA:162,4,1,0
BRDA:163,5,0,0
BRDA:163,5,1,0
BRDA:164,6,0,0
BRDA:164,6,1,0
BRDA:165,7,0,0
BRDA:165,7,1,0
BRDA:168,8,0,0
BRDA:168,8,1,0
BRDA:169,9,0,0
BRDA:169,9,1,0
BRDA:170,10,0,0
BRDA:170,10,1,0
BRDA:171,11,0,0
BRDA:171,11,1,0
BRDA:172,12,0,0
BRDA:172,12,1,0
BRDA:173,13,0,0
BRDA:173,13,1,0
BRDA:176,14,0,0
BRDA:176,14,1,0
BRDA:177,15,0,0
BRDA:177,15,1,0
BRDA:178,16,0,0
BRDA:178,16,1,0
BRDA:179,17,0,0
BRDA:179,17,1,0
BRDA:180,18,0,0
BRDA:180,18,1,0
BRDA:183,19,0,0
BRDA:183,19,1,0
BRDA:184,20,0,0
BRDA:184,20,1,0
BRDA:185,21,0,0
BRDA:185,21,1,0
BRDA:186,22,0,0
BRDA:186,22,1,0
BRDA:187,23,0,0
BRDA:187,23,1,0
BRDA:190,24,0,0
BRDA:190,24,1,0
BRDA:193,25,0,0
BRDA:193,25,1,0
BRDA:197,26,0,0
BRDA:197,26,1,0
BRDA:205,27,0,0
BRDA:205,27,1,0
BRDA:209,28,0,0
BRDA:209,28,1,0
BRDA:240,29,0,0
BRDA:240,29,1,0
BRDA:242,30,0,0
BRDA:242,30,1,0
BRDA:244,31,0,0
BRDA:244,31,1,0
BRDA:246,32,0,0
BRDA:246,32,1,0
BRDA:293,33,0,0
BRDA:293,33,1,0
BRDA:310,34,0,0
BRDA:310,34,1,0
BRDA:352,35,0,0
BRDA:352,35,1,0
BRDA:352,36,0,0
BRDA:352,36,1,0
BRDA:447,37,0,0
BRDA:447,37,1,0
BRDA:447,38,0,0
BRDA:447,38,1,0
BRDA:467,39,0,0
BRDA:467,39,1,0
BRDA:486,40,0,0
BRDA:486,40,1,0
BRDA:524,41,0,0
BRDA:524,41,1,0
BRDA:531,42,0,0
BRDA:531,42,1,0
BRDA:536,43,0,0
BRDA:536,43,1,0
BRDA:552,44,0,0
BRDA:552,44,1,0
BRDA:552,45,0,0
BRDA:552,45,1,0
BRDA:575,46,0,0
BRDA:575,46,1,0
BRDA:576,47,0,0
BRDA:576,47,1,0
BRDA:577,48,0,0
BRDA:577,48,1,0
BRDA:579,49,0,0
BRDA:579,49,1,0
BRDA:579,50,0,0
BRDA:579,50,1,0
BRDA:580,51,0,0
BRDA:580,51,1,0
BRDA:587,52,0,0
BRDA:587,52,1,0
BRDA:605,53,0,0
BRDA:605,53,1,0
BRDA:649,54,0,0
BRDA:649,54,1,0
BRDA:656,55,0,0
BRDA:656,55,1,0
BRDA:656,56,0,0
BRDA:656,56,1,0
BRDA:661,57,0,0
BRDA:661,57,1,0
BRDA:680,58,0,0
BRDA:686,59,0,0
BRDA:686,59,1,0
BRDA:689,60,0,0
BRDA:689,60,1,0
BRDA:713,61,0,0
BRDA:713,61,1,0
BRDA:718,62,0,0
BRDA:718,62,1,0
BRDA:723,63,0,0
BRDA:723,63,1,0
BRDA:728,64,0,0
BRDA:728,64,1,0
BRDA:733,65,0,0
BRDA:733,65,1,0
BRDA:738,66,0,0
BRDA:738,66,1,0
BRDA:744,67,0,0
BRDA:744,67,1,0
BRDA:746,68,0,0
BRDA:746,68,1,0
BRDA:754,69,0,0
BRDA:754,69,1,0
BRDA:759,70,0,0
BRDA:759,70,1,0
BRDA:764,71,0,0
BRDA:764,71,1,0
BRDA:764,72,0,0
BRDA:764,72,1,0
BRDA:777,73,0,0
BRDA:777,73,1,0
BRF:147
BRH:0
end_of_record
TN:
SF:src/popup/popup.js
FN:8,(anonymous_0)
FN:11,(anonymous_1)
FN:14,(anonymous_2)
FN:42,(anonymous_3)
FN:53,(anonymous_4)
FN:109,(anonymous_5)
FN:117,(anonymous_6)
FN:138,(anonymous_7)
FN:166,(anonymous_8)
FN:172,(anonymous_9)
FN:173,(anonymous_10)
FN:192,(anonymous_11)
FN:205,(anonymous_12)
FN:214,(anonymous_13)
FN:240,(anonymous_14)
FN:256,(anonymous_15)
FN:262,(anonymous_16)
FN:281,(anonymous_17)
FN:295,(anonymous_18)
FN:306,(anonymous_19)
FN:313,(anonymous_20)
FN:333,(anonymous_21)
FN:366,(anonymous_22)
FN:374,(anonymous_23)
FN:376,(anonymous_24)
FN:381,(anonymous_25)
FN:385,(anonymous_26)
FN:389,(anonymous_27)
FN:394,(anonymous_28)
FN:398,(anonymous_29)
FN:403,(anonymous_30)
FN:407,(anonymous_31)
FN:411,(anonymous_32)
FN:416,(anonymous_33)
FN:420,(anonymous_34)
FN:425,(anonymous_35)
FN:429,(anonymous_36)
FN:437,(anonymous_37)
FN:466,(anonymous_38)
FN:495,(anonymous_39)
FN:524,(anonymous_40)
FN:562,(anonymous_41)
FN:600,(anonymous_42)
FN:633,(anonymous_43)
FN:668,(anonymous_44)
FN:703,(anonymous_45)
FN:718,(anonymous_46)
FN:733,(anonymous_47)
FN:748,(anonymous_48)
FN:755,(anonymous_49)
FN:764,(anonymous_50)
FN:774,(anonymous_51)
FN:784,(anonymous_52)
FN:792,(anonymous_53)
FN:800,(anonymous_54)
FN:812,(anonymous_55)
FN:818,(anonymous_56)
FN:819,(anonymous_57)
FN:836,(anonymous_58)
FN:847,(anonymous_59)
FN:855,(anonymous_60)
FNF:61
FNH:0
FNDA:0,(anonymous_0)
FNDA:0,(anonymous_1)
FNDA:0,(anonymous_2)
FNDA:0,(anonymous_3)
FNDA:0,(anonymous_4)
FNDA:0,(anonymous_5)
FNDA:0,(anonymous_6)
FNDA:0,(anonymous_7)
FNDA:0,(anonymous_8)
FNDA:0,(anonymous_9)
FNDA:0,(anonymous_10)
FNDA:0,(anonymous_11)
FNDA:0,(anonymous_12)
FNDA:0,(anonymous_13)
FNDA:0,(anonymous_14)
FNDA:0,(anonymous_15)
FNDA:0,(anonymous_16)
FNDA:0,(anonymous_17)
FNDA:0,(anonymous_18)
FNDA:0,(anonymous_19)
FNDA:0,(anonymous_20)
FNDA:0,(anonymous_21)
FNDA:0,(anonymous_22)
FNDA:0,(anonymous_23)
FNDA:0,(anonymous_24)
FNDA:0,(anonymous_25)
FNDA:0,(anonymous_26)
FNDA:0,(anonymous_27)
FNDA:0,(anonymous_28)
FNDA:0,(anonymous_29)
FNDA:0,(anonymous_30)
FNDA:0,(anonymous_31)
FNDA:0,(anonymous_32)
FNDA:0,(anonymous_33)
FNDA:0,(anonymous_34)
FNDA:0,(anonymous_35)
FNDA:0,(anonymous_36)
FNDA:0,(anonymous_37)
FNDA:0,(anonymous_38)
FNDA:0,(anonymous_39)
FNDA:0,(anonymous_40)
FNDA:0,(anonymous_41)
FNDA:0,(anonymous_42)
FNDA:0,(anonymous_43)
FNDA:0,(anonymous_44)
FNDA:0,(anonymous_45)
FNDA:0,(anonymous_46)
FNDA:0,(anonymous_47)
FNDA:0,(anonymous_48)
FNDA:0,(anonymous_49)
FNDA:0,(anonymous_50)
FNDA:0,(anonymous_51)
FNDA:0,(anonymous_52)
FNDA:0,(anonymous_53)
FNDA:0,(anonymous_54)
FNDA:0,(anonymous_55)
FNDA:0,(anonymous_56)
FNDA:0,(anonymous_57)
FNDA:0,(anonymous_58)
FNDA:0,(anonymous_59)
FNDA:0,(anonymous_60)
DA:6,0
DA:9,0
DA:12,0
DA:15,0
DA:20,0
DA:43,0
DA:44,0
DA:45,0
DA:47,0
DA:54,0
DA:55,0
DA:58,0
DA:59,0
DA:60,0
DA:62,0
DA:66,0
DA:67,0
DA:68,0
DA:70,0
DA:74,0
DA:75,0
DA:76,0
DA:78,0
DA:79,0
DA:83,0
DA:84,0
DA:85,0
DA:87,0
DA:88,0
DA:92,0
DA:93,0
DA:94,0
DA:96,0
DA:99,0
DA:101,0
DA:102,0
DA:110,0
DA:111,0
DA:118,0
DA:119,0
DA:120,0
DA:126,0
DA:127,0
DA:139,0
DA:140,0
DA:141,0
DA:145,0
DA:146,0
DA:147,0
DA:148,0
DA:152,0
DA:153,0
DA:155,0
DA:157,0
DA:158,0
DA:159,0
DA:167,0
DA:168,0
DA:169,0
DA:172,0
DA:173,0
DA:176,0
DA:180,0
DA:181,0
DA:182,0
DA:185,0
DA:187,0
DA:189,0
DA:190,0
DA:191,0
DA:192,0
DA:194,0
DA:197,0
DA:198,0
DA:200,0
DA:201,0
DA:205,0
DA:215,0
DA:216,0
DA:219,0
DA:220,0
DA:224,0
DA:229,0
DA:232,0
DA:233,0
DA:241,0
DA:243,0
DA:256,0
DA:263,0
DA:283,0
DA:286,0
DA:289,0
DA:296,0
DA:297,0
DA:298,0
DA:299,0
DA:307,0
DA:313,0
DA:314,0
DA:315,0
DA:316,0
DA:319,0
DA:320,0
DA:321,0
DA:327,0
DA:334,0
DA:335,0
DA:336,0
DA:338,0
DA:339,0
DA:340,0
DA:342,0
DA:346,0
DA:347,0
DA:348,0
DA:350,0
DA:354,0
DA:355,0
DA:356,0
DA:358,0
DA:368,0
DA:376,0
DA:377,0
DA:381,0
DA:382,0
DA:385,0
DA:386,0
DA:389,0
DA:390,0
DA:394,0
DA:395,0
DA:398,0
DA:399,0
DA:403,0
DA:404,0
DA:407,0
DA:408,0
DA:411,0
DA:412,0
DA:416,0
DA:417,0
DA:420,0
DA:421,0
DA:425,0
DA:426,0
DA:429,0
DA:430,0
DA:438,0
DA:439,0
DA:440,0
DA:443,0
DA:444,0
DA:445,0
DA:449,0
DA:450,0
DA:456,0
DA:458,0
DA:459,0
DA:467,0
DA:468,0
DA:469,0
DA:472,0
DA:473,0
DA:475,0
DA:480,0
DA:481,0
DA:484,0
DA:485,0
DA:487,0
DA:488,0
DA:496,0
DA:497,0
DA:498,0
DA:501,0
DA:502,0
DA:504,0
DA:509,0
DA:510,0
DA:513,0
DA:514,0
DA:516,0
DA:517,0
DA:525,0
DA:526,0
DA:527,0
DA:529,0
DA:530,0
DA:532,0
DA:535,0
DA:536,0
DA:537,0
DA:541,0
DA:543,0
DA:549,0
DA:551,0
DA:554,0
DA:555,0
DA:563,0
DA:564,0
DA:565,0
DA:567,0
DA:568,0
DA:570,0
DA:573,0
DA:574,0
DA:575,0
DA:579,0
DA:581,0
DA:587,0
DA:589,0
DA:592,0
DA:593,0
DA:601,0
DA:602,0
DA:603,0
DA:605,0
DA:606,0
DA:608,0
DA:611,0
DA:612,0
DA:616,0
DA:620,0
DA:622,0
DA:625,0
DA:626,0
DA:634,0
DA:635,0
DA:636,0
DA:639,0
DA:640,0
DA:642,0
DA:646,0
DA:647,0
DA:648,0
DA:651,0
DA:653,0
DA:657,0
DA:658,0
DA:660,0
DA:661,0
DA:669,0
DA:670,0
DA:671,0
DA:674,0
DA:675,0
DA:677,0
DA:681,0
DA:682,0
DA:683,0
DA:686,0
DA:688,0
DA:692,0
DA:693,0
DA:695,0
DA:696,0
DA:704,0
DA:705,0
DA:706,0
DA:707,0
DA:710,0
DA:711,0
DA:719,0
DA:720,0
DA:721,0
DA:722,0
DA:725,0
DA:726,0
DA:734,0
DA:736,0
DA:737,0
DA:738,0
DA:740,0
DA:741,0
DA:749,0
DA:751,0
DA:752,0
DA:753,0
DA:755,0
DA:756,0
DA:757,0
DA:765,0
DA:767,0
DA:768,0
DA:775,0
DA:777,0
DA:778,0
DA:785,0
DA:793,0
DA:801,0
DA:806,0
DA:813,0
DA:814,0
DA:815,0
DA:818,0
DA:819,0
DA:822,0
DA:824,0
DA:825,0
DA:826,0
DA:829,0
DA:831,0
DA:833,0
DA:834,0
DA:835,0
DA:836,0
DA:838,0
DA:839,0
DA:840,0
DA:842,0
DA:843,0
DA:847,0
DA:855,0
DA:856,0
LF:313
LH:0
BRDA:120,0,0,0
BRDA:120,0,1,0
BRDA:140,1,0,0
BRDA:140,1,1,0
BRDA:140,2,0,0
BRDA:140,2,1,0
BRDA:145,3,0,0
BRDA:145,3,1,0
BRDA:153,4,0,0
BRDA:153,4,1,0
BRDA:166,5,0,0
BRDA:187,6,0,0
BRDA:187,6,1,0
BRDA:219,7,0,0
BRDA:219,7,1,0
BRDA:241,8,0,0
BRDA:241,8,1,0
BRDA:264,9,0,0
BRDA:264,9,1,0
BRDA:265,10,0,0
BRDA:265,10,1,0
BRDA:266,11,0,0
BRDA:266,11,1,0
BRDA:297,12,0,0
BRDA:297,12,1,0
BRDA:297,13,0,0
BRDA:297,13,1,0
BRDA:308,14,0,0
BRDA:308,14,1,0
BRDA:309,15,0,0
BRDA:309,15,1,0
BRDA:310,16,0,0
BRDA:310,16,1,0
BRDA:315,17,0,0
BRDA:315,17,1,0
BRDA:320,18,0,0
BRDA:320,18,1,0
BRDA:338,19,0,0
BRDA:338,19,1,0
BRDA:339,20,0,0
BRDA:339,20,1,0
BRDA:346,21,0,0
BRDA:346,21,1,0
BRDA:347,22,0,0
BRDA:347,22,1,0
BRDA:354,23,0,0
BRDA:354,23,1,0
BRDA:355,24,0,0
BRDA:355,24,1,0
BRDA:444,25,0,0
BRDA:444,25,1,0
BRDA:449,26,0,0
BRDA:449,26,1,0
BRDA:456,27,0,0
BRDA:456,27,1,0
BRDA:468,28,0,0
BRDA:468,28,1,0
BRDA:497,29,0,0
BRDA:497,29,1,0
BRDA:529,30,0,0
BRDA:529,30,1,0
BRDA:535,31,0,0
BRDA:535,31,1,0
BRDA:535,32,0,0
BRDA:535,32,1,0
BRDA:551,33,0,0
BRDA:551,33,1,0
BRDA:567,34,0,0
BRDA:567,34,1,0
BRDA:573,35,0,0
BRDA:573,35,1,0
BRDA:573,36,0,0
BRDA:573,36,1,0
BRDA:589,37,0,0
BRDA:589,37,1,0
BRDA:605,38,0,0
BRDA:605,38,1,0
BRDA:611,39,0,0
BRDA:611,39,1,0
BRDA:622,40,0,0
BRDA:622,40,1,0
BRDA:635,41,0,0
BRDA:635,41,1,0
BRDA:646,42,0,0
BRDA:646,42,1,0
BRDA:646,43,0,0
BRDA:646,43,1,0
BRDA:670,44,0,0
BRDA:670,44,1,0
BRDA:681,45,0,0
BRDA:681,45,1,0
BRDA:681,46,0,0
BRDA:681,46,1,0
BRDA:705,47,0,0
BRDA:705,47,1,0
BRDA:720,48,0,0
BRDA:720,48,1,0
BRDA:734,49,0,0
BRDA:734,49,1,0
BRDA:736,50,0,0
BRDA:736,50,1,0
BRDA:749,51,0,0
BRDA:749,51,1,0
BRDA:765,52,0,0
BRDA:765,52,1,0
BRDA:775,53,0,0
BRDA:775,53,1,0
BRDA:806,54,0,0
BRDA:806,54,1,0
BRDA:812,55,0,0
BRDA:831,56,0,0
BRDA:831,56,1,0
BRF:112
BRH:0
end_of_record
TN:
SF:src/shared/connection-manager.js
FN:6,(anonymous_0)
FN:15,(anonymous_1)
FN:30,(anonymous_2)
FN:31,(anonymous_3)
FN:32,(anonymous_4)
FN:36,(anonymous_5)
FN:51,(anonymous_6)
FN:77,(anonymous_7)
FN:96,(anonymous_8)
FN:128,(anonymous_9)
FN:137,(anonymous_10)
FN:154,(anonymous_11)
FN:160,(anonymous_12)
FN:204,(anonymous_13)
FNF:14
FNH:0
FNDA:0,(anonymous_0)
FNDA:0,(anonymous_1)
FNDA:0,(anonymous_2)
FNDA:0,(anonymous_3)
FNDA:0,(anonymous_4)
FNDA:0,(anonymous_5)
FNDA:0,(anonymous_6)
FNDA:0,(anonymous_7)
FNDA:0,(anonymous_8)
FNDA:0,(anonymous_9)
FNDA:0,(anonymous_10)
FNDA:0,(anonymous_11)
FNDA:0,(anonymous_12)
FNDA:0,(anonymous_13)
DA:7,0
DA:8,0
DA:9,0
DA:16,0
DA:17,0
DA:21,0
DA:23,0
DA:31,0
DA:32,0
DA:33,0
DA:36,0
DA:37,0
DA:39,0
DA:40,0
DA:42,0
DA:52,0
DA:53,0
DA:56,0
DA:57,0
DA:61,0
DA:64,0
DA:65,0
DA:69,0
DA:74,0
DA:77,0
DA:80,0
DA:81,0
DA:82,0
DA:85,0
DA:88,0
DA:89,0
DA:97,0
DA:98,0
DA:99,0
DA:101,0
DA:102,0
DA:103,0
DA:105,0
DA:106,0
DA:107,0
DA:110,0
DA:112,0
DA:114,0
DA:115,0
DA:116,0
DA:119,0
DA:120,0
DA:121,0
DA:123,0
DA:124,0
DA:128,0
DA:138,0
DA:140,0
DA:154,0
DA:161,0
DA:162,0
DA:164,0
DA:165,0
DA:173,0
DA:175,0
DA:176,0
DA:183,0
DA:192,0
DA:205,0
DA:206,0
DA:208,0
DA:210,0
DA:211,0
DA:212,0
DA:215,0
DA:216,0
DA:217,0
DA:221,0
DA:224,0
DA:226,0
DA:227,0
DA:228,0
DA:230,0
DA:231,0
DA:235,0
DA:236,0
DA:242,0
DA:245,0
DA:246,0
LF:84
LH:0
BRDA:21,0,0,0
BRDA:21,0,1,0
BRDA:30,1,0,0
BRDA:39,2,0,0
BRDA:39,2,1,0
BRDA:56,3,0,0
BRDA:56,3,1,0
BRDA:64,4,0,0
BRDA:64,4,1,0
BRDA:81,5,0,0
BRDA:81,5,1,0
BRDA:96,6,0,0
BRDA:97,7,0,0
BRDA:97,7,1,0
BRDA:98,8,0,0
BRDA:98,8,1,0
BRDA:99,9,0,0
BRDA:99,9,1,0
BRDA:112,10,0,0
BRDA:112,10,1,0
BRDA:138,11,0,0
BRDA:138,11,1,0
BRDA:164,12,0,0
BRDA:164,12,1,0
BRDA:175,13,0,0
BRDA:175,13,1,0
BRDA:210,14,0,0
BRDA:210,14,1,0
BRDA:215,15,0,0
BRDA:215,15,1,0
BRDA:226,16,0,0
BRDA:226,16,1,0
BRDA:245,17,0,0
BRDA:245,17,1,0
BRDA:245,18,0,0
BRDA:245,18,1,0
BRF:36
BRH:0
end_of_record
TN:
SF:src/shared/constants.js
FNF:0
FNH:0
DA:6,0
DA:14,0
DA:21,0
DA:28,0
DA:58,0
DA:80,0
DA:83,0
DA:90,0
DA:91,0
LF:9
LH:0
BRDA:90,0,0,0
BRDA:90,0,1,0
BRDA:90,1,0,0
BRDA:90,1,1,0
BRF:4
BRH:0
end_of_record
TN:
SF:src/shared/messaging.ts
FN:21,sendToBg
FN:22,(anonymous_1)
FN:28,(anonymous_2)
FN:41,sendToContent
FN:42,(anonymous_4)
FN:48,(anonymous_5)
FN:61,broadcastToAllTabs
FN:63,(anonymous_7)
FN:65,(anonymous_8)
FN:117,(anonymous_9)
FN:121,(anonymous_10)
FN:122,(anonymous_11)
FN:128,(anonymous_12)
FN:142,(anonymous_13)
FN:146,(anonymous_14)
FN:150,(anonymous_15)
FNF:16
FNH:3
FNDA:4,sendToBg
FNDA:4,(anonymous_1)
FNDA:4,(anonymous_2)
FNDA:0,sendToContent
FNDA:0,(anonymous_4)
FNDA:0,(anonymous_5)
FNDA:0,broadcastToAllTabs
FNDA:0,(anonymous_7)
FNDA:0,(anonymous_8)
FNDA:0,(anonymous_9)
FNDA:0,(anonymous_10)
FNDA:0,(anonymous_11)
FNDA:0,(anonymous_12)
FNDA:0,(anonymous_13)
FNDA:0,(anonymous_14)
FNDA:0,(anonymous_15)
DA:21,1
DA:22,4
DA:23,4
DA:28,4
DA:29,4
DA:30,0
DA:32,4
DA:41,1
DA:42,0
DA:43,0
DA:48,0
DA:49,0
DA:50,0
DA:52,0
DA:61,1
DA:62,0
DA:63,0
DA:64,0
DA:65,0
DA:71,0
DA:77,1
DA:114,1
DA:115,0
DA:118,0
DA:122,0
DA:123,0
DA:124,0
DA:125,0
DA:126,0
DA:127,0
DA:128,0
DA:129,0
DA:131,0
DA:133,0
DA:136,0
DA:143,0
DA:147,0
DA:151,0
LF:38
LH:10
BRDA:29,0,0,0
BRDA:29,0,1,4
BRDA:32,1,0,4
BRDA:32,1,1,0
BRDA:49,2,0,0
BRDA:49,2,1,0
BRDA:52,3,0,0
BRDA:52,3,1,0
BRDA:64,4,0,0
BRDA:124,5,0,0
BRDA:127,6,0,0
BRDA:127,6,1,0
BRF:12
BRH:2
end_of_record
TN:
SF:src/shared/utils.js
FN:11,(anonymous_0)
FN:15,(anonymous_1)
FN:19,(anonymous_2)
FN:34,(anonymous_3)
FN:35,(anonymous_4)
FN:42,(anonymous_5)
FN:55,(anonymous_6)
FN:69,(anonymous_7)
FN:72,(anonymous_8)
FN:94,(anonymous_9)
FN:116,(anonymous_10)
FN:130,(anonymous_11)
FN:145,(anonymous_12)
FN:156,(anonymous_13)
FN:169,debounce
FN:171,executedFunction
FN:172,(anonymous_16)
FN:187,throttle
FN:189,(anonymous_18)
FN:193,(anonymous_19)
FN:202,generateId
FNF:21
FNH:0
FNDA:0,(anonymous_0)
FNDA:0,(anonymous_1)
FNDA:0,(anonymous_2)
FNDA:0,(anonymous_3)
FNDA:0,(anonymous_4)
FNDA:0,(anonymous_5)
FNDA:0,(anonymous_6)
FNDA:0,(anonymous_7)
FNDA:0,(anonymous_8)
FNDA:0,(anonymous_9)
FNDA:0,(anonymous_10)
FNDA:0,(anonymous_11)
FNDA:0,(anonymous_12)
FNDA:0,(anonymous_13)
FNDA:0,debounce
FNDA:0,executedFunction
FNDA:0,(anonymous_16)
FNDA:0,throttle
FNDA:0,(anonymous_18)
FNDA:0,(anonymous_19)
FNDA:0,generateId
DA:8,0
DA:12,0
DA:16,0
DA:20,0
DA:27,0
DA:35,0
DA:36,0
DA:37,0
DA:38,0
DA:39,0
DA:42,0
DA:43,0
DA:44,0
DA:45,0
DA:46,0
DA:50,0
DA:55,0
DA:56,0
DA:57,0
DA:70,0
DA:72,0
DA:73,0
DA:74,0
DA:75,0
DA:76,0
DA:78,0
DA:82,0
DA:83,0
DA:86,0
DA:96,0
DA:97,0
DA:100,0
DA:101,0
DA:102,0
DA:103,0
DA:110,0
DA:117,0
DA:118,0
DA:119,0
DA:121,0
DA:131,0
DA:132,0
DA:133,0
DA:134,0
DA:136,0
DA:146,0
DA:147,0
DA:148,0
DA:157,0
DA:158,0
DA:159,0
DA:171,0
DA:172,0
DA:173,0
DA:174,0
DA:176,0
DA:177,0
DA:189,0
DA:190,0
DA:191,0
DA:192,0
DA:193,0
DA:203,0
DA:207,0
DA:208,0
LF:65
LH:0
BRDA:34,0,0,0
BRDA:37,1,0,0
BRDA:37,1,1,0
BRDA:44,2,0,0
BRDA:44,2,1,0
BRDA:69,3,0,0
BRDA:69,4,0,0
BRDA:73,5,0,0
BRDA:73,5,1,0
BRDA:75,6,0,0
BRDA:75,6,1,0
BRDA:75,7,0,0
BRDA:75,7,1,0
BRDA:82,8,0,0
BRDA:82,8,1,0
BRDA:94,9,0,0
BRDA:96,10,0,0
BRDA:96,10,1,0
BRDA:190,11,0,0
BRDA:190,11,1,0
BRDA:207,12,0,0
BRDA:207,12,1,0
BRDA:207,13,0,0
BRDA:207,13,1,0
BRF:24
BRH:0
end_of_record
TN:
SF:src/sidepanel/sidepanel.js
FN:6,(anonymous_0)
FN:22,(anonymous_1)
FN:52,(anonymous_2)
FN:60,(anonymous_3)
FN:77,(anonymous_4)
FN:134,(anonymous_5)
FN:150,(anonymous_6)
FN:156,(anonymous_7)
FN:175,(anonymous_8)
FN:192,(anonymous_9)
FN:221,(anonymous_10)
FN:234,(anonymous_11)
FN:245,(anonymous_12)
FN:255,(anonymous_13)
FN:262,(anonymous_14)
FN:273,(anonymous_15)
FN:275,(anonymous_16)
FN:279,(anonymous_17)
FN:284,(anonymous_18)
FN:285,(anonymous_19)
FN:307,(anonymous_20)
FN:309,(anonymous_21)
FN:310,(anonymous_22)
FN:311,(anonymous_23)
FN:312,(anonymous_24)
FN:313,(anonymous_25)
FN:314,(anonymous_26)
FN:315,(anonymous_27)
FN:316,(anonymous_28)
FN:319,(anonymous_29)
FN:322,(anonymous_30)
FN:332,(anonymous_31)
FN:334,(anonymous_32)
FN:338,(anonymous_33)
FN:342,(anonymous_34)
FN:350,(anonymous_35)
FN:351,(anonymous_36)
FN:355,(anonymous_37)
FN:359,(anonymous_38)
FN:364,(anonymous_39)
FN:368,(anonymous_40)
FN:372,(anonymous_41)
FN:380,(anonymous_42)
FN:381,(anonymous_43)
FN:385,(anonymous_44)
FN:389,(anonymous_45)
FN:397,(anonymous_46)
FN:399,(anonymous_47)
FN:404,(anonymous_48)
FN:417,(anonymous_49)
FN:440,(anonymous_50)
FN:463,(anonymous_51)
FN:524,(anonymous_52)
FN:534,(anonymous_53)
FN:587,(anonymous_54)
FN:607,(anonymous_55)
FN:610,(anonymous_56)
FN:619,(anonymous_57)
FN:639,(anonymous_58)
FN:648,(anonymous_59)
FN:652,(anonymous_60)
FN:656,(anonymous_61)
FN:666,(anonymous_62)
FN:673,(anonymous_63)
FN:693,(anonymous_64)
FN:702,(anonymous_65)
FN:717,(anonymous_66)
FN:721,(anonymous_67)
FN:729,(anonymous_68)
FN:730,(anonymous_69)
FN:738,(anonymous_70)
FN:747,(anonymous_71)
FN:756,(anonymous_72)
FN:764,(anonymous_73)
FN:790,(anonymous_74)
FN:795,(anonymous_75)
FN:805,(anonymous_76)
FN:815,(anonymous_77)
FN:817,(anonymous_78)
FN:822,(anonymous_79)
FN:833,(anonymous_80)
FN:840,(anonymous_81)
FN:846,(anonymous_82)
FN:858,(anonymous_83)
FN:862,(anonymous_84)
FN:880,(anonymous_85)
FN:888,(anonymous_86)
FN:894,(anonymous_87)
FN:895,(anonymous_88)
FN:916,(anonymous_89)
FN:928,(anonymous_90)
FN:937,(anonymous_91)
FN:963,(anonymous_92)
FN:969,(anonymous_93)
FN:970,(anonymous_94)
FN:987,(anonymous_95)
FN:998,(anonymous_96)
FN:1009,(anonymous_97)
FNF:98
FNH:0
FNDA:0,(anonymous_0)
FNDA:0,(anonymous_1)
FNDA:0,(anonymous_2)
FNDA:0,(anonymous_3)
FNDA:0,(anonymous_4)
FNDA:0,(anonymous_5)
FNDA:0,(anonymous_6)
FNDA:0,(anonymous_7)
FNDA:0,(anonymous_8)
FNDA:0,(anonymous_9)
FNDA:0,(anonymous_10)
FNDA:0,(anonymous_11)
FNDA:0,(anonymous_12)
FNDA:0,(anonymous_13)
FNDA:0,(anonymous_14)
FNDA:0,(anonymous_15)
FNDA:0,(anonymous_16)
FNDA:0,(anonymous_17)
FNDA:0,(anonymous_18)
FNDA:0,(anonymous_19)
FNDA:0,(anonymous_20)
FNDA:0,(anonymous_21)
FNDA:0,(anonymous_22)
FNDA:0,(anonymous_23)
FNDA:0,(anonymous_24)
FNDA:0,(anonymous_25)
FNDA:0,(anonymous_26)
FNDA:0,(anonymous_27)
FNDA:0,(anonymous_28)
FNDA:0,(anonymous_29)
FNDA:0,(anonymous_30)
FNDA:0,(anonymous_31)
FNDA:0,(anonymous_32)
FNDA:0,(anonymous_33)
FNDA:0,(anonymous_34)
FNDA:0,(anonymous_35)
FNDA:0,(anonymous_36)
FNDA:0,(anonymous_37)
FNDA:0,(anonymous_38)
FNDA:0,(anonymous_39)
FNDA:0,(anonymous_40)
FNDA:0,(anonymous_41)
FNDA:0,(anonymous_42)
FNDA:0,(anonymous_43)
FNDA:0,(anonymous_44)
FNDA:0,(anonymous_45)
FNDA:0,(anonymous_46)
FNDA:0,(anonymous_47)
FNDA:0,(anonymous_48)
FNDA:0,(anonymous_49)
FNDA:0,(anonymous_50)
FNDA:0,(anonymous_51)
FNDA:0,(anonymous_52)
FNDA:0,(anonymous_53)
FNDA:0,(anonymous_54)
FNDA:0,(anonymous_55)
FNDA:0,(anonymous_56)
FNDA:0,(anonymous_57)
FNDA:0,(anonymous_58)
FNDA:0,(anonymous_59)
FNDA:0,(anonymous_60)
FNDA:0,(anonymous_61)
FNDA:0,(anonymous_62)
FNDA:0,(anonymous_63)
FNDA:0,(anonymous_64)
FNDA:0,(anonymous_65)
FNDA:0,(anonymous_66)
FNDA:0,(anonymous_67)
FNDA:0,(anonymous_68)
FNDA:0,(anonymous_69)
FNDA:0,(anonymous_70)
FNDA:0,(anonymous_71)
FNDA:0,(anonymous_72)
FNDA:0,(anonymous_73)
FNDA:0,(anonymous_74)
FNDA:0,(anonymous_75)
FNDA:0,(anonymous_76)
FNDA:0,(anonymous_77)
FNDA:0,(anonymous_78)
FNDA:0,(anonymous_79)
FNDA:0,(anonymous_80)
FNDA:0,(anonymous_81)
FNDA:0,(anonymous_82)
FNDA:0,(anonymous_83)
FNDA:0,(anonymous_84)
FNDA:0,(anonymous_85)
FNDA:0,(anonymous_86)
FNDA:0,(anonymous_87)
FNDA:0,(anonymous_88)
FNDA:0,(anonymous_89)
FNDA:0,(anonymous_90)
FNDA:0,(anonymous_91)
FNDA:0,(anonymous_92)
FNDA:0,(anonymous_93)
FNDA:0,(anonymous_94)
FNDA:0,(anonymous_95)
FNDA:0,(anonymous_96)
FNDA:0,(anonymous_97)
DA:7,0
DA:8,0
DA:9,0
DA:10,0
DA:16,0
DA:23,0
DA:25,0
DA:28,0
DA:31,0
DA:34,0
DA:37,0
DA:40,0
DA:42,0
DA:44,0
DA:45,0
DA:53,0
DA:54,0
DA:61,0
DA:62,0
DA:63,0
DA:69,0
DA:70,0
DA:78,0
DA:79,0
DA:80,0
DA:84,0
DA:85,0
DA:86,0
DA:96,0
DA:100,0
DA:102,0
DA:112,0
DA:115,0
DA:117,0
DA:135,0
DA:137,0
DA:150,0
DA:157,0
DA:159,0
DA:160,0
DA:161,0
DA:162,0
DA:163,0
DA:164,0
DA:166,0
DA:168,0
DA:177,0
DA:180,0
DA:183,0
DA:186,0
DA:193,0
DA:194,0
DA:196,0
DA:197,0
DA:198,0
DA:201,0
DA:202,0
DA:203,0
DA:204,0
DA:205,0
DA:206,0
DA:207,0
DA:208,0
DA:209,0
DA:211,0
DA:212,0
DA:213,0
DA:223,0
DA:234,0
DA:235,0
DA:236,0
DA:237,0
DA:246,0
DA:249,0
DA:256,0
DA:262,0
DA:263,0
DA:264,0
DA:265,0
DA:275,0
DA:276,0
DA:279,0
DA:280,0
DA:284,0
DA:285,0
DA:286,0
DA:287,0
DA:292,0
DA:295,0
DA:298,0
DA:301,0
DA:308,0
DA:309,0
DA:310,0
DA:311,0
DA:312,0
DA:313,0
DA:314,0
DA:315,0
DA:316,0
DA:319,0
DA:320,0
DA:321,0
DA:322,0
DA:323,0
DA:334,0
DA:335,0
DA:338,0
DA:339,0
DA:342,0
DA:343,0
DA:351,0
DA:352,0
DA:355,0
DA:356,0
DA:359,0
DA:360,0
DA:364,0
DA:365,0
DA:368,0
DA:369,0
DA:372,0
DA:373,0
DA:381,0
DA:382,0
DA:385,0
DA:386,0
DA:389,0
DA:390,0
DA:399,0
DA:400,0
DA:404,0
DA:405,0
DA:409,0
DA:410,0
DA:418,0
DA:419,0
DA:420,0
DA:423,0
DA:424,0
DA:430,0
DA:432,0
DA:433,0
DA:441,0
DA:442,0
DA:443,0
DA:446,0
DA:447,0
DA:453,0
DA:455,0
DA:456,0
DA:464,0
DA:465,0
DA:466,0
DA:470,0
DA:471,0
DA:472,0
DA:476,0
DA:478,0
DA:479,0
DA:481,0
DA:482,0
DA:484,0
DA:485,0
DA:487,0
DA:490,0
DA:491,0
DA:494,0
DA:499,0
DA:500,0
DA:501,0
DA:503,0
DA:507,0
DA:509,0
DA:510,0
DA:512,0
DA:513,0
DA:515,0
DA:516,0
DA:517,0
DA:520,0
DA:524,0
DA:525,0
DA:526,0
DA:535,0
DA:536,0
DA:537,0
DA:541,0
DA:542,0
DA:543,0
DA:546,0
DA:547,0
DA:549,0
DA:552,0
DA:556,0
DA:557,0
DA:558,0
DA:559,0
DA:560,0
DA:562,0
DA:566,0
DA:568,0
DA:569,0
DA:571,0
DA:572,0
DA:573,0
DA:576,0
DA:579,0
DA:580,0
DA:588,0
DA:589,0
DA:590,0
DA:592,0
DA:594,0
DA:596,0
DA:597,0
DA:598,0
DA:599,0
DA:602,0
DA:603,0
DA:606,0
DA:607,0
DA:610,0
DA:611,0
DA:612,0
DA:620,0
DA:621,0
DA:622,0
DA:638,0
DA:639,0
DA:640,0
DA:644,0
DA:645,0
DA:646,0
DA:648,0
DA:649,0
DA:652,0
DA:653,0
DA:656,0
DA:657,0
DA:660,0
DA:667,0
DA:674,0
DA:675,0
DA:677,0
DA:678,0
DA:681,0
DA:682,0
DA:683,0
DA:684,0
DA:685,0
DA:686,0
DA:688,0
DA:693,0
DA:694,0
DA:695,0
DA:703,0
DA:705,0
DA:706,0
DA:707,0
DA:709,0
DA:710,0
DA:718,0
DA:720,0
DA:721,0
DA:722,0
DA:730,0
DA:731,0
DA:739,0
DA:744,0
DA:748,0
DA:753,0
DA:757,0
DA:758,0
DA:760,0
DA:766,0
DA:767,0
DA:771,0
DA:772,0
DA:775,0
DA:776,0
DA:777,0
DA:779,0
DA:780,0
DA:781,0
DA:784,0
DA:792,0
DA:796,0
DA:797,0
DA:798,0
DA:800,0
DA:801,0
DA:806,0
DA:807,0
DA:808,0
DA:810,0
DA:811,0
DA:816,0
DA:817,0
DA:818,0
DA:823,0
DA:824,0
DA:825,0
DA:826,0
DA:830,0
DA:834,0
DA:835,0
DA:836,0
DA:837,0
DA:841,0
DA:842,0
DA:847,0
DA:848,0
DA:849,0
DA:850,0
DA:851,0
DA:852,0
DA:853,0
DA:854,0
DA:855,0
DA:859,0
DA:860,0
DA:861,0
DA:862,0
DA:863,0
DA:864,0
DA:865,0
DA:866,0
DA:867,0
DA:868,0
DA:869,0
DA:870,0
DA:871,0
DA:873,0
DA:877,0
DA:881,0
DA:882,0
DA:889,0
DA:890,0
DA:891,0
DA:894,0
DA:895,0
DA:898,0
DA:902,0
DA:903,0
DA:904,0
DA:907,0
DA:909,0
DA:911,0
DA:912,0
DA:915,0
DA:916,0
DA:917,0
DA:920,0
DA:921,0
DA:923,0
DA:924,0
DA:928,0
DA:938,0
DA:939,0
DA:942,0
DA:943,0
DA:947,0
DA:952,0
DA:955,0
DA:956,0
DA:964,0
DA:965,0
DA:966,0
DA:969,0
DA:970,0
DA:973,0
DA:975,0
DA:976,0
DA:977,0
DA:980,0
DA:982,0
DA:984,0
DA:985,0
DA:986,0
DA:987,0
DA:989,0
DA:990,0
DA:991,0
DA:993,0
DA:994,0
DA:998,0
DA:1006,0
DA:1009,0
DA:1010,0
LF:390
LH:0
BRDA:63,0,0,0
BRDA:63,0,1,0
BRDA:79,1,0,0
BRDA:79,1,1,0
BRDA:84,2,0,0
BRDA:84,2,1,0
BRDA:102,3,0,0
BRDA:102,3,1,0
BRDA:118,4,0,0
BRDA:118,4,1,0
BRDA:119,5,0,0
BRDA:119,5,1,0
BRDA:135,6,0,0
BRDA:135,6,1,0
BRDA:157,7,0,0
BRDA:157,7,1,0
BRDA:160,8,0,0
BRDA:160,8,1,0
BRDA:161,9,0,0
BRDA:161,9,1,0
BRDA:162,10,0,0
BRDA:162,10,1,0
BRDA:163,11,0,0
BRDA:163,11,1,0
BRDA:164,12,0,0
BRDA:164,12,1,0
BRDA:196,13,0,0
BRDA:196,13,1,0
BRDA:196,14,0,0
BRDA:196,14,1,0
BRDA:201,15,0,0
BRDA:201,15,1,0
BRDA:202,16,0,0
BRDA:202,16,1,0
BRDA:206,17,0,0
BRDA:206,17,1,0
BRDA:224,18,0,0
BRDA:224,18,1,0
BRDA:225,19,0,0
BRDA:225,19,1,0
BRDA:226,20,0,0
BRDA:226,20,1,0
BRDA:227,21,0,0
BRDA:227,21,1,0
BRDA:228,22,0,0
BRDA:228,22,1,0
BRDA:229,23,0,0
BRDA:229,23,1,0
BRDA:230,24,0,0
BRDA:230,24,1,0
BRDA:231,25,0,0
BRDA:231,25,1,0
BRDA:236,26,0,0
BRDA:236,26,1,0
BRDA:246,27,0,0
BRDA:246,27,1,0
BRDA:264,28,0,0
BRDA:264,28,1,0
BRDA:321,29,0,0
BRDA:321,29,1,0
BRDA:409,30,0,0
BRDA:409,30,1,0
BRDA:423,31,0,0
BRDA:423,31,1,0
BRDA:430,32,0,0
BRDA:430,32,1,0
BRDA:446,33,0,0
BRDA:446,33,1,0
BRDA:453,34,0,0
BRDA:453,34,1,0
BRDA:465,35,0,0
BRDA:465,35,1,0
BRDA:470,36,0,0
BRDA:470,36,1,0
BRDA:476,37,0,0
BRDA:476,37,1,0
BRDA:476,37,2,0
BRDA:476,37,3,0
BRDA:499,38,0,0
BRDA:499,38,1,0
BRDA:503,39,0,0
BRDA:503,39,1,0
BRDA:512,40,0,0
BRDA:512,40,1,0
BRDA:515,41,0,0
BRDA:515,41,1,0
BRDA:536,42,0,0
BRDA:536,42,1,0
BRDA:541,43,0,0
BRDA:541,43,1,0
BRDA:556,44,0,0
BRDA:556,44,1,0
BRDA:556,45,0,0
BRDA:556,45,1,0
BRDA:568,46,0,0
BRDA:568,46,1,0
BRDA:571,47,0,0
BRDA:571,47,1,0
BRDA:592,48,0,0
BRDA:592,48,1,0
BRDA:594,49,0,0
BRDA:594,49,1,0
BRDA:596,50,0,0
BRDA:596,50,1,0
BRDA:624,51,0,0
BRDA:624,51,1,0
BRDA:624,52,0,0
BRDA:624,52,1,0
BRDA:627,53,0,0
BRDA:627,53,1,0
BRDA:627,53,2,0
BRDA:627,54,0,0
BRDA:627,54,1,0
BRDA:631,55,0,0
BRDA:631,55,1,0
BRDA:632,56,0,0
BRDA:632,56,1,0
BRDA:633,57,0,0
BRDA:633,57,1,0
BRDA:673,58,0,0
BRDA:677,59,0,0
BRDA:677,59,1,0
BRDA:681,60,0,0
BRDA:681,60,1,0
BRDA:683,61,0,0
BRDA:683,61,1,0
BRDA:685,62,0,0
BRDA:685,62,1,0
BRDA:694,63,0,0
BRDA:694,63,1,0
BRDA:695,64,0,0
BRDA:695,64,1,0
BRDA:703,65,0,0
BRDA:703,65,1,0
BRDA:705,66,0,0
BRDA:705,66,1,0
BRDA:718,67,0,0
BRDA:718,67,1,0
BRDA:744,68,0,0
BRDA:744,68,1,0
BRDA:753,69,0,0
BRDA:753,69,1,0
BRDA:758,70,0,0
BRDA:758,70,1,0
BRDA:766,71,0,0
BRDA:766,71,1,0
BRDA:766,72,0,0
BRDA:766,72,1,0
BRDA:766,72,2,0
BRDA:766,72,3,0
BRDA:766,72,4,0
BRDA:771,73,0,0
BRDA:771,73,1,0
BRDA:779,74,0,0
BRDA:779,74,1,0
BRDA:824,75,0,0
BRDA:824,75,1,0
BRDA:841,76,0,0
BRDA:841,76,1,0
BRDA:864,77,0,0
BRDA:864,77,1,0
BRDA:888,78,0,0
BRDA:909,79,0,0
BRDA:909,79,1,0
BRDA:942,80,0,0
BRDA:942,80,1,0
BRDA:963,81,0,0
BRDA:982,82,0,0
BRDA:982,82,1,0
BRF:169
BRH:0
end_of_record
